<?xml version="1.0" encoding="UTF-8"?>
<testsuite xmlns:xsi="http://www.w3.org/2001/XMLSchema-instance" xsi:noNamespaceSchemaLocation="https://maven.apache.org/surefire/maven-surefire-plugin/xsd/surefire-test-report-3.0.xsd" version="3.0" name="com.nhnacademy.bookstore.bookCategory.repository.BookCategoryRepositoryTest" time="0.922" tests="5" errors="0" skipped="0" failures="0">
  <properties>
[...]
</properties>
  <testcase name="bookWithCategoryListTest" classname="com.nhnacademy.bookstore.bookCategory.repository.BookCategoryRepositoryTest" time="0.034">
    <system-out><![CDATA[2024-06-24T10:16:24.265+09:00  INFO 77710 --- [3runner-bookstore] [           main] t.c.s.AnnotationConfigContextLoaderUtils : Could not detect default configuration classes for test class [com.nhnacademy.bookstore.bookCategory.repository.BookCategoryRepositoryTest]: BookCategoryRepositoryTest does not declare any static, non-private, non-final, nested classes annotated with @Configuration.
2024-06-24T10:16:24.285+09:00  INFO 77710 --- [3runner-bookstore] [           main] .b.t.c.SpringBootTestContextBootstrapper : Found @SpringBootConfiguration com.nhnacademy.bookstore.BookStore for test class com.nhnacademy.bookstore.bookCategory.repository.BookCategoryRepositoryTest
  .   ____          _            __ _ _
 /\\ / ___'_ __ _ _(_)_ __  __ _ \ \ \ \
( ( )\___ | '_ | '_| | '_ \/ _` | \ \ \ \
 \\/  ___)| |_)| | | | | || (_| |  ) ) ) )
  '  |____| .__|_| |_|_| |_\__, | / / / /
 =========|_|==============|___/=/_/_/_/

 :: Spring Boot ::                (v3.3.0)

2024-06-24T10:16:24.319+09:00  INFO 77710 --- [3runner-bookstore] [           main] c.n.b.b.r.BookCategoryRepositoryTest     : Starting BookCategoryRepositoryTest using Java 21.0.2 with PID 77710 (started by administrator in /Users/administrator/Documents/nhn/3runner/git-repository/3runner-bookstore)
2024-06-24T10:16:24.319+09:00  INFO 77710 --- [3runner-bookstore] [           main] c.n.b.b.r.BookCategoryRepositoryTest     : The following 1 profile is active: "prod"
2024-06-24T10:16:24.406+09:00  INFO 77710 --- [3runner-bookstore] [           main] .s.d.r.c.RepositoryConfigurationDelegate : Multiple Spring Data modules found, entering strict repository configuration mode
2024-06-24T10:16:24.406+09:00  INFO 77710 --- [3runner-bookstore] [           main] .s.d.r.c.RepositoryConfigurationDelegate : Bootstrapping Spring Data JPA repositories in DEFAULT mode.
2024-06-24T10:16:24.441+09:00  INFO 77710 --- [3runner-bookstore] [           main] .s.d.r.c.RepositoryConfigurationDelegate : Finished Spring Data repository scanning in 34 ms. Found 26 JPA repository interfaces.
2024-06-24T10:16:24.459+09:00  INFO 77710 --- [3runner-bookstore] [           main] beddedDataSourceBeanFactoryPostProcessor : Replacing 'dataSource' DataSource bean with embedded version
2024-06-24T10:16:24.473+09:00  INFO 77710 --- [3runner-bookstore] [           main] o.s.j.d.e.EmbeddedDatabaseFactory        : Starting embedded database: url='jdbc:h2:mem:b2e8e112-9b50-4be3-b1f4-9687f49fa4ee;DB_CLOSE_DELAY=-1;DB_CLOSE_ON_EXIT=false', username='sa'
2024-06-24T10:16:24.497+09:00  INFO 77710 --- [3runner-bookstore] [           main] o.hibernate.jpa.internal.util.LogHelper  : HHH000204: Processing PersistenceUnitInfo [name: default]
2024-06-24T10:16:24.500+09:00  INFO 77710 --- [3runner-bookstore] [           main] o.h.c.internal.RegionFactoryInitiator    : HHH000026: Second-level cache disabled
2024-06-24T10:16:24.507+09:00  INFO 77710 --- [3runner-bookstore] [           main] o.s.o.j.p.SpringPersistenceUnitInfo      : No LoadTimeWeaver setup: ignoring JPA class transformer
2024-06-24T10:16:24.793+09:00  INFO 77710 --- [3runner-bookstore] [           main] o.h.e.t.j.p.i.JtaPlatformInitiator       : HHH000489: No JTA platform available (set 'hibernate.transaction.jta.platform' to enable JTA platform integration)
&amp#27;[35m[Hibernate]&amp#27;[0m 
    &amp#27;[34mcreate&amp#27;[0m &amp#27;[34mtable&amp#27;[0m &amp#27;[32m"member"&amp#27;[0m (
        id &amp#27;[34mbigint&amp#27;[0m generated &amp#27;[34mby&amp#27;[0m &amp#27;[34mdefault&amp#27;[0m &amp#27;[34mas&amp#27;[0m &amp#27;[34midentity&amp#27;[0m,
        age &amp#27;[34minteger&amp#27;[0m &amp#27;[34mnot&amp#27;[0m &amp#27;[34mnull&amp#27;[0m,
        birthday &amp#27;[34mtimestamp&amp#27;[0m(6) &amp#27;[34mwith&amp#27;[0m &amp#27;[34mtime&amp#27;[0m zone,
        created_at &amp#27;[34mtimestamp&amp#27;[0m(6) &amp#27;[34mwith&amp#27;[0m &amp#27;[34mtime&amp#27;[0m zone &amp#27;[34mnot&amp#27;[0m &amp#27;[34mnull&amp#27;[0m,
        deleted_at &amp#27;[34mtimestamp&amp#27;[0m(6) &amp#27;[34mwith&amp#27;[0m &amp#27;[34mtime&amp#27;[0m zone,
        email &amp#27;[34mvarchar&amp#27;[0m(255) &amp#27;[34mnot&amp#27;[0m &amp#27;[34mnull&amp#27;[0m,
        grade tinyint &amp#27;[34mnot&amp#27;[0m &amp#27;[34mnull&amp#27;[0m &amp#27;[34mcheck&amp#27;[0m (grade &amp#27;[34mbetween&amp#27;[0m 0 &amp#27;[34mand&amp#27;[0m 3),
        last_login_date &amp#27;[34mtimestamp&amp#27;[0m(6) &amp#27;[34mwith&amp#27;[0m &amp#27;[34mtime&amp#27;[0m zone,
        modified_at &amp#27;[34mtimestamp&amp#27;[0m(6) &amp#27;[34mwith&amp#27;[0m &amp#27;[34mtime&amp#27;[0m zone,
        name &amp#27;[34mvarchar&amp#27;[0m(10) &amp#27;[34mnot&amp#27;[0m &amp#27;[34mnull&amp#27;[0m,
        password &amp#27;[34mvarchar&amp#27;[0m(50) &amp#27;[34mnot&amp#27;[0m &amp#27;[34mnull&amp#27;[0m,
        phone &amp#27;[34mvarchar&amp#27;[0m(11) &amp#27;[34mnot&amp#27;[0m &amp#27;[34mnull&amp#27;[0m,
        point &amp#27;[34mbigint&amp#27;[0m &amp#27;[34mnot&amp#27;[0m &amp#27;[34mnull&amp#27;[0m,
        status tinyint &amp#27;[34mnot&amp#27;[0m &amp#27;[34mnull&amp#27;[0m &amp#27;[34mcheck&amp#27;[0m (status &amp#27;[34mbetween&amp#27;[0m 0 &amp#27;[34mand&amp#27;[0m 2),
        &amp#27;[34mprimary&amp#27;[0m &amp#27;[34mkey&amp#27;[0m (id)
    )
&amp#27;[35m[Hibernate]&amp#27;[0m 
    &amp#27;[34mcreate&amp#27;[0m &amp#27;[34mtable&amp#27;[0m address (
        id &amp#27;[34mbigint&amp#27;[0m generated &amp#27;[34mby&amp#27;[0m &amp#27;[34mdefault&amp#27;[0m &amp#27;[34mas&amp#27;[0m &amp#27;[34midentity&amp#27;[0m,
        city &amp#27;[34mvarchar&amp#27;[0m(100) &amp#27;[34mnot&amp#27;[0m &amp#27;[34mnull&amp#27;[0m,
        country &amp#27;[34mvarchar&amp#27;[0m(100) &amp#27;[34mnot&amp#27;[0m &amp#27;[34mnull&amp#27;[0m,
        name &amp#27;[34mvarchar&amp#27;[0m(20) &amp#27;[34mnot&amp#27;[0m &amp#27;[34mnull&amp#27;[0m,
        postal_code &amp#27;[34mvarchar&amp#27;[0m(20) &amp#27;[34mnot&amp#27;[0m &amp#27;[34mnull&amp#27;[0m,
        road &amp#27;[34mvarchar&amp#27;[0m(100) &amp#27;[34mnot&amp#27;[0m &amp#27;[34mnull&amp#27;[0m,
        state &amp#27;[34mvarchar&amp#27;[0m(100) &amp#27;[34mnot&amp#27;[0m &amp#27;[34mnull&amp#27;[0m,
        &amp#27;[32m"member_id"&amp#27;[0m &amp#27;[34mbigint&amp#27;[0m &amp#27;[34mnot&amp#27;[0m &amp#27;[34mnull&amp#27;[0m,
        &amp#27;[34mprimary&amp#27;[0m &amp#27;[34mkey&amp#27;[0m (id)
    )
&amp#27;[35m[Hibernate]&amp#27;[0m 
    &amp#27;[34mcreate&amp#27;[0m &amp#27;[34mtable&amp#27;[0m auth (
        id &amp#27;[34mbigint&amp#27;[0m generated &amp#27;[34mby&amp#27;[0m &amp#27;[34mdefault&amp#27;[0m &amp#27;[34mas&amp#27;[0m &amp#27;[34midentity&amp#27;[0m,
        name &amp#27;[34mvarchar&amp#27;[0m(50),
        &amp#27;[34mprimary&amp#27;[0m &amp#27;[34mkey&amp#27;[0m (id)
    )
&amp#27;[35m[Hibernate]&amp#27;[0m 
    &amp#27;[34mcreate&amp#27;[0m &amp#27;[34mtable&amp#27;[0m book (
        id &amp#27;[34mbigint&amp#27;[0m generated &amp#27;[34mby&amp#27;[0m &amp#27;[34mdefault&amp#27;[0m &amp#27;[34mas&amp#27;[0m &amp#27;[34midentity&amp#27;[0m,
        author &amp#27;[34mvarchar&amp#27;[0m(50) &amp#27;[34mnot&amp#27;[0m &amp#27;[34mnull&amp#27;[0m,
        created_at &amp#27;[34mtimestamp&amp#27;[0m(6) &amp#27;[34mwith&amp#27;[0m &amp#27;[34mtime&amp#27;[0m zone &amp#27;[34mnot&amp#27;[0m &amp#27;[34mnull&amp#27;[0m,
        description TEXT,
        isbn &amp#27;[34mvarchar&amp#27;[0m(20) &amp#27;[34mnot&amp#27;[0m &amp#27;[34mnull&amp#27;[0m,
        packing &amp#27;[34mboolean&amp#27;[0m &amp#27;[34mnot&amp#27;[0m &amp#27;[34mnull&amp#27;[0m,
        price &amp#27;[34minteger&amp#27;[0m &amp#27;[34mnot&amp#27;[0m &amp#27;[34mnull&amp#27;[0m &amp#27;[34mcheck&amp#27;[0m (price>=0),
        published_date &amp#27;[34mtimestamp&amp#27;[0m(6) &amp#27;[34mwith&amp#27;[0m &amp#27;[34mtime&amp#27;[0m zone,
        publisher &amp#27;[34mvarchar&amp#27;[0m(50) &amp#27;[34mnot&amp#27;[0m &amp#27;[34mnull&amp#27;[0m,
        quantity &amp#27;[34minteger&amp#27;[0m &amp#27;[34mnot&amp#27;[0m &amp#27;[34mnull&amp#27;[0m &amp#27;[34mcheck&amp#27;[0m (quantity>=0),
        selling_price &amp#27;[34minteger&amp#27;[0m &amp#27;[34mnot&amp#27;[0m &amp#27;[34mnull&amp#27;[0m &amp#27;[34mcheck&amp#27;[0m (selling_price>=0),
        title &amp#27;[34mvarchar&amp#27;[0m(50) &amp#27;[34mnot&amp#27;[0m &amp#27;[34mnull&amp#27;[0m,
        view_count &amp#27;[34mint&amp#27;[0m &amp#27;[34mdefault&amp#27;[0m 0 &amp#27;[34mnot&amp#27;[0m &amp#27;[34mnull&amp#27;[0m &amp#27;[34mcheck&amp#27;[0m (view_count>=0),
        &amp#27;[34mprimary&amp#27;[0m &amp#27;[34mkey&amp#27;[0m (id)
    )
&amp#27;[35m[Hibernate]&amp#27;[0m 
    &amp#27;[34mcreate&amp#27;[0m &amp#27;[34mtable&amp#27;[0m book_cart (
        id &amp#27;[34mbigint&amp#27;[0m generated &amp#27;[34mby&amp#27;[0m &amp#27;[34mdefault&amp#27;[0m &amp#27;[34mas&amp#27;[0m &amp#27;[34midentity&amp#27;[0m,
        created_at &amp#27;[34mtimestamp&amp#27;[0m(6) &amp#27;[34mwith&amp#27;[0m &amp#27;[34mtime&amp#27;[0m zone &amp#27;[34mnot&amp#27;[0m &amp#27;[34mnull&amp#27;[0m,
        quantity &amp#27;[34mint&amp#27;[0m &amp#27;[34mdefault&amp#27;[0m 0 &amp#27;[34mnot&amp#27;[0m &amp#27;[34mnull&amp#27;[0m &amp#27;[34mcheck&amp#27;[0m (quantity>=0),
        book_id &amp#27;[34mbigint&amp#27;[0m,
        cart_id &amp#27;[34mbigint&amp#27;[0m,
        &amp#27;[34mprimary&amp#27;[0m &amp#27;[34mkey&amp#27;[0m (id)
    )
&amp#27;[35m[Hibernate]&amp#27;[0m 
    &amp#27;[34mcreate&amp#27;[0m &amp#27;[34mtable&amp#27;[0m book_category (
        id &amp#27;[34mbigint&amp#27;[0m generated &amp#27;[34mby&amp#27;[0m &amp#27;[34mdefault&amp#27;[0m &amp#27;[34mas&amp#27;[0m &amp#27;[34midentity&amp#27;[0m,
        book_id &amp#27;[34mbigint&amp#27;[0m,
        category_id &amp#27;[34mbigint&amp#27;[0m,
        &amp#27;[34mprimary&amp#27;[0m &amp#27;[34mkey&amp#27;[0m (id)
    )
&amp#27;[35m[Hibernate]&amp#27;[0m 
    &amp#27;[34mcreate&amp#27;[0m &amp#27;[34mtable&amp#27;[0m book_image (
        type tinyint &amp#27;[34mnot&amp#27;[0m &amp#27;[34mnull&amp#27;[0m &amp#27;[34mcheck&amp#27;[0m (type &amp#27;[34mbetween&amp#27;[0m 0 &amp#27;[34mand&amp#27;[0m 2),
        url &amp#27;[34mvarchar&amp#27;[0m(50) &amp#27;[34mnot&amp#27;[0m &amp#27;[34mnull&amp#27;[0m,
        book_id &amp#27;[34mbigint&amp#27;[0m &amp#27;[34mnot&amp#27;[0m &amp#27;[34mnull&amp#27;[0m,
        &amp#27;[34mprimary&amp#27;[0m &amp#27;[34mkey&amp#27;[0m (book_id)
    )
&amp#27;[35m[Hibernate]&amp#27;[0m 
    &amp#27;[34mcreate&amp#27;[0m &amp#27;[34mtable&amp#27;[0m book_like (
        id &amp#27;[34mbigint&amp#27;[0m generated &amp#27;[34mby&amp#27;[0m &amp#27;[34mdefault&amp#27;[0m &amp#27;[34mas&amp#27;[0m &amp#27;[34midentity&amp#27;[0m,
        created_at &amp#27;[34mtimestamp&amp#27;[0m(6) &amp#27;[34mwith&amp#27;[0m &amp#27;[34mtime&amp#27;[0m zone &amp#27;[34mnot&amp#27;[0m &amp#27;[34mnull&amp#27;[0m,
        book_id &amp#27;[34mbigint&amp#27;[0m,
        &amp#27;[32m"member_id"&amp#27;[0m &amp#27;[34mbigint&amp#27;[0m,
        &amp#27;[34mprimary&amp#27;[0m &amp#27;[34mkey&amp#27;[0m (id)
    )
&amp#27;[35m[Hibernate]&amp#27;[0m 
    &amp#27;[34mcreate&amp#27;[0m &amp#27;[34mtable&amp#27;[0m book_tag (
        id &amp#27;[34mbigint&amp#27;[0m generated &amp#27;[34mby&amp#27;[0m &amp#27;[34mdefault&amp#27;[0m &amp#27;[34mas&amp#27;[0m &amp#27;[34midentity&amp#27;[0m,
        book_id &amp#27;[34mbigint&amp#27;[0m,
        tag_id &amp#27;[34mbigint&amp#27;[0m,
        &amp#27;[34mprimary&amp#27;[0m &amp#27;[34mkey&amp#27;[0m (id)
    )
&amp#27;[35m[Hibernate]&amp#27;[0m 
    &amp#27;[34mcreate&amp#27;[0m &amp#27;[34mtable&amp#27;[0m cart (
        id &amp#27;[34mbigint&amp#27;[0m generated &amp#27;[34mby&amp#27;[0m &amp#27;[34mdefault&amp#27;[0m &amp#27;[34mas&amp#27;[0m &amp#27;[34midentity&amp#27;[0m,
        &amp#27;[32m"member_id"&amp#27;[0m &amp#27;[34mbigint&amp#27;[0m,
        &amp#27;[34mprimary&amp#27;[0m &amp#27;[34mkey&amp#27;[0m (id)
    )
&amp#27;[35m[Hibernate]&amp#27;[0m 
    &amp#27;[34mcreate&amp#27;[0m &amp#27;[34mtable&amp#27;[0m category (
        id &amp#27;[34mbigint&amp#27;[0m generated &amp#27;[34mby&amp#27;[0m &amp#27;[34mdefault&amp#27;[0m &amp#27;[34mas&amp#27;[0m &amp#27;[34midentity&amp#27;[0m,
        name &amp#27;[34mvarchar&amp#27;[0m(30) &amp#27;[34mnot&amp#27;[0m &amp#27;[34mnull&amp#27;[0m,
        parent_id &amp#27;[34mbigint&amp#27;[0m,
        &amp#27;[34mprimary&amp#27;[0m &amp#27;[34mkey&amp#27;[0m (id)
    )
&amp#27;[35m[Hibernate]&amp#27;[0m 
    &amp#27;[34mcreate&amp#27;[0m &amp#27;[34mtable&amp#27;[0m comment (
        id &amp#27;[34mbigint&amp#27;[0m generated &amp#27;[34mby&amp#27;[0m &amp#27;[34mdefault&amp#27;[0m &amp#27;[34mas&amp#27;[0m &amp#27;[34midentity&amp#27;[0m,
        content &amp#27;[34mvarchar&amp#27;[0m(100) &amp#27;[34mnot&amp#27;[0m &amp#27;[34mnull&amp#27;[0m,
        created_at &amp#27;[34mtimestamp&amp#27;[0m(6) &amp#27;[34mwith&amp#27;[0m &amp#27;[34mtime&amp#27;[0m zone &amp#27;[34mnot&amp#27;[0m &amp#27;[34mnull&amp#27;[0m,
        deleted_at &amp#27;[34mtimestamp&amp#27;[0m(6) &amp#27;[34mwith&amp#27;[0m &amp#27;[34mtime&amp#27;[0m zone,
        status tinyint &amp#27;[34mnot&amp#27;[0m &amp#27;[34mnull&amp#27;[0m &amp#27;[34mcheck&amp#27;[0m (status &amp#27;[34mbetween&amp#27;[0m 0 &amp#27;[34mand&amp#27;[0m 1),
        updated_at &amp#27;[34mtimestamp&amp#27;[0m(6) &amp#27;[34mwith&amp#27;[0m &amp#27;[34mtime&amp#27;[0m zone,
        &amp#27;[32m"member_id"&amp#27;[0m &amp#27;[34mbigint&amp#27;[0m,
        review_id &amp#27;[34mbigint&amp#27;[0m &amp#27;[34mnot&amp#27;[0m &amp#27;[34mnull&amp#27;[0m,
        &amp#27;[34mprimary&amp#27;[0m &amp#27;[34mkey&amp#27;[0m (id)
    )
&amp#27;[35m[Hibernate]&amp#27;[0m 
    &amp#27;[34mcreate&amp#27;[0m &amp#27;[34mtable&amp#27;[0m coupon (
        id &amp#27;[34mbigint&amp#27;[0m generated &amp#27;[34mby&amp#27;[0m &amp#27;[34mdefault&amp#27;[0m &amp#27;[34mas&amp#27;[0m &amp#27;[34midentity&amp#27;[0m,
        coupon_form_id &amp#27;[34mbigint&amp#27;[0m &amp#27;[34mnot&amp#27;[0m &amp#27;[34mnull&amp#27;[0m,
        coupon_status tinyint &amp#27;[34mnot&amp#27;[0m &amp#27;[34mnull&amp#27;[0m &amp#27;[34mcheck&amp#27;[0m (coupon_status &amp#27;[34mbetween&amp#27;[0m 0 &amp#27;[34mand&amp#27;[0m 1),
        issued_at &amp#27;[34mtimestamp&amp#27;[0m(6) &amp#27;[34mwith&amp#27;[0m &amp#27;[34mtime&amp#27;[0m zone &amp#27;[34mnot&amp#27;[0m &amp#27;[34mnull&amp#27;[0m,
        &amp#27;[32m"member_id"&amp#27;[0m &amp#27;[34mbigint&amp#27;[0m,
        &amp#27;[34mprimary&amp#27;[0m &amp#27;[34mkey&amp#27;[0m (id)
    )
&amp#27;[35m[Hibernate]&amp#27;[0m 
    &amp#27;[34mcreate&amp#27;[0m &amp#27;[34mtable&amp#27;[0m member_auth (
        id &amp#27;[34mbigint&amp#27;[0m generated &amp#27;[34mby&amp#27;[0m &amp#27;[34mdefault&amp#27;[0m &amp#27;[34mas&amp#27;[0m &amp#27;[34midentity&amp#27;[0m,
        auth_id &amp#27;[34mbigint&amp#27;[0m &amp#27;[34mnot&amp#27;[0m &amp#27;[34mnull&amp#27;[0m,
        &amp#27;[32m"member_id"&amp#27;[0m &amp#27;[34mbigint&amp#27;[0m &amp#27;[34mnot&amp#27;[0m &amp#27;[34mnull&amp#27;[0m,
        &amp#27;[34mprimary&amp#27;[0m &amp#27;[34mkey&amp#27;[0m (id)
    )
&amp#27;[35m[Hibernate]&amp#27;[0m 
    &amp#27;[34mcreate&amp#27;[0m &amp#27;[34mtable&amp#27;[0m payment (
        id &amp#27;[34mbigint&amp#27;[0m generated &amp#27;[34mby&amp#27;[0m &amp#27;[34mdefault&amp#27;[0m &amp#27;[34mas&amp#27;[0m &amp#27;[34midentity&amp#27;[0m,
        paid_at &amp#27;[34mtimestamp&amp#27;[0m(6) &amp#27;[34mwith&amp#27;[0m &amp#27;[34mtime&amp#27;[0m zone &amp#27;[34mnot&amp#27;[0m &amp#27;[34mnull&amp#27;[0m,
        payment_status tinyint &amp#27;[34mcheck&amp#27;[0m (payment_status &amp#27;[34mbetween&amp#27;[0m 0 &amp#27;[34mand&amp#27;[0m 2),
        payment_type_id &amp#27;[34mbigint&amp#27;[0m,
        purchase_id &amp#27;[34mbigint&amp#27;[0m,
        &amp#27;[34mprimary&amp#27;[0m &amp#27;[34mkey&amp#27;[0m (id)
    )
&amp#27;[35m[Hibernate]&amp#27;[0m 
    &amp#27;[34mcreate&amp#27;[0m &amp#27;[34mtable&amp#27;[0m payment_type (
        id &amp#27;[34mbigint&amp#27;[0m generated &amp#27;[34mby&amp#27;[0m &amp#27;[34mdefault&amp#27;[0m &amp#27;[34mas&amp#27;[0m &amp#27;[34midentity&amp#27;[0m,
        name &amp#27;[34mvarchar&amp#27;[0m(50),
        &amp#27;[34mprimary&amp#27;[0m &amp#27;[34mkey&amp#27;[0m (id)
    )
&amp#27;[35m[Hibernate]&amp#27;[0m 
    &amp#27;[34mcreate&amp#27;[0m &amp#27;[34mtable&amp#27;[0m point_record (
        id &amp#27;[34mbigint&amp#27;[0m generated &amp#27;[34mby&amp#27;[0m &amp#27;[34mdefault&amp#27;[0m &amp#27;[34mas&amp#27;[0m &amp#27;[34midentity&amp#27;[0m,
        content &amp#27;[34mvarchar&amp#27;[0m(100) &amp#27;[34mnot&amp#27;[0m &amp#27;[34mnull&amp#27;[0m,
        created_at &amp#27;[34mtimestamp&amp#27;[0m(6) &amp#27;[34mwith&amp#27;[0m &amp#27;[34mtime&amp#27;[0m zone &amp#27;[34mnot&amp#27;[0m &amp#27;[34mnull&amp#27;[0m,
        member_point &amp#27;[34mbigint&amp#27;[0m &amp#27;[34mnot&amp#27;[0m &amp#27;[34mnull&amp#27;[0m,
        remnant_point &amp#27;[34mbigint&amp#27;[0m &amp#27;[34mnot&amp#27;[0m &amp#27;[34mnull&amp#27;[0m,
        &amp#27;[32m"member_id"&amp#27;[0m &amp#27;[34mbigint&amp#27;[0m &amp#27;[34mnot&amp#27;[0m &amp#27;[34mnull&amp#27;[0m,
        &amp#27;[34mprimary&amp#27;[0m &amp#27;[34mkey&amp#27;[0m (id)
    )
&amp#27;[35m[Hibernate]&amp#27;[0m 
    &amp#27;[34mcreate&amp#27;[0m &amp#27;[34mtable&amp#27;[0m purchase (
        id &amp#27;[34mbigint&amp#27;[0m generated &amp#27;[34mby&amp#27;[0m &amp#27;[34mdefault&amp#27;[0m &amp#27;[34mas&amp#27;[0m &amp#27;[34midentity&amp#27;[0m,
        created_at &amp#27;[34mtimestamp&amp#27;[0m(6) &amp#27;[34mwith&amp#27;[0m &amp#27;[34mtime&amp#27;[0m zone &amp#27;[34mnot&amp#27;[0m &amp#27;[34mnull&amp#27;[0m,
        delivery_price &amp#27;[34minteger&amp#27;[0m &amp#27;[34mnot&amp#27;[0m &amp#27;[34mnull&amp#27;[0m,
        member_type tinyint &amp#27;[34mnot&amp#27;[0m &amp#27;[34mnull&amp#27;[0m &amp#27;[34mcheck&amp#27;[0m (member_type &amp#27;[34mbetween&amp#27;[0m 0 &amp#27;[34mand&amp#27;[0m 1),
        order_number uuid &amp#27;[34mnot&amp#27;[0m &amp#27;[34mnull&amp#27;[0m,
        password &amp#27;[34mvarchar&amp#27;[0m(255),
        road &amp#27;[34mvarchar&amp#27;[0m(255) &amp#27;[34mnot&amp#27;[0m &amp#27;[34mnull&amp#27;[0m,
        status tinyint &amp#27;[34mnot&amp#27;[0m &amp#27;[34mnull&amp#27;[0m &amp#27;[34mcheck&amp#27;[0m (status &amp#27;[34mbetween&amp#27;[0m 0 &amp#27;[34mand&amp#27;[0m 1),
        total_price &amp#27;[34minteger&amp#27;[0m &amp#27;[34mnot&amp#27;[0m &amp#27;[34mnull&amp#27;[0m,
        &amp#27;[32m"member_id"&amp#27;[0m &amp#27;[34mbigint&amp#27;[0m,
        point_record_id &amp#27;[34mbigint&amp#27;[0m,
        &amp#27;[34mprimary&amp#27;[0m &amp#27;[34mkey&amp#27;[0m (id)
    )
&amp#27;[35m[Hibernate]&amp#27;[0m 
    &amp#27;[34mcreate&amp#27;[0m &amp#27;[34mtable&amp#27;[0m purchase_book (
        id &amp#27;[34mbigint&amp#27;[0m generated &amp#27;[34mby&amp#27;[0m &amp#27;[34mdefault&amp#27;[0m &amp#27;[34mas&amp#27;[0m &amp#27;[34midentity&amp#27;[0m,
        price &amp#27;[34minteger&amp#27;[0m &amp#27;[34mnot&amp#27;[0m &amp#27;[34mnull&amp#27;[0m &amp#27;[34mcheck&amp#27;[0m (price>=0),
        quantity &amp#27;[34minteger&amp#27;[0m &amp#27;[34mnot&amp#27;[0m &amp#27;[34mnull&amp#27;[0m &amp#27;[34mcheck&amp#27;[0m (quantity>=0),
        book_id &amp#27;[34mbigint&amp#27;[0m,
        purchase_id &amp#27;[34mbigint&amp#27;[0m,
        &amp#27;[34mprimary&amp#27;[0m &amp#27;[34mkey&amp#27;[0m (id)
    )
&amp#27;[35m[Hibernate]&amp#27;[0m 
    &amp#27;[34mcreate&amp#27;[0m &amp#27;[34mtable&amp#27;[0m purchase_coupon (
        id &amp#27;[34mbigint&amp#27;[0m generated &amp#27;[34mby&amp#27;[0m &amp#27;[34mdefault&amp#27;[0m &amp#27;[34mas&amp#27;[0m &amp#27;[34midentity&amp#27;[0m,
        discount_price &amp#27;[34minteger&amp#27;[0m &amp#27;[34mnot&amp#27;[0m &amp#27;[34mnull&amp#27;[0m,
        coupon_id &amp#27;[34mbigint&amp#27;[0m,
        purchase_id &amp#27;[34mbigint&amp#27;[0m,
        &amp#27;[34mprimary&amp#27;[0m &amp#27;[34mkey&amp#27;[0m (id)
    )
&amp#27;[35m[Hibernate]&amp#27;[0m 
    &amp#27;[34mcreate&amp#27;[0m &amp#27;[34mtable&amp#27;[0m refund (
        id &amp#27;[34mbigint&amp#27;[0m generated &amp#27;[34mby&amp#27;[0m &amp#27;[34mdefault&amp#27;[0m &amp#27;[34mas&amp#27;[0m &amp#27;[34midentity&amp#27;[0m,
        price &amp#27;[34minteger&amp#27;[0m &amp#27;[34mnot&amp#27;[0m &amp#27;[34mnull&amp#27;[0m,
        refund_content &amp#27;[34mvarchar&amp#27;[0m(255),
        refund_status tinyint &amp#27;[34mcheck&amp#27;[0m (refund_status &amp#27;[34mbetween&amp#27;[0m 0 &amp#27;[34mand&amp#27;[0m 2),
        purchase_id &amp#27;[34mbigint&amp#27;[0m,
        &amp#27;[34mprimary&amp#27;[0m &amp#27;[34mkey&amp#27;[0m (id)
    )
&amp#27;[35m[Hibernate]&amp#27;[0m 
    &amp#27;[34mcreate&amp#27;[0m &amp#27;[34mtable&amp#27;[0m review (
        id &amp#27;[34mbigint&amp#27;[0m generated &amp#27;[34mby&amp#27;[0m &amp#27;[34mdefault&amp#27;[0m &amp#27;[34mas&amp#27;[0m &amp#27;[34midentity&amp#27;[0m,
        content &amp#27;[34mvarchar&amp#27;[0m(200) &amp#27;[34mnot&amp#27;[0m &amp#27;[34mnull&amp#27;[0m,
        created_at &amp#27;[34mtimestamp&amp#27;[0m(6) &amp#27;[34mwith&amp#27;[0m &amp#27;[34mtime&amp#27;[0m zone &amp#27;[34mnot&amp#27;[0m &amp#27;[34mnull&amp#27;[0m,
        deleted_at &amp#27;[34mtimestamp&amp#27;[0m(6) &amp#27;[34mwith&amp#27;[0m &amp#27;[34mtime&amp#27;[0m zone,
        deleted_reason &amp#27;[34mvarchar&amp#27;[0m(100),
        rating &amp#27;[34mfloat&amp#27;[0m(53) &amp#27;[34mnot&amp#27;[0m &amp#27;[34mnull&amp#27;[0m,
        review_status tinyint &amp#27;[34mcheck&amp#27;[0m (review_status &amp#27;[34mbetween&amp#27;[0m 0 &amp#27;[34mand&amp#27;[0m 1),
        title &amp#27;[34mvarchar&amp#27;[0m(50) &amp#27;[34mnot&amp#27;[0m &amp#27;[34mnull&amp#27;[0m,
        updated_at &amp#27;[34mtimestamp&amp#27;[0m(6) &amp#27;[34mwith&amp#27;[0m &amp#27;[34mtime&amp#27;[0m zone,
        purchase_book_id &amp#27;[34mbigint&amp#27;[0m,
        &amp#27;[34mprimary&amp#27;[0m &amp#27;[34mkey&amp#27;[0m (id)
    )
&amp#27;[35m[Hibernate]&amp#27;[0m 
    &amp#27;[34mcreate&amp#27;[0m &amp#27;[34mtable&amp#27;[0m review_image (
        id &amp#27;[34mbigint&amp#27;[0m generated &amp#27;[34mby&amp#27;[0m &amp#27;[34mdefault&amp#27;[0m &amp#27;[34mas&amp#27;[0m &amp#27;[34midentity&amp#27;[0m,
        url &amp#27;[34mvarchar&amp#27;[0m(50) &amp#27;[34mnot&amp#27;[0m &amp#27;[34mnull&amp#27;[0m,
        review_id &amp#27;[34mbigint&amp#27;[0m &amp#27;[34mnot&amp#27;[0m &amp#27;[34mnull&amp#27;[0m,
        &amp#27;[34mprimary&amp#27;[0m &amp#27;[34mkey&amp#27;[0m (id)
    )
&amp#27;[35m[Hibernate]&amp#27;[0m 
    &amp#27;[34mcreate&amp#27;[0m &amp#27;[34mtable&amp#27;[0m review_like (
        id &amp#27;[34mbigint&amp#27;[0m generated &amp#27;[34mby&amp#27;[0m &amp#27;[34mdefault&amp#27;[0m &amp#27;[34mas&amp#27;[0m &amp#27;[34midentity&amp#27;[0m,
        created_at &amp#27;[34mtimestamp&amp#27;[0m(6) &amp#27;[34mwith&amp#27;[0m &amp#27;[34mtime&amp#27;[0m zone &amp#27;[34mnot&amp#27;[0m &amp#27;[34mnull&amp#27;[0m,
        &amp#27;[32m"member_id"&amp#27;[0m &amp#27;[34mbigint&amp#27;[0m,
        review_id &amp#27;[34mbigint&amp#27;[0m,
        &amp#27;[34mprimary&amp#27;[0m &amp#27;[34mkey&amp#27;[0m (id)
    )
&amp#27;[35m[Hibernate]&amp#27;[0m 
    &amp#27;[34mcreate&amp#27;[0m &amp#27;[34mtable&amp#27;[0m simple_review (
        content &amp#27;[34mvarchar&amp#27;[0m(100) &amp#27;[34mnot&amp#27;[0m &amp#27;[34mnull&amp#27;[0m,
        created_at &amp#27;[34mtimestamp&amp#27;[0m(6) &amp#27;[34mwith&amp#27;[0m &amp#27;[34mtime&amp#27;[0m zone &amp#27;[34mnot&amp#27;[0m &amp#27;[34mnull&amp#27;[0m,
        updated_at &amp#27;[34mtimestamp&amp#27;[0m(6) &amp#27;[34mwith&amp#27;[0m &amp#27;[34mtime&amp#27;[0m zone,
        purchase_book_id &amp#27;[34mbigint&amp#27;[0m &amp#27;[34mnot&amp#27;[0m &amp#27;[34mnull&amp#27;[0m,
        &amp#27;[34mprimary&amp#27;[0m &amp#27;[34mkey&amp#27;[0m (purchase_book_id)
    )
&amp#27;[35m[Hibernate]&amp#27;[0m 
    &amp#27;[34mcreate&amp#27;[0m &amp#27;[34mtable&amp#27;[0m tag (
        id &amp#27;[34mbigint&amp#27;[0m generated &amp#27;[34mby&amp#27;[0m &amp#27;[34mdefault&amp#27;[0m &amp#27;[34mas&amp#27;[0m &amp#27;[34midentity&amp#27;[0m,
        name &amp#27;[34mvarchar&amp#27;[0m(100) &amp#27;[34mnot&amp#27;[0m &amp#27;[34mnull&amp#27;[0m,
        &amp#27;[34mprimary&amp#27;[0m &amp#27;[34mkey&amp#27;[0m (id)
    )
&amp#27;[35m[Hibernate]&amp#27;[0m 
    &amp#27;[34malter&amp#27;[0m &amp#27;[34mtable&amp#27;[0m &amp#27;[34mif&amp#27;[0m &amp#27;[34mexists&amp#27;[0m &amp#27;[32m"member"&amp#27;[0m 
       &amp#27;[34mdrop&amp#27;[0m &amp#27;[34mconstraint&amp#27;[0m &amp#27;[34mif&amp#27;[0m &amp#27;[34mexists&amp#27;[0m UKf3lohhi7q81maknvxh9pqdg79
&amp#27;[35m[Hibernate]&amp#27;[0m 
    &amp#27;[34malter&amp#27;[0m &amp#27;[34mtable&amp#27;[0m &amp#27;[34mif&amp#27;[0m &amp#27;[34mexists&amp#27;[0m &amp#27;[32m"member"&amp#27;[0m 
       &amp#27;[34madd&amp#27;[0m &amp#27;[34mconstraint&amp#27;[0m UKf3lohhi7q81maknvxh9pqdg79 &amp#27;[34munique&amp#27;[0m (email)
&amp#27;[35m[Hibernate]&amp#27;[0m 
    &amp#27;[34malter&amp#27;[0m &amp#27;[34mtable&amp#27;[0m &amp#27;[34mif&amp#27;[0m &amp#27;[34mexists&amp#27;[0m book_image 
       &amp#27;[34mdrop&amp#27;[0m &amp#27;[34mconstraint&amp#27;[0m &amp#27;[34mif&amp#27;[0m &amp#27;[34mexists&amp#27;[0m UKrkpoh2q56k70tgcb8c2by0g37
&amp#27;[35m[Hibernate]&amp#27;[0m 
    &amp#27;[34malter&amp#27;[0m &amp#27;[34mtable&amp#27;[0m &amp#27;[34mif&amp#27;[0m &amp#27;[34mexists&amp#27;[0m book_image 
       &amp#27;[34madd&amp#27;[0m &amp#27;[34mconstraint&amp#27;[0m UKrkpoh2q56k70tgcb8c2by0g37 &amp#27;[34munique&amp#27;[0m (url)
&amp#27;[35m[Hibernate]&amp#27;[0m 
    &amp#27;[34malter&amp#27;[0m &amp#27;[34mtable&amp#27;[0m &amp#27;[34mif&amp#27;[0m &amp#27;[34mexists&amp#27;[0m cart 
       &amp#27;[34mdrop&amp#27;[0m &amp#27;[34mconstraint&amp#27;[0m &amp#27;[34mif&amp#27;[0m &amp#27;[34mexists&amp#27;[0m UKhmqs4c1tpws83yv8vfu3b0jss
&amp#27;[35m[Hibernate]&amp#27;[0m 
    &amp#27;[34malter&amp#27;[0m &amp#27;[34mtable&amp#27;[0m &amp#27;[34mif&amp#27;[0m &amp#27;[34mexists&amp#27;[0m cart 
       &amp#27;[34madd&amp#27;[0m &amp#27;[34mconstraint&amp#27;[0m UKhmqs4c1tpws83yv8vfu3b0jss &amp#27;[34munique&amp#27;[0m (&amp#27;[32m"member_id"&amp#27;[0m)
&amp#27;[35m[Hibernate]&amp#27;[0m 
    &amp#27;[34malter&amp#27;[0m &amp#27;[34mtable&amp#27;[0m &amp#27;[34mif&amp#27;[0m &amp#27;[34mexists&amp#27;[0m comment 
       &amp#27;[34mdrop&amp#27;[0m &amp#27;[34mconstraint&amp#27;[0m &amp#27;[34mif&amp#27;[0m &amp#27;[34mexists&amp#27;[0m UKqv5v66dfyjbe4j13g62wij5kx
&amp#27;[35m[Hibernate]&amp#27;[0m 
    &amp#27;[34malter&amp#27;[0m &amp#27;[34mtable&amp#27;[0m &amp#27;[34mif&amp#27;[0m &amp#27;[34mexists&amp#27;[0m comment 
       &amp#27;[34madd&amp#27;[0m &amp#27;[34mconstraint&amp#27;[0m UKqv5v66dfyjbe4j13g62wij5kx &amp#27;[34munique&amp#27;[0m (&amp#27;[32m"member_id"&amp#27;[0m)
&amp#27;[35m[Hibernate]&amp#27;[0m 
    &amp#27;[34malter&amp#27;[0m &amp#27;[34mtable&amp#27;[0m &amp#27;[34mif&amp#27;[0m &amp#27;[34mexists&amp#27;[0m purchase 
       &amp#27;[34mdrop&amp#27;[0m &amp#27;[34mconstraint&amp#27;[0m &amp#27;[34mif&amp#27;[0m &amp#27;[34mexists&amp#27;[0m UK9yfe1qfmymvixk9undapnll08
&amp#27;[35m[Hibernate]&amp#27;[0m 
    &amp#27;[34malter&amp#27;[0m &amp#27;[34mtable&amp#27;[0m &amp#27;[34mif&amp#27;[0m &amp#27;[34mexists&amp#27;[0m purchase 
       &amp#27;[34madd&amp#27;[0m &amp#27;[34mconstraint&amp#27;[0m UK9yfe1qfmymvixk9undapnll08 &amp#27;[34munique&amp#27;[0m (order_number)
&amp#27;[35m[Hibernate]&amp#27;[0m 
    &amp#27;[34malter&amp#27;[0m &amp#27;[34mtable&amp#27;[0m &amp#27;[34mif&amp#27;[0m &amp#27;[34mexists&amp#27;[0m purchase 
       &amp#27;[34mdrop&amp#27;[0m &amp#27;[34mconstraint&amp#27;[0m &amp#27;[34mif&amp#27;[0m &amp#27;[34mexists&amp#27;[0m UK1w34ki8lo8aywns22fyl9g0ex
&amp#27;[35m[Hibernate]&amp#27;[0m 
    &amp#27;[34malter&amp#27;[0m &amp#27;[34mtable&amp#27;[0m &amp#27;[34mif&amp#27;[0m &amp#27;[34mexists&amp#27;[0m purchase 
       &amp#27;[34madd&amp#27;[0m &amp#27;[34mconstraint&amp#27;[0m UK1w34ki8lo8aywns22fyl9g0ex &amp#27;[34munique&amp#27;[0m (point_record_id)
&amp#27;[35m[Hibernate]&amp#27;[0m 
    &amp#27;[34malter&amp#27;[0m &amp#27;[34mtable&amp#27;[0m &amp#27;[34mif&amp#27;[0m &amp#27;[34mexists&amp#27;[0m purchase_book 
       &amp#27;[34mdrop&amp#27;[0m &amp#27;[34mconstraint&amp#27;[0m &amp#27;[34mif&amp#27;[0m &amp#27;[34mexists&amp#27;[0m UKq73u59c3kue49qmd7qfaqrggv
&amp#27;[35m[Hibernate]&amp#27;[0m 
    &amp#27;[34malter&amp#27;[0m &amp#27;[34mtable&amp#27;[0m &amp#27;[34mif&amp#27;[0m &amp#27;[34mexists&amp#27;[0m purchase_book 
       &amp#27;[34madd&amp#27;[0m &amp#27;[34mconstraint&amp#27;[0m UKq73u59c3kue49qmd7qfaqrggv &amp#27;[34munique&amp#27;[0m (book_id)
&amp#27;[35m[Hibernate]&amp#27;[0m 
    &amp#27;[34malter&amp#27;[0m &amp#27;[34mtable&amp#27;[0m &amp#27;[34mif&amp#27;[0m &amp#27;[34mexists&amp#27;[0m review 
       &amp#27;[34mdrop&amp#27;[0m &amp#27;[34mconstraint&amp#27;[0m &amp#27;[34mif&amp#27;[0m &amp#27;[34mexists&amp#27;[0m UK88tdjkfb4s2en3wgucmetsbk2
&amp#27;[35m[Hibernate]&amp#27;[0m 
    &amp#27;[34malter&amp#27;[0m &amp#27;[34mtable&amp#27;[0m &amp#27;[34mif&amp#27;[0m &amp#27;[34mexists&amp#27;[0m review 
       &amp#27;[34madd&amp#27;[0m &amp#27;[34mconstraint&amp#27;[0m UK88tdjkfb4s2en3wgucmetsbk2 &amp#27;[34munique&amp#27;[0m (purchase_book_id)
&amp#27;[35m[Hibernate]&amp#27;[0m 
    &amp#27;[34malter&amp#27;[0m &amp#27;[34mtable&amp#27;[0m &amp#27;[34mif&amp#27;[0m &amp#27;[34mexists&amp#27;[0m review_image 
       &amp#27;[34mdrop&amp#27;[0m &amp#27;[34mconstraint&amp#27;[0m &amp#27;[34mif&amp#27;[0m &amp#27;[34mexists&amp#27;[0m UKcqjchusv51i0of5p6noe5p17r
&amp#27;[35m[Hibernate]&amp#27;[0m 
    &amp#27;[34malter&amp#27;[0m &amp#27;[34mtable&amp#27;[0m &amp#27;[34mif&amp#27;[0m &amp#27;[34mexists&amp#27;[0m review_image 
       &amp#27;[34madd&amp#27;[0m &amp#27;[34mconstraint&amp#27;[0m UKcqjchusv51i0of5p6noe5p17r &amp#27;[34munique&amp#27;[0m (url)
&amp#27;[35m[Hibernate]&amp#27;[0m 
    &amp#27;[34malter&amp#27;[0m &amp#27;[34mtable&amp#27;[0m &amp#27;[34mif&amp#27;[0m &amp#27;[34mexists&amp#27;[0m tag 
       &amp#27;[34mdrop&amp#27;[0m &amp#27;[34mconstraint&amp#27;[0m &amp#27;[34mif&amp#27;[0m &amp#27;[34mexists&amp#27;[0m UK1wdpsed5kna2y38hnbgrnhi5b
&amp#27;[35m[Hibernate]&amp#27;[0m 
    &amp#27;[34malter&amp#27;[0m &amp#27;[34mtable&amp#27;[0m &amp#27;[34mif&amp#27;[0m &amp#27;[34mexists&amp#27;[0m tag 
       &amp#27;[34madd&amp#27;[0m &amp#27;[34mconstraint&amp#27;[0m UK1wdpsed5kna2y38hnbgrnhi5b &amp#27;[34munique&amp#27;[0m (name)
&amp#27;[35m[Hibernate]&amp#27;[0m 
    &amp#27;[34malter&amp#27;[0m &amp#27;[34mtable&amp#27;[0m &amp#27;[34mif&amp#27;[0m &amp#27;[34mexists&amp#27;[0m address 
       &amp#27;[34madd&amp#27;[0m &amp#27;[34mconstraint&amp#27;[0m FK18hjim751x5dwn8e0bigqqnl4 
       &amp#27;[34mforeign&amp#27;[0m &amp#27;[34mkey&amp#27;[0m (&amp#27;[32m"member_id"&amp#27;[0m) 
       &amp#27;[34mreferences&amp#27;[0m &amp#27;[32m"member"&amp#27;[0m
&amp#27;[35m[Hibernate]&amp#27;[0m 
    &amp#27;[34malter&amp#27;[0m &amp#27;[34mtable&amp#27;[0m &amp#27;[34mif&amp#27;[0m &amp#27;[34mexists&amp#27;[0m book_cart 
       &amp#27;[34madd&amp#27;[0m &amp#27;[34mconstraint&amp#27;[0m FKtmfgsp2mapbb50qerjo1ngm97 
       &amp#27;[34mforeign&amp#27;[0m &amp#27;[34mkey&amp#27;[0m (book_id) 
       &amp#27;[34mreferences&amp#27;[0m book
&amp#27;[35m[Hibernate]&amp#27;[0m 
    &amp#27;[34malter&amp#27;[0m &amp#27;[34mtable&amp#27;[0m &amp#27;[34mif&amp#27;[0m &amp#27;[34mexists&amp#27;[0m book_cart 
       &amp#27;[34madd&amp#27;[0m &amp#27;[34mconstraint&amp#27;[0m FKjirkaf305sr0bus6d1vow11jd 
       &amp#27;[34mforeign&amp#27;[0m &amp#27;[34mkey&amp#27;[0m (cart_id) 
       &amp#27;[34mreferences&amp#27;[0m cart
&amp#27;[35m[Hibernate]&amp#27;[0m 
    &amp#27;[34malter&amp#27;[0m &amp#27;[34mtable&amp#27;[0m &amp#27;[34mif&amp#27;[0m &amp#27;[34mexists&amp#27;[0m book_category 
       &amp#27;[34madd&amp#27;[0m &amp#27;[34mconstraint&amp#27;[0m FKnyegcbpvce2mnmg26h0i856fd 
       &amp#27;[34mforeign&amp#27;[0m &amp#27;[34mkey&amp#27;[0m (book_id) 
       &amp#27;[34mreferences&amp#27;[0m book
&amp#27;[35m[Hibernate]&amp#27;[0m 
    &amp#27;[34malter&amp#27;[0m &amp#27;[34mtable&amp#27;[0m &amp#27;[34mif&amp#27;[0m &amp#27;[34mexists&amp#27;[0m book_category 
       &amp#27;[34madd&amp#27;[0m &amp#27;[34mconstraint&amp#27;[0m FKam8llderp40mvbbwceqpu6l2s 
       &amp#27;[34mforeign&amp#27;[0m &amp#27;[34mkey&amp#27;[0m (category_id) 
       &amp#27;[34mreferences&amp#27;[0m category
&amp#27;[35m[Hibernate]&amp#27;[0m 
    &amp#27;[34malter&amp#27;[0m &amp#27;[34mtable&amp#27;[0m &amp#27;[34mif&amp#27;[0m &amp#27;[34mexists&amp#27;[0m book_image 
       &amp#27;[34madd&amp#27;[0m &amp#27;[34mconstraint&amp#27;[0m FKh020sno0rk91annvrd960urno 
       &amp#27;[34mforeign&amp#27;[0m &amp#27;[34mkey&amp#27;[0m (book_id) 
       &amp#27;[34mreferences&amp#27;[0m book
&amp#27;[35m[Hibernate]&amp#27;[0m 
    &amp#27;[34malter&amp#27;[0m &amp#27;[34mtable&amp#27;[0m &amp#27;[34mif&amp#27;[0m &amp#27;[34mexists&amp#27;[0m book_like 
       &amp#27;[34madd&amp#27;[0m &amp#27;[34mconstraint&amp#27;[0m FK7i3otcp1nj1ou9gdr7nv1lv0e 
       &amp#27;[34mforeign&amp#27;[0m &amp#27;[34mkey&amp#27;[0m (book_id) 
       &amp#27;[34mreferences&amp#27;[0m book
&amp#27;[35m[Hibernate]&amp#27;[0m 
    &amp#27;[34malter&amp#27;[0m &amp#27;[34mtable&amp#27;[0m &amp#27;[34mif&amp#27;[0m &amp#27;[34mexists&amp#27;[0m book_like 
       &amp#27;[34madd&amp#27;[0m &amp#27;[34mconstraint&amp#27;[0m FKdqcaynqboiolulai2vqvuca0o 
       &amp#27;[34mforeign&amp#27;[0m &amp#27;[34mkey&amp#27;[0m (&amp#27;[32m"member_id"&amp#27;[0m) 
       &amp#27;[34mreferences&amp#27;[0m &amp#27;[32m"member"&amp#27;[0m
&amp#27;[35m[Hibernate]&amp#27;[0m 
    &amp#27;[34malter&amp#27;[0m &amp#27;[34mtable&amp#27;[0m &amp#27;[34mif&amp#27;[0m &amp#27;[34mexists&amp#27;[0m book_tag 
       &amp#27;[34madd&amp#27;[0m &amp#27;[34mconstraint&amp#27;[0m FKdrc33u5ufw8rdvajeveowgx7g 
       &amp#27;[34mforeign&amp#27;[0m &amp#27;[34mkey&amp#27;[0m (book_id) 
       &amp#27;[34mreferences&amp#27;[0m book
&amp#27;[35m[Hibernate]&amp#27;[0m 
    &amp#27;[34malter&amp#27;[0m &amp#27;[34mtable&amp#27;[0m &amp#27;[34mif&amp#27;[0m &amp#27;[34mexists&amp#27;[0m book_tag 
       &amp#27;[34madd&amp#27;[0m &amp#27;[34mconstraint&amp#27;[0m FKrxw4xl05l6ns1763bq284e7m2 
       &amp#27;[34mforeign&amp#27;[0m &amp#27;[34mkey&amp#27;[0m (tag_id) 
       &amp#27;[34mreferences&amp#27;[0m tag
&amp#27;[35m[Hibernate]&amp#27;[0m 
    &amp#27;[34malter&amp#27;[0m &amp#27;[34mtable&amp#27;[0m &amp#27;[34mif&amp#27;[0m &amp#27;[34mexists&amp#27;[0m cart 
       &amp#27;[34madd&amp#27;[0m &amp#27;[34mconstraint&amp#27;[0m FK671ovmbt6x35r4m6qvckals1o 
       &amp#27;[34mforeign&amp#27;[0m &amp#27;[34mkey&amp#27;[0m (&amp#27;[32m"member_id"&amp#27;[0m) 
       &amp#27;[34mreferences&amp#27;[0m &amp#27;[32m"member"&amp#27;[0m
&amp#27;[35m[Hibernate]&amp#27;[0m 
    &amp#27;[34malter&amp#27;[0m &amp#27;[34mtable&amp#27;[0m &amp#27;[34mif&amp#27;[0m &amp#27;[34mexists&amp#27;[0m category 
       &amp#27;[34madd&amp#27;[0m &amp#27;[34mconstraint&amp#27;[0m FK2y94svpmqttx80mshyny85wqr 
       &amp#27;[34mforeign&amp#27;[0m &amp#27;[34mkey&amp#27;[0m (parent_id) 
       &amp#27;[34mreferences&amp#27;[0m category
&amp#27;[35m[Hibernate]&amp#27;[0m 
    &amp#27;[34malter&amp#27;[0m &amp#27;[34mtable&amp#27;[0m &amp#27;[34mif&amp#27;[0m &amp#27;[34mexists&amp#27;[0m comment 
       &amp#27;[34madd&amp#27;[0m &amp#27;[34mconstraint&amp#27;[0m FKbh691uhnn9i2ed5t2wx2kf5mc 
       &amp#27;[34mforeign&amp#27;[0m &amp#27;[34mkey&amp#27;[0m (&amp#27;[32m"member_id"&amp#27;[0m) 
       &amp#27;[34mreferences&amp#27;[0m &amp#27;[32m"member"&amp#27;[0m
&amp#27;[35m[Hibernate]&amp#27;[0m 
    &amp#27;[34malter&amp#27;[0m &amp#27;[34mtable&amp#27;[0m &amp#27;[34mif&amp#27;[0m &amp#27;[34mexists&amp#27;[0m comment 
       &amp#27;[34madd&amp#27;[0m &amp#27;[34mconstraint&amp#27;[0m FKnf4ni761w29tmtgdxymmgvg8r 
       &amp#27;[34mforeign&amp#27;[0m &amp#27;[34mkey&amp#27;[0m (review_id) 
       &amp#27;[34mreferences&amp#27;[0m review
&amp#27;[35m[Hibernate]&amp#27;[0m 
    &amp#27;[34malter&amp#27;[0m &amp#27;[34mtable&amp#27;[0m &amp#27;[34mif&amp#27;[0m &amp#27;[34mexists&amp#27;[0m coupon 
       &amp#27;[34madd&amp#27;[0m &amp#27;[34mconstraint&amp#27;[0m FK2lepa3745kcmfop0ovxr0oaff 
       &amp#27;[34mforeign&amp#27;[0m &amp#27;[34mkey&amp#27;[0m (&amp#27;[32m"member_id"&amp#27;[0m) 
       &amp#27;[34mreferences&amp#27;[0m &amp#27;[32m"member"&amp#27;[0m
&amp#27;[35m[Hibernate]&amp#27;[0m 
    &amp#27;[34malter&amp#27;[0m &amp#27;[34mtable&amp#27;[0m &amp#27;[34mif&amp#27;[0m &amp#27;[34mexists&amp#27;[0m member_auth 
       &amp#27;[34madd&amp#27;[0m &amp#27;[34mconstraint&amp#27;[0m FK66uc2xroefrsdkd5xihg5oyjf 
       &amp#27;[34mforeign&amp#27;[0m &amp#27;[34mkey&amp#27;[0m (auth_id) 
       &amp#27;[34mreferences&amp#27;[0m auth
&amp#27;[35m[Hibernate]&amp#27;[0m 
    &amp#27;[34malter&amp#27;[0m &amp#27;[34mtable&amp#27;[0m &amp#27;[34mif&amp#27;[0m &amp#27;[34mexists&amp#27;[0m member_auth 
       &amp#27;[34madd&amp#27;[0m &amp#27;[34mconstraint&amp#27;[0m FK9kli4rw46o4ldq44npvntpiba 
       &amp#27;[34mforeign&amp#27;[0m &amp#27;[34mkey&amp#27;[0m (&amp#27;[32m"member_id"&amp#27;[0m) 
       &amp#27;[34mreferences&amp#27;[0m &amp#27;[32m"member"&amp#27;[0m
&amp#27;[35m[Hibernate]&amp#27;[0m 
    &amp#27;[34malter&amp#27;[0m &amp#27;[34mtable&amp#27;[0m &amp#27;[34mif&amp#27;[0m &amp#27;[34mexists&amp#27;[0m payment 
       &amp#27;[34madd&amp#27;[0m &amp#27;[34mconstraint&amp#27;[0m FKkvolsaw3e4jg4ra05vu135cj9 
       &amp#27;[34mforeign&amp#27;[0m &amp#27;[34mkey&amp#27;[0m (payment_type_id) 
       &amp#27;[34mreferences&amp#27;[0m payment_type
&amp#27;[35m[Hibernate]&amp#27;[0m 
    &amp#27;[34malter&amp#27;[0m &amp#27;[34mtable&amp#27;[0m &amp#27;[34mif&amp#27;[0m &amp#27;[34mexists&amp#27;[0m payment 
       &amp#27;[34madd&amp#27;[0m &amp#27;[34mconstraint&amp#27;[0m FKmm2h9p8cpu4741lwxyn2fnpgg 
       &amp#27;[34mforeign&amp#27;[0m &amp#27;[34mkey&amp#27;[0m (purchase_id) 
       &amp#27;[34mreferences&amp#27;[0m purchase
&amp#27;[35m[Hibernate]&amp#27;[0m 
    &amp#27;[34malter&amp#27;[0m &amp#27;[34mtable&amp#27;[0m &amp#27;[34mif&amp#27;[0m &amp#27;[34mexists&amp#27;[0m point_record 
       &amp#27;[34madd&amp#27;[0m &amp#27;[34mconstraint&amp#27;[0m FK82vjwl0s5h4dic94xn18il1po 
       &amp#27;[34mforeign&amp#27;[0m &amp#27;[34mkey&amp#27;[0m (&amp#27;[32m"member_id"&amp#27;[0m) 
       &amp#27;[34mreferences&amp#27;[0m &amp#27;[32m"member"&amp#27;[0m
&amp#27;[35m[Hibernate]&amp#27;[0m 
    &amp#27;[34malter&amp#27;[0m &amp#27;[34mtable&amp#27;[0m &amp#27;[34mif&amp#27;[0m &amp#27;[34mexists&amp#27;[0m purchase 
       &amp#27;[34madd&amp#27;[0m &amp#27;[34mconstraint&amp#27;[0m FKpitnwujrvamcglkd1du2wybj2 
       &amp#27;[34mforeign&amp#27;[0m &amp#27;[34mkey&amp#27;[0m (&amp#27;[32m"member_id"&amp#27;[0m) 
       &amp#27;[34mreferences&amp#27;[0m &amp#27;[32m"member"&amp#27;[0m
&amp#27;[35m[Hibernate]&amp#27;[0m 
    &amp#27;[34malter&amp#27;[0m &amp#27;[34mtable&amp#27;[0m &amp#27;[34mif&amp#27;[0m &amp#27;[34mexists&amp#27;[0m purchase 
       &amp#27;[34madd&amp#27;[0m &amp#27;[34mconstraint&amp#27;[0m FKb3ad9pb5elsb07gsxb7k8h6nh 
       &amp#27;[34mforeign&amp#27;[0m &amp#27;[34mkey&amp#27;[0m (point_record_id) 
       &amp#27;[34mreferences&amp#27;[0m point_record
&amp#27;[35m[Hibernate]&amp#27;[0m 
    &amp#27;[34malter&amp#27;[0m &amp#27;[34mtable&amp#27;[0m &amp#27;[34mif&amp#27;[0m &amp#27;[34mexists&amp#27;[0m purchase_book 
       &amp#27;[34madd&amp#27;[0m &amp#27;[34mconstraint&amp#27;[0m FKdhpunimwngwnxolqft1svdwph 
       &amp#27;[34mforeign&amp#27;[0m &amp#27;[34mkey&amp#27;[0m (book_id) 
       &amp#27;[34mreferences&amp#27;[0m book
&amp#27;[35m[Hibernate]&amp#27;[0m 
    &amp#27;[34malter&amp#27;[0m &amp#27;[34mtable&amp#27;[0m &amp#27;[34mif&amp#27;[0m &amp#27;[34mexists&amp#27;[0m purchase_book 
       &amp#27;[34madd&amp#27;[0m &amp#27;[34mconstraint&amp#27;[0m FKqreoqdobvpr39lkxlyv7n66st 
       &amp#27;[34mforeign&amp#27;[0m &amp#27;[34mkey&amp#27;[0m (purchase_id) 
       &amp#27;[34mreferences&amp#27;[0m purchase
&amp#27;[35m[Hibernate]&amp#27;[0m 
    &amp#27;[34malter&amp#27;[0m &amp#27;[34mtable&amp#27;[0m &amp#27;[34mif&amp#27;[0m &amp#27;[34mexists&amp#27;[0m purchase_coupon 
       &amp#27;[34madd&amp#27;[0m &amp#27;[34mconstraint&amp#27;[0m FK9o3wf5e5gvu87f62vapfma8by 
       &amp#27;[34mforeign&amp#27;[0m &amp#27;[34mkey&amp#27;[0m (coupon_id) 
       &amp#27;[34mreferences&amp#27;[0m coupon
&amp#27;[35m[Hibernate]&amp#27;[0m 
    &amp#27;[34malter&amp#27;[0m &amp#27;[34mtable&amp#27;[0m &amp#27;[34mif&amp#27;[0m &amp#27;[34mexists&amp#27;[0m purchase_coupon 
       &amp#27;[34madd&amp#27;[0m &amp#27;[34mconstraint&amp#27;[0m FKajhlo2cni1x4bjiisqi4i3620 
       &amp#27;[34mforeign&amp#27;[0m &amp#27;[34mkey&amp#27;[0m (purchase_id) 
       &amp#27;[34mreferences&amp#27;[0m purchase
&amp#27;[35m[Hibernate]&amp#27;[0m 
    &amp#27;[34malter&amp#27;[0m &amp#27;[34mtable&amp#27;[0m &amp#27;[34mif&amp#27;[0m &amp#27;[34mexists&amp#27;[0m refund 
       &amp#27;[34madd&amp#27;[0m &amp#27;[34mconstraint&amp#27;[0m FKn6hygqb7v8me2nthibetqp245 
       &amp#27;[34mforeign&amp#27;[0m &amp#27;[34mkey&amp#27;[0m (purchase_id) 
       &amp#27;[34mreferences&amp#27;[0m purchase
&amp#27;[35m[Hibernate]&amp#27;[0m 
    &amp#27;[34malter&amp#27;[0m &amp#27;[34mtable&amp#27;[0m &amp#27;[34mif&amp#27;[0m &amp#27;[34mexists&amp#27;[0m review 
       &amp#27;[34madd&amp#27;[0m &amp#27;[34mconstraint&amp#27;[0m FKphmamk3jpdov2m1ncrwenu8e2 
       &amp#27;[34mforeign&amp#27;[0m &amp#27;[34mkey&amp#27;[0m (purchase_book_id) 
       &amp#27;[34mreferences&amp#27;[0m purchase_book
&amp#27;[35m[Hibernate]&amp#27;[0m 
    &amp#27;[34malter&amp#27;[0m &amp#27;[34mtable&amp#27;[0m &amp#27;[34mif&amp#27;[0m &amp#27;[34mexists&amp#27;[0m review_image 
       &amp#27;[34madd&amp#27;[0m &amp#27;[34mconstraint&amp#27;[0m FK16wp089tx9nm0obc217gvdd6l 
       &amp#27;[34mforeign&amp#27;[0m &amp#27;[34mkey&amp#27;[0m (review_id) 
       &amp#27;[34mreferences&amp#27;[0m review
&amp#27;[35m[Hibernate]&amp#27;[0m 
    &amp#27;[34malter&amp#27;[0m &amp#27;[34mtable&amp#27;[0m &amp#27;[34mif&amp#27;[0m &amp#27;[34mexists&amp#27;[0m review_like 
       &amp#27;[34madd&amp#27;[0m &amp#27;[34mconstraint&amp#27;[0m FK9wq142y6u567nvjpj3ea9jrfl 
       &amp#27;[34mforeign&amp#27;[0m &amp#27;[34mkey&amp#27;[0m (&amp#27;[32m"member_id"&amp#27;[0m) 
       &amp#27;[34mreferences&amp#27;[0m &amp#27;[32m"member"&amp#27;[0m
&amp#27;[35m[Hibernate]&amp#27;[0m 
    &amp#27;[34malter&amp#27;[0m &amp#27;[34mtable&amp#27;[0m &amp#27;[34mif&amp#27;[0m &amp#27;[34mexists&amp#27;[0m review_like 
       &amp#27;[34madd&amp#27;[0m &amp#27;[34mconstraint&amp#27;[0m FK68am9vk1s1e8n1v873meqkk0k 
       &amp#27;[34mforeign&amp#27;[0m &amp#27;[34mkey&amp#27;[0m (review_id) 
       &amp#27;[34mreferences&amp#27;[0m review
&amp#27;[35m[Hibernate]&amp#27;[0m 
    &amp#27;[34malter&amp#27;[0m &amp#27;[34mtable&amp#27;[0m &amp#27;[34mif&amp#27;[0m &amp#27;[34mexists&amp#27;[0m simple_review 
       &amp#27;[34madd&amp#27;[0m &amp#27;[34mconstraint&amp#27;[0m FKhn2ol6nvdpxi1u79qcl0anoia 
       &amp#27;[34mforeign&amp#27;[0m &amp#27;[34mkey&amp#27;[0m (purchase_book_id) 
       &amp#27;[34mreferences&amp#27;[0m purchase_book
2024-06-24T10:16:24.846+09:00  INFO 77710 --- [3runner-bookstore] [           main] j.LocalContainerEntityManagerFactoryBean : Initialized JPA EntityManagerFactory for persistence unit 'default'
2024-06-24T10:16:25.039+09:00  INFO 77710 --- [3runner-bookstore] [           main] c.n.b.b.r.BookCategoryRepositoryTest     : Started BookCategoryRepositoryTest in 0.752 seconds (process running for 11.895)
2024-06-24T10:16:25.045+09:00 TRACE 77710 --- [3runner-bookstore] [           main] o.s.t.i.TransactionInterceptor           : Getting transaction for [org.springframework.data.jpa.repository.support.SimpleJpaRepository.saveAll]
&amp#27;[35m[Hibernate]&amp#27;[0m 
    /* &amp#27;[34minsert&amp#27;[0m &amp#27;[34mfor&amp#27;[0m
        com.nhnacademy.bookstore.entity.category.Category */&amp#27;[34minsert&amp#27;[0m 
    &amp#27;[34minto&amp#27;[0m
        category (name, parent_id, id) 
    &amp#27;[34mvalues&amp#27;[0m
        (?, ?, &amp#27;[34mdefault&amp#27;[0m)
2024-06-24T10:16:25.046+09:00 TRACE 77710 --- [3runner-bookstore] [           main] org.hibernate.orm.jdbc.bind              : binding parameter (1:VARCHAR) <- [부모 카데고리1]
2024-06-24T10:16:25.046+09:00 TRACE 77710 --- [3runner-bookstore] [           main] org.hibernate.orm.jdbc.bind              : binding parameter (2:BIGINT) <- [null]
&amp#27;[35m[Hibernate]&amp#27;[0m 
    /* &amp#27;[34minsert&amp#27;[0m &amp#27;[34mfor&amp#27;[0m
        com.nhnacademy.bookstore.entity.category.Category */&amp#27;[34minsert&amp#27;[0m 
    &amp#27;[34minto&amp#27;[0m
        category (name, parent_id, id) 
    &amp#27;[34mvalues&amp#27;[0m
        (?, ?, &amp#27;[34mdefault&amp#27;[0m)
2024-06-24T10:16:25.048+09:00 TRACE 77710 --- [3runner-bookstore] [           main] org.hibernate.orm.jdbc.bind              : binding parameter (1:VARCHAR) <- [자식 카데고리1]
2024-06-24T10:16:25.048+09:00 TRACE 77710 --- [3runner-bookstore] [           main] org.hibernate.orm.jdbc.bind              : binding parameter (2:BIGINT) <- [1]
&amp#27;[35m[Hibernate]&amp#27;[0m 
    /* &amp#27;[34minsert&amp#27;[0m &amp#27;[34mfor&amp#27;[0m
        com.nhnacademy.bookstore.entity.category.Category */&amp#27;[34minsert&amp#27;[0m 
    &amp#27;[34minto&amp#27;[0m
        category (name, parent_id, id) 
    &amp#27;[34mvalues&amp#27;[0m
        (?, ?, &amp#27;[34mdefault&amp#27;[0m)
2024-06-24T10:16:25.049+09:00 TRACE 77710 --- [3runner-bookstore] [           main] org.hibernate.orm.jdbc.bind              : binding parameter (1:VARCHAR) <- [자식 카데고리2]
2024-06-24T10:16:25.050+09:00 TRACE 77710 --- [3runner-bookstore] [           main] org.hibernate.orm.jdbc.bind              : binding parameter (2:BIGINT) <- [1]
2024-06-24T10:16:25.050+09:00 TRACE 77710 --- [3runner-bookstore] [           main] o.s.t.i.TransactionInterceptor           : Completing transaction for [org.springframework.data.jpa.repository.support.SimpleJpaRepository.saveAll]
2024-06-24T10:16:25.050+09:00 TRACE 77710 --- [3runner-bookstore] [           main] o.s.t.i.TransactionInterceptor           : Getting transaction for [org.springframework.data.jpa.repository.support.SimpleJpaRepository.save]
&amp#27;[35m[Hibernate]&amp#27;[0m 
    /* &amp#27;[34minsert&amp#27;[0m &amp#27;[34mfor&amp#27;[0m
        com.nhnacademy.bookstore.entity.book.Book */&amp#27;[34minsert&amp#27;[0m 
    &amp#27;[34minto&amp#27;[0m
        book (author, created_at, description, isbn, packing, price, published_date, publisher, quantity, selling_price, title, view_count, id) 
    &amp#27;[34mvalues&amp#27;[0m
        (?, ?, ?, ?, ?, ?, ?, ?, ?, ?, ?, ?, &amp#27;[34mdefault&amp#27;[0m)
2024-06-24T10:16:25.054+09:00 TRACE 77710 --- [3runner-bookstore] [           main] org.hibernate.orm.jdbc.bind              : binding parameter (1:VARCHAR) <- [Test Author]
2024-06-24T10:16:25.054+09:00 TRACE 77710 --- [3runner-bookstore] [           main] org.hibernate.orm.jdbc.bind              : binding parameter (2:TIMESTAMP_WITH_TIMEZONE) <- [2024-06-24T10:16:25.051002+09:00[Asia/Seoul]]
2024-06-24T10:16:25.063+09:00 TRACE 77710 --- [3runner-bookstore] [           main] org.hibernate.orm.jdbc.bind              : binding parameter (3:CLOB) <- [Test Description]
2024-06-24T10:16:25.064+09:00 TRACE 77710 --- [3runner-bookstore] [           main] org.hibernate.orm.jdbc.bind              : binding parameter (4:VARCHAR) <- [123456789]
2024-06-24T10:16:25.064+09:00 TRACE 77710 --- [3runner-bookstore] [           main] org.hibernate.orm.jdbc.bind              : binding parameter (5:BOOLEAN) <- [true]
2024-06-24T10:16:25.064+09:00 TRACE 77710 --- [3runner-bookstore] [           main] org.hibernate.orm.jdbc.bind              : binding parameter (6:INTEGER) <- [1000]
2024-06-24T10:16:25.064+09:00 TRACE 77710 --- [3runner-bookstore] [           main] org.hibernate.orm.jdbc.bind              : binding parameter (7:TIMESTAMP_WITH_TIMEZONE) <- [2024-06-24T10:16:25.044739+09:00[Asia/Seoul]]
2024-06-24T10:16:25.064+09:00 TRACE 77710 --- [3runner-bookstore] [           main] org.hibernate.orm.jdbc.bind              : binding parameter (8:VARCHAR) <- [Test Publisher]
2024-06-24T10:16:25.064+09:00 TRACE 77710 --- [3runner-bookstore] [           main] org.hibernate.orm.jdbc.bind              : binding parameter (9:INTEGER) <- [10]
2024-06-24T10:16:25.064+09:00 TRACE 77710 --- [3runner-bookstore] [           main] org.hibernate.orm.jdbc.bind              : binding parameter (10:INTEGER) <- [900]
2024-06-24T10:16:25.065+09:00 TRACE 77710 --- [3runner-bookstore] [           main] org.hibernate.orm.jdbc.bind              : binding parameter (11:VARCHAR) <- [Test Title]
2024-06-24T10:16:25.065+09:00 TRACE 77710 --- [3runner-bookstore] [           main] org.hibernate.orm.jdbc.bind              : binding parameter (12:INTEGER) <- [0]
2024-06-24T10:16:25.066+09:00 TRACE 77710 --- [3runner-bookstore] [           main] o.s.t.i.TransactionInterceptor           : Completing transaction for [org.springframework.data.jpa.repository.support.SimpleJpaRepository.save]
2024-06-24T10:16:25.066+09:00 TRACE 77710 --- [3runner-bookstore] [           main] o.s.t.i.TransactionInterceptor           : Getting transaction for [org.springframework.data.jpa.repository.support.SimpleJpaRepository.save]
&amp#27;[35m[Hibernate]&amp#27;[0m 
    /* &amp#27;[34minsert&amp#27;[0m &amp#27;[34mfor&amp#27;[0m
        com.nhnacademy.bookstore.entity.bookCategory.BookCategory */&amp#27;[34minsert&amp#27;[0m 
    &amp#27;[34minto&amp#27;[0m
        book_category (book_id, category_id, id) 
    &amp#27;[34mvalues&amp#27;[0m
        (?, ?, &amp#27;[34mdefault&amp#27;[0m)
2024-06-24T10:16:25.067+09:00 TRACE 77710 --- [3runner-bookstore] [           main] org.hibernate.orm.jdbc.bind              : binding parameter (1:BIGINT) <- [1]
2024-06-24T10:16:25.067+09:00 TRACE 77710 --- [3runner-bookstore] [           main] org.hibernate.orm.jdbc.bind              : binding parameter (2:BIGINT) <- [1]
2024-06-24T10:16:25.067+09:00 TRACE 77710 --- [3runner-bookstore] [           main] o.s.t.i.TransactionInterceptor           : Completing transaction for [org.springframework.data.jpa.repository.support.SimpleJpaRepository.save]
2024-06-24T10:16:25.068+09:00 TRACE 77710 --- [3runner-bookstore] [           main] o.s.t.i.TransactionInterceptor           : No need to create transaction for [org.springframework.data.jpa.repository.support.SimpleJpaRepository.bookWithCategoryList]: This method is not transactional.
&amp#27;[35m[Hibernate]&amp#27;[0m 
    /* &amp#27;[34mselect&amp#27;[0m
        bookCategory.category.name 
    &amp#27;[34mfrom&amp#27;[0m
        BookCategory bookCategory 
    &amp#27;[34mwhere&amp#27;[0m
        bookCategory.book.id = ?1 */ &amp#27;[34mselect&amp#27;[0m
            c1_0.name 
        &amp#27;[34mfrom&amp#27;[0m
            book_category bc1_0 
        &amp#27;[34mjoin&amp#27;[0m
            category c1_0 
                &amp#27;[34mon&amp#27;[0m c1_0.id=bc1_0.category_id 
        &amp#27;[34mwhere&amp#27;[0m
            bc1_0.book_id=?
2024-06-24T10:16:25.072+09:00 TRACE 77710 --- [3runner-bookstore] [           main] org.hibernate.orm.jdbc.bind              : binding parameter (1:BIGINT) <- [1]
]]></system-out>
  </testcase>
  <testcase name="categoriesWithBookListTest" classname="com.nhnacademy.bookstore.bookCategory.repository.BookCategoryRepositoryTest" time="0.037">
    <system-out><![CDATA[2024-06-24T10:16:25.079+09:00 TRACE 77710 --- [3runner-bookstore] [           main] o.s.t.i.TransactionInterceptor           : Getting transaction for [org.springframework.data.jpa.repository.support.SimpleJpaRepository.saveAll]
&amp#27;[35m[Hibernate]&amp#27;[0m 
    /* &amp#27;[34minsert&amp#27;[0m &amp#27;[34mfor&amp#27;[0m
        com.nhnacademy.bookstore.entity.category.Category */&amp#27;[34minsert&amp#27;[0m 
    &amp#27;[34minto&amp#27;[0m
        category (name, parent_id, id) 
    &amp#27;[34mvalues&amp#27;[0m
        (?, ?, &amp#27;[34mdefault&amp#27;[0m)
2024-06-24T10:16:25.080+09:00 TRACE 77710 --- [3runner-bookstore] [           main] org.hibernate.orm.jdbc.bind              : binding parameter (1:VARCHAR) <- [부모 카데고리1]
2024-06-24T10:16:25.080+09:00 TRACE 77710 --- [3runner-bookstore] [           main] org.hibernate.orm.jdbc.bind              : binding parameter (2:BIGINT) <- [null]
&amp#27;[35m[Hibernate]&amp#27;[0m 
    /* &amp#27;[34minsert&amp#27;[0m &amp#27;[34mfor&amp#27;[0m
        com.nhnacademy.bookstore.entity.category.Category */&amp#27;[34minsert&amp#27;[0m 
    &amp#27;[34minto&amp#27;[0m
        category (name, parent_id, id) 
    &amp#27;[34mvalues&amp#27;[0m
        (?, ?, &amp#27;[34mdefault&amp#27;[0m)
2024-06-24T10:16:25.082+09:00 TRACE 77710 --- [3runner-bookstore] [           main] org.hibernate.orm.jdbc.bind              : binding parameter (1:VARCHAR) <- [자식 카데고리1]
2024-06-24T10:16:25.082+09:00 TRACE 77710 --- [3runner-bookstore] [           main] org.hibernate.orm.jdbc.bind              : binding parameter (2:BIGINT) <- [4]
&amp#27;[35m[Hibernate]&amp#27;[0m 
    /* &amp#27;[34minsert&amp#27;[0m &amp#27;[34mfor&amp#27;[0m
        com.nhnacademy.bookstore.entity.category.Category */&amp#27;[34minsert&amp#27;[0m 
    &amp#27;[34minto&amp#27;[0m
        category (name, parent_id, id) 
    &amp#27;[34mvalues&amp#27;[0m
        (?, ?, &amp#27;[34mdefault&amp#27;[0m)
2024-06-24T10:16:25.083+09:00 TRACE 77710 --- [3runner-bookstore] [           main] org.hibernate.orm.jdbc.bind              : binding parameter (1:VARCHAR) <- [자식 카데고리2]
2024-06-24T10:16:25.083+09:00 TRACE 77710 --- [3runner-bookstore] [           main] org.hibernate.orm.jdbc.bind              : binding parameter (2:BIGINT) <- [4]
2024-06-24T10:16:25.084+09:00 TRACE 77710 --- [3runner-bookstore] [           main] o.s.t.i.TransactionInterceptor           : Completing transaction for [org.springframework.data.jpa.repository.support.SimpleJpaRepository.saveAll]
2024-06-24T10:16:25.084+09:00 TRACE 77710 --- [3runner-bookstore] [           main] o.s.t.i.TransactionInterceptor           : Getting transaction for [org.springframework.data.jpa.repository.support.SimpleJpaRepository.save]
&amp#27;[35m[Hibernate]&amp#27;[0m 
    /* &amp#27;[34minsert&amp#27;[0m &amp#27;[34mfor&amp#27;[0m
        com.nhnacademy.bookstore.entity.book.Book */&amp#27;[34minsert&amp#27;[0m 
    &amp#27;[34minto&amp#27;[0m
        book (author, created_at, description, isbn, packing, price, published_date, publisher, quantity, selling_price, title, view_count, id) 
    &amp#27;[34mvalues&amp#27;[0m
        (?, ?, ?, ?, ?, ?, ?, ?, ?, ?, ?, ?, &amp#27;[34mdefault&amp#27;[0m)
2024-06-24T10:16:25.085+09:00 TRACE 77710 --- [3runner-bookstore] [           main] org.hibernate.orm.jdbc.bind              : binding parameter (1:VARCHAR) <- [Test Author]
2024-06-24T10:16:25.085+09:00 TRACE 77710 --- [3runner-bookstore] [           main] org.hibernate.orm.jdbc.bind              : binding parameter (2:TIMESTAMP_WITH_TIMEZONE) <- [2024-06-24T10:16:25.084437+09:00[Asia/Seoul]]
2024-06-24T10:16:25.085+09:00 TRACE 77710 --- [3runner-bookstore] [           main] org.hibernate.orm.jdbc.bind              : binding parameter (3:CLOB) <- [Test Description]
2024-06-24T10:16:25.085+09:00 TRACE 77710 --- [3runner-bookstore] [           main] org.hibernate.orm.jdbc.bind              : binding parameter (4:VARCHAR) <- [123456789]
2024-06-24T10:16:25.085+09:00 TRACE 77710 --- [3runner-bookstore] [           main] org.hibernate.orm.jdbc.bind              : binding parameter (5:BOOLEAN) <- [true]
2024-06-24T10:16:25.085+09:00 TRACE 77710 --- [3runner-bookstore] [           main] org.hibernate.orm.jdbc.bind              : binding parameter (6:INTEGER) <- [1000]
2024-06-24T10:16:25.085+09:00 TRACE 77710 --- [3runner-bookstore] [           main] org.hibernate.orm.jdbc.bind              : binding parameter (7:TIMESTAMP_WITH_TIMEZONE) <- [2024-06-24T10:16:25.079307+09:00[Asia/Seoul]]
2024-06-24T10:16:25.085+09:00 TRACE 77710 --- [3runner-bookstore] [           main] org.hibernate.orm.jdbc.bind              : binding parameter (8:VARCHAR) <- [Test Publisher]
2024-06-24T10:16:25.086+09:00 TRACE 77710 --- [3runner-bookstore] [           main] org.hibernate.orm.jdbc.bind              : binding parameter (9:INTEGER) <- [10]
2024-06-24T10:16:25.086+09:00 TRACE 77710 --- [3runner-bookstore] [           main] org.hibernate.orm.jdbc.bind              : binding parameter (10:INTEGER) <- [900]
2024-06-24T10:16:25.086+09:00 TRACE 77710 --- [3runner-bookstore] [           main] org.hibernate.orm.jdbc.bind              : binding parameter (11:VARCHAR) <- [Test Title]
2024-06-24T10:16:25.086+09:00 TRACE 77710 --- [3runner-bookstore] [           main] org.hibernate.orm.jdbc.bind              : binding parameter (12:INTEGER) <- [0]
2024-06-24T10:16:25.086+09:00 TRACE 77710 --- [3runner-bookstore] [           main] o.s.t.i.TransactionInterceptor           : Completing transaction for [org.springframework.data.jpa.repository.support.SimpleJpaRepository.save]
2024-06-24T10:16:25.086+09:00 TRACE 77710 --- [3runner-bookstore] [           main] o.s.t.i.TransactionInterceptor           : Getting transaction for [org.springframework.data.jpa.repository.support.SimpleJpaRepository.save]
&amp#27;[35m[Hibernate]&amp#27;[0m 
    /* &amp#27;[34minsert&amp#27;[0m &amp#27;[34mfor&amp#27;[0m
        com.nhnacademy.bookstore.entity.bookCategory.BookCategory */&amp#27;[34minsert&amp#27;[0m 
    &amp#27;[34minto&amp#27;[0m
        book_category (book_id, category_id, id) 
    &amp#27;[34mvalues&amp#27;[0m
        (?, ?, &amp#27;[34mdefault&amp#27;[0m)
2024-06-24T10:16:25.087+09:00 TRACE 77710 --- [3runner-bookstore] [           main] org.hibernate.orm.jdbc.bind              : binding parameter (1:BIGINT) <- [2]
2024-06-24T10:16:25.087+09:00 TRACE 77710 --- [3runner-bookstore] [           main] org.hibernate.orm.jdbc.bind              : binding parameter (2:BIGINT) <- [4]
2024-06-24T10:16:25.088+09:00 TRACE 77710 --- [3runner-bookstore] [           main] o.s.t.i.TransactionInterceptor           : Completing transaction for [org.springframework.data.jpa.repository.support.SimpleJpaRepository.save]
2024-06-24T10:16:25.088+09:00 TRACE 77710 --- [3runner-bookstore] [           main] o.s.t.i.TransactionInterceptor           : No need to create transaction for [org.springframework.data.jpa.repository.support.SimpleJpaRepository.categoriesWithBookList]: This method is not transactional.
&amp#27;[35m[Hibernate]&amp#27;[0m 
    /* &amp#27;[34mselect&amp#27;[0m
        bookCategory.book.title,
        bookCategory.book.price,
        bookCategory.book.sellingPrice,
        bookCategory.book.author 
    &amp#27;[34mfrom&amp#27;[0m
        BookCategory bookCategory 
    &amp#27;[34mwhere&amp#27;[0m
        bookCategory.category.id = ?1 */ &amp#27;[34mselect&amp#27;[0m
            b1_0.title,
            b1_0.price,
            b1_0.selling_price,
            b1_0.author 
        &amp#27;[34mfrom&amp#27;[0m
            book_category bc1_0 
        &amp#27;[34mjoin&amp#27;[0m
            book b1_0 
                &amp#27;[34mon&amp#27;[0m b1_0.id=bc1_0.book_id 
        &amp#27;[34mwhere&amp#27;[0m
            bc1_0.category_id=? 
        &amp#27;[34moffset&amp#27;[0m
            ? &amp#27;[34mrows&amp#27;[0m 
        &amp#27;[34mfetch&amp#27;[0m
            first ? &amp#27;[34mrows&amp#27;[0m &amp#27;[34monly&amp#27;[0m
2024-06-24T10:16:25.095+09:00 TRACE 77710 --- [3runner-bookstore] [           main] org.hibernate.orm.jdbc.bind              : binding parameter (1:BIGINT) <- [4]
2024-06-24T10:16:25.096+09:00 TRACE 77710 --- [3runner-bookstore] [           main] org.hibernate.orm.jdbc.bind              : binding parameter (2:INTEGER) <- [0]
2024-06-24T10:16:25.096+09:00 TRACE 77710 --- [3runner-bookstore] [           main] org.hibernate.orm.jdbc.bind              : binding parameter (3:INTEGER) <- [10]
&amp#27;[35m[Hibernate]&amp#27;[0m 
    /* &amp#27;[34mselect&amp#27;[0m
        count(bookCategory) 
    &amp#27;[34mfrom&amp#27;[0m
        BookCategory bookCategory 
    &amp#27;[34mwhere&amp#27;[0m
        bookCategory.category.id = ?1 */ &amp#27;[34mselect&amp#27;[0m
            count(bc1_0.id) 
        &amp#27;[34mfrom&amp#27;[0m
            book_category bc1_0 
        &amp#27;[34mwhere&amp#27;[0m
            bc1_0.category_id=?
2024-06-24T10:16:25.104+09:00 TRACE 77710 --- [3runner-bookstore] [           main] org.hibernate.orm.jdbc.bind              : binding parameter (1:BIGINT) <- [4]
]]></system-out>
  </testcase>
  <testcase name="existsByBookAndCategory" classname="com.nhnacademy.bookstore.bookCategory.repository.BookCategoryRepositoryTest" time="0.021">
    <system-out><![CDATA[2024-06-24T10:16:25.116+09:00 TRACE 77710 --- [3runner-bookstore] [           main] o.s.t.i.TransactionInterceptor           : Getting transaction for [org.springframework.data.jpa.repository.support.SimpleJpaRepository.save]
&amp#27;[35m[Hibernate]&amp#27;[0m 
    /* &amp#27;[34minsert&amp#27;[0m &amp#27;[34mfor&amp#27;[0m
        com.nhnacademy.bookstore.entity.category.Category */&amp#27;[34minsert&amp#27;[0m 
    &amp#27;[34minto&amp#27;[0m
        category (name, parent_id, id) 
    &amp#27;[34mvalues&amp#27;[0m
        (?, ?, &amp#27;[34mdefault&amp#27;[0m)
2024-06-24T10:16:25.117+09:00 TRACE 77710 --- [3runner-bookstore] [           main] org.hibernate.orm.jdbc.bind              : binding parameter (1:VARCHAR) <- [카테고리]
2024-06-24T10:16:25.117+09:00 TRACE 77710 --- [3runner-bookstore] [           main] org.hibernate.orm.jdbc.bind              : binding parameter (2:BIGINT) <- [null]
2024-06-24T10:16:25.119+09:00 TRACE 77710 --- [3runner-bookstore] [           main] o.s.t.i.TransactionInterceptor           : Completing transaction for [org.springframework.data.jpa.repository.support.SimpleJpaRepository.save]
2024-06-24T10:16:25.120+09:00 TRACE 77710 --- [3runner-bookstore] [           main] o.s.t.i.TransactionInterceptor           : Getting transaction for [org.springframework.data.jpa.repository.support.SimpleJpaRepository.save]
&amp#27;[35m[Hibernate]&amp#27;[0m 
    /* &amp#27;[34minsert&amp#27;[0m &amp#27;[34mfor&amp#27;[0m
        com.nhnacademy.bookstore.entity.book.Book */&amp#27;[34minsert&amp#27;[0m 
    &amp#27;[34minto&amp#27;[0m
        book (author, created_at, description, isbn, packing, price, published_date, publisher, quantity, selling_price, title, view_count, id) 
    &amp#27;[34mvalues&amp#27;[0m
        (?, ?, ?, ?, ?, ?, ?, ?, ?, ?, ?, ?, &amp#27;[34mdefault&amp#27;[0m)
2024-06-24T10:16:25.121+09:00 TRACE 77710 --- [3runner-bookstore] [           main] org.hibernate.orm.jdbc.bind              : binding parameter (1:VARCHAR) <- [Test Author]
2024-06-24T10:16:25.121+09:00 TRACE 77710 --- [3runner-bookstore] [           main] org.hibernate.orm.jdbc.bind              : binding parameter (2:TIMESTAMP_WITH_TIMEZONE) <- [2024-06-24T10:16:25.120426+09:00[Asia/Seoul]]
2024-06-24T10:16:25.121+09:00 TRACE 77710 --- [3runner-bookstore] [           main] org.hibernate.orm.jdbc.bind              : binding parameter (3:CLOB) <- [Test Description]
2024-06-24T10:16:25.121+09:00 TRACE 77710 --- [3runner-bookstore] [           main] org.hibernate.orm.jdbc.bind              : binding parameter (4:VARCHAR) <- [123456789]
2024-06-24T10:16:25.121+09:00 TRACE 77710 --- [3runner-bookstore] [           main] org.hibernate.orm.jdbc.bind              : binding parameter (5:BOOLEAN) <- [true]
2024-06-24T10:16:25.121+09:00 TRACE 77710 --- [3runner-bookstore] [           main] org.hibernate.orm.jdbc.bind              : binding parameter (6:INTEGER) <- [1000]
2024-06-24T10:16:25.121+09:00 TRACE 77710 --- [3runner-bookstore] [           main] org.hibernate.orm.jdbc.bind              : binding parameter (7:TIMESTAMP_WITH_TIMEZONE) <- [2024-06-24T10:16:25.115941+09:00[Asia/Seoul]]
2024-06-24T10:16:25.121+09:00 TRACE 77710 --- [3runner-bookstore] [           main] org.hibernate.orm.jdbc.bind              : binding parameter (8:VARCHAR) <- [Test Publisher]
2024-06-24T10:16:25.122+09:00 TRACE 77710 --- [3runner-bookstore] [           main] org.hibernate.orm.jdbc.bind              : binding parameter (9:INTEGER) <- [10]
2024-06-24T10:16:25.122+09:00 TRACE 77710 --- [3runner-bookstore] [           main] org.hibernate.orm.jdbc.bind              : binding parameter (10:INTEGER) <- [900]
2024-06-24T10:16:25.122+09:00 TRACE 77710 --- [3runner-bookstore] [           main] org.hibernate.orm.jdbc.bind              : binding parameter (11:VARCHAR) <- [Test Title]
2024-06-24T10:16:25.122+09:00 TRACE 77710 --- [3runner-bookstore] [           main] org.hibernate.orm.jdbc.bind              : binding parameter (12:INTEGER) <- [0]
2024-06-24T10:16:25.122+09:00 TRACE 77710 --- [3runner-bookstore] [           main] o.s.t.i.TransactionInterceptor           : Completing transaction for [org.springframework.data.jpa.repository.support.SimpleJpaRepository.save]
2024-06-24T10:16:25.122+09:00 TRACE 77710 --- [3runner-bookstore] [           main] o.s.t.i.TransactionInterceptor           : Getting transaction for [org.springframework.data.jpa.repository.support.SimpleJpaRepository.saveAll]
&amp#27;[35m[Hibernate]&amp#27;[0m 
    /* &amp#27;[34minsert&amp#27;[0m &amp#27;[34mfor&amp#27;[0m
        com.nhnacademy.bookstore.entity.bookCategory.BookCategory */&amp#27;[34minsert&amp#27;[0m 
    &amp#27;[34minto&amp#27;[0m
        book_category (book_id, category_id, id) 
    &amp#27;[34mvalues&amp#27;[0m
        (?, ?, &amp#27;[34mdefault&amp#27;[0m)
2024-06-24T10:16:25.123+09:00 TRACE 77710 --- [3runner-bookstore] [           main] org.hibernate.orm.jdbc.bind              : binding parameter (1:BIGINT) <- [3]
2024-06-24T10:16:25.123+09:00 TRACE 77710 --- [3runner-bookstore] [           main] org.hibernate.orm.jdbc.bind              : binding parameter (2:BIGINT) <- [7]
2024-06-24T10:16:25.123+09:00 TRACE 77710 --- [3runner-bookstore] [           main] o.s.t.i.TransactionInterceptor           : Completing transaction for [org.springframework.data.jpa.repository.support.SimpleJpaRepository.saveAll]
2024-06-24T10:16:25.124+09:00 TRACE 77710 --- [3runner-bookstore] [           main] o.s.t.i.TransactionInterceptor           : No need to create transaction for [org.springframework.data.jpa.repository.support.SimpleJpaRepository.existsByBookAndCategory]: This method is not transactional.
&amp#27;[35m[Hibernate]&amp#27;[0m 
    /* <criteria> */ &amp#27;[34mselect&amp#27;[0m
        bc1_0.id 
    &amp#27;[34mfrom&amp#27;[0m
        book_category bc1_0 
    &amp#27;[34mwhere&amp#27;[0m
        bc1_0.book_id=? 
        &amp#27;[34mand&amp#27;[0m bc1_0.category_id=? 
    &amp#27;[34mfetch&amp#27;[0m
        first ? &amp#27;[34mrows&amp#27;[0m &amp#27;[34monly&amp#27;[0m
2024-06-24T10:16:25.130+09:00 TRACE 77710 --- [3runner-bookstore] [           main] org.hibernate.orm.jdbc.bind              : binding parameter (1:BIGINT) <- [3]
2024-06-24T10:16:25.130+09:00 TRACE 77710 --- [3runner-bookstore] [           main] org.hibernate.orm.jdbc.bind              : binding parameter (2:BIGINT) <- [7]
2024-06-24T10:16:25.130+09:00 TRACE 77710 --- [3runner-bookstore] [           main] org.hibernate.orm.jdbc.bind              : binding parameter (3:INTEGER) <- [1]
]]></system-out>
  </testcase>
  <testcase name="categoryWithBookListTest" classname="com.nhnacademy.bookstore.bookCategory.repository.BookCategoryRepositoryTest" time="0.016">
    <system-out><![CDATA[2024-06-24T10:16:25.138+09:00 TRACE 77710 --- [3runner-bookstore] [           main] o.s.t.i.TransactionInterceptor           : Getting transaction for [org.springframework.data.jpa.repository.support.SimpleJpaRepository.saveAll]
&amp#27;[35m[Hibernate]&amp#27;[0m 
    /* &amp#27;[34minsert&amp#27;[0m &amp#27;[34mfor&amp#27;[0m
        com.nhnacademy.bookstore.entity.category.Category */&amp#27;[34minsert&amp#27;[0m 
    &amp#27;[34minto&amp#27;[0m
        category (name, parent_id, id) 
    &amp#27;[34mvalues&amp#27;[0m
        (?, ?, &amp#27;[34mdefault&amp#27;[0m)
2024-06-24T10:16:25.139+09:00 TRACE 77710 --- [3runner-bookstore] [           main] org.hibernate.orm.jdbc.bind              : binding parameter (1:VARCHAR) <- [부모 카데고리1]
2024-06-24T10:16:25.139+09:00 TRACE 77710 --- [3runner-bookstore] [           main] org.hibernate.orm.jdbc.bind              : binding parameter (2:BIGINT) <- [null]
&amp#27;[35m[Hibernate]&amp#27;[0m 
    /* &amp#27;[34minsert&amp#27;[0m &amp#27;[34mfor&amp#27;[0m
        com.nhnacademy.bookstore.entity.category.Category */&amp#27;[34minsert&amp#27;[0m 
    &amp#27;[34minto&amp#27;[0m
        category (name, parent_id, id) 
    &amp#27;[34mvalues&amp#27;[0m
        (?, ?, &amp#27;[34mdefault&amp#27;[0m)
2024-06-24T10:16:25.141+09:00 TRACE 77710 --- [3runner-bookstore] [           main] org.hibernate.orm.jdbc.bind              : binding parameter (1:VARCHAR) <- [자식 카데고리1]
2024-06-24T10:16:25.141+09:00 TRACE 77710 --- [3runner-bookstore] [           main] org.hibernate.orm.jdbc.bind              : binding parameter (2:BIGINT) <- [8]
&amp#27;[35m[Hibernate]&amp#27;[0m 
    /* &amp#27;[34minsert&amp#27;[0m &amp#27;[34mfor&amp#27;[0m
        com.nhnacademy.bookstore.entity.category.Category */&amp#27;[34minsert&amp#27;[0m 
    &amp#27;[34minto&amp#27;[0m
        category (name, parent_id, id) 
    &amp#27;[34mvalues&amp#27;[0m
        (?, ?, &amp#27;[34mdefault&amp#27;[0m)
2024-06-24T10:16:25.142+09:00 TRACE 77710 --- [3runner-bookstore] [           main] org.hibernate.orm.jdbc.bind              : binding parameter (1:VARCHAR) <- [자식 카데고리2]
2024-06-24T10:16:25.142+09:00 TRACE 77710 --- [3runner-bookstore] [           main] org.hibernate.orm.jdbc.bind              : binding parameter (2:BIGINT) <- [8]
2024-06-24T10:16:25.142+09:00 TRACE 77710 --- [3runner-bookstore] [           main] o.s.t.i.TransactionInterceptor           : Completing transaction for [org.springframework.data.jpa.repository.support.SimpleJpaRepository.saveAll]
2024-06-24T10:16:25.142+09:00 TRACE 77710 --- [3runner-bookstore] [           main] o.s.t.i.TransactionInterceptor           : Getting transaction for [org.springframework.data.jpa.repository.support.SimpleJpaRepository.save]
&amp#27;[35m[Hibernate]&amp#27;[0m 
    /* &amp#27;[34minsert&amp#27;[0m &amp#27;[34mfor&amp#27;[0m
        com.nhnacademy.bookstore.entity.book.Book */&amp#27;[34minsert&amp#27;[0m 
    &amp#27;[34minto&amp#27;[0m
        book (author, created_at, description, isbn, packing, price, published_date, publisher, quantity, selling_price, title, view_count, id) 
    &amp#27;[34mvalues&amp#27;[0m
        (?, ?, ?, ?, ?, ?, ?, ?, ?, ?, ?, ?, &amp#27;[34mdefault&amp#27;[0m)
2024-06-24T10:16:25.143+09:00 TRACE 77710 --- [3runner-bookstore] [           main] org.hibernate.orm.jdbc.bind              : binding parameter (1:VARCHAR) <- [Test Author]
2024-06-24T10:16:25.143+09:00 TRACE 77710 --- [3runner-bookstore] [           main] org.hibernate.orm.jdbc.bind              : binding parameter (2:TIMESTAMP_WITH_TIMEZONE) <- [2024-06-24T10:16:25.142877+09:00[Asia/Seoul]]
2024-06-24T10:16:25.143+09:00 TRACE 77710 --- [3runner-bookstore] [           main] org.hibernate.orm.jdbc.bind              : binding parameter (3:CLOB) <- [Test Description]
2024-06-24T10:16:25.143+09:00 TRACE 77710 --- [3runner-bookstore] [           main] org.hibernate.orm.jdbc.bind              : binding parameter (4:VARCHAR) <- [123456789]
2024-06-24T10:16:25.143+09:00 TRACE 77710 --- [3runner-bookstore] [           main] org.hibernate.orm.jdbc.bind              : binding parameter (5:BOOLEAN) <- [true]
2024-06-24T10:16:25.143+09:00 TRACE 77710 --- [3runner-bookstore] [           main] org.hibernate.orm.jdbc.bind              : binding parameter (6:INTEGER) <- [1000]
2024-06-24T10:16:25.143+09:00 TRACE 77710 --- [3runner-bookstore] [           main] org.hibernate.orm.jdbc.bind              : binding parameter (7:TIMESTAMP_WITH_TIMEZONE) <- [2024-06-24T10:16:25.138241+09:00[Asia/Seoul]]
2024-06-24T10:16:25.144+09:00 TRACE 77710 --- [3runner-bookstore] [           main] org.hibernate.orm.jdbc.bind              : binding parameter (8:VARCHAR) <- [Test Publisher]
2024-06-24T10:16:25.144+09:00 TRACE 77710 --- [3runner-bookstore] [           main] org.hibernate.orm.jdbc.bind              : binding parameter (9:INTEGER) <- [10]
2024-06-24T10:16:25.144+09:00 TRACE 77710 --- [3runner-bookstore] [           main] org.hibernate.orm.jdbc.bind              : binding parameter (10:INTEGER) <- [900]
2024-06-24T10:16:25.144+09:00 TRACE 77710 --- [3runner-bookstore] [           main] org.hibernate.orm.jdbc.bind              : binding parameter (11:VARCHAR) <- [Test Title]
2024-06-24T10:16:25.144+09:00 TRACE 77710 --- [3runner-bookstore] [           main] org.hibernate.orm.jdbc.bind              : binding parameter (12:INTEGER) <- [0]
2024-06-24T10:16:25.144+09:00 TRACE 77710 --- [3runner-bookstore] [           main] o.s.t.i.TransactionInterceptor           : Completing transaction for [org.springframework.data.jpa.repository.support.SimpleJpaRepository.save]
2024-06-24T10:16:25.144+09:00 TRACE 77710 --- [3runner-bookstore] [           main] o.s.t.i.TransactionInterceptor           : Getting transaction for [org.springframework.data.jpa.repository.support.SimpleJpaRepository.save]
&amp#27;[35m[Hibernate]&amp#27;[0m 
    /* &amp#27;[34minsert&amp#27;[0m &amp#27;[34mfor&amp#27;[0m
        com.nhnacademy.bookstore.entity.bookCategory.BookCategory */&amp#27;[34minsert&amp#27;[0m 
    &amp#27;[34minto&amp#27;[0m
        book_category (book_id, category_id, id) 
    &amp#27;[34mvalues&amp#27;[0m
        (?, ?, &amp#27;[34mdefault&amp#27;[0m)
2024-06-24T10:16:25.145+09:00 TRACE 77710 --- [3runner-bookstore] [           main] org.hibernate.orm.jdbc.bind              : binding parameter (1:BIGINT) <- [4]
2024-06-24T10:16:25.145+09:00 TRACE 77710 --- [3runner-bookstore] [           main] org.hibernate.orm.jdbc.bind              : binding parameter (2:BIGINT) <- [8]
2024-06-24T10:16:25.145+09:00 TRACE 77710 --- [3runner-bookstore] [           main] o.s.t.i.TransactionInterceptor           : Completing transaction for [org.springframework.data.jpa.repository.support.SimpleJpaRepository.save]
2024-06-24T10:16:25.145+09:00 TRACE 77710 --- [3runner-bookstore] [           main] o.s.t.i.TransactionInterceptor           : No need to create transaction for [org.springframework.data.jpa.repository.support.SimpleJpaRepository.categoryWithBookList]: This method is not transactional.
&amp#27;[35m[Hibernate]&amp#27;[0m 
    /* &amp#27;[34mselect&amp#27;[0m
        bookCategory.book.title,
        bookCategory.book.price,
        bookCategory.book.sellingPrice,
        bookCategory.book.author 
    &amp#27;[34mfrom&amp#27;[0m
        BookCategory bookCategory 
    &amp#27;[34mwhere&amp#27;[0m
        bookCategory.category.id = ?1 */ &amp#27;[34mselect&amp#27;[0m
            b1_0.title,
            b1_0.price,
            b1_0.selling_price,
            b1_0.author 
        &amp#27;[34mfrom&amp#27;[0m
            book_category bc1_0 
        &amp#27;[34mjoin&amp#27;[0m
            book b1_0 
                &amp#27;[34mon&amp#27;[0m b1_0.id=bc1_0.book_id 
        &amp#27;[34mwhere&amp#27;[0m
            bc1_0.category_id=? 
        &amp#27;[34moffset&amp#27;[0m
            ? &amp#27;[34mrows&amp#27;[0m 
        &amp#27;[34mfetch&amp#27;[0m
            first ? &amp#27;[34mrows&amp#27;[0m &amp#27;[34monly&amp#27;[0m
2024-06-24T10:16:25.147+09:00 TRACE 77710 --- [3runner-bookstore] [           main] org.hibernate.orm.jdbc.bind              : binding parameter (1:BIGINT) <- [8]
2024-06-24T10:16:25.147+09:00 TRACE 77710 --- [3runner-bookstore] [           main] org.hibernate.orm.jdbc.bind              : binding parameter (2:INTEGER) <- [0]
2024-06-24T10:16:25.147+09:00 TRACE 77710 --- [3runner-bookstore] [           main] org.hibernate.orm.jdbc.bind              : binding parameter (3:INTEGER) <- [10]
&amp#27;[35m[Hibernate]&amp#27;[0m 
    /* &amp#27;[34mselect&amp#27;[0m
        count(bookCategory) 
    &amp#27;[34mfrom&amp#27;[0m
        BookCategory bookCategory 
    &amp#27;[34mwhere&amp#27;[0m
        bookCategory.category.id = ?1 */ &amp#27;[34mselect&amp#27;[0m
            count(bc1_0.id) 
        &amp#27;[34mfrom&amp#27;[0m
            book_category bc1_0 
        &amp#27;[34mwhere&amp#27;[0m
            bc1_0.category_id=?
2024-06-24T10:16:25.149+09:00 TRACE 77710 --- [3runner-bookstore] [           main] org.hibernate.orm.jdbc.bind              : binding parameter (1:BIGINT) <- [8]
]]></system-out>
  </testcase>
  <testcase name="deletedByBookTest" classname="com.nhnacademy.bookstore.bookCategory.repository.BookCategoryRepositoryTest" time="0.032">
    <system-out><![CDATA[2024-06-24T10:16:25.154+09:00 TRACE 77710 --- [3runner-bookstore] [           main] o.s.t.i.TransactionInterceptor           : Getting transaction for [org.springframework.data.jpa.repository.support.SimpleJpaRepository.saveAll]
&amp#27;[35m[Hibernate]&amp#27;[0m 
    /* &amp#27;[34minsert&amp#27;[0m &amp#27;[34mfor&amp#27;[0m
        com.nhnacademy.bookstore.entity.category.Category */&amp#27;[34minsert&amp#27;[0m 
    &amp#27;[34minto&amp#27;[0m
        category (name, parent_id, id) 
    &amp#27;[34mvalues&amp#27;[0m
        (?, ?, &amp#27;[34mdefault&amp#27;[0m)
2024-06-24T10:16:25.155+09:00 TRACE 77710 --- [3runner-bookstore] [           main] org.hibernate.orm.jdbc.bind              : binding parameter (1:VARCHAR) <- [부모 카데고리1]
2024-06-24T10:16:25.155+09:00 TRACE 77710 --- [3runner-bookstore] [           main] org.hibernate.orm.jdbc.bind              : binding parameter (2:BIGINT) <- [null]
&amp#27;[35m[Hibernate]&amp#27;[0m 
    /* &amp#27;[34minsert&amp#27;[0m &amp#27;[34mfor&amp#27;[0m
        com.nhnacademy.bookstore.entity.category.Category */&amp#27;[34minsert&amp#27;[0m 
    &amp#27;[34minto&amp#27;[0m
        category (name, parent_id, id) 
    &amp#27;[34mvalues&amp#27;[0m
        (?, ?, &amp#27;[34mdefault&amp#27;[0m)
2024-06-24T10:16:25.156+09:00 TRACE 77710 --- [3runner-bookstore] [           main] org.hibernate.orm.jdbc.bind              : binding parameter (1:VARCHAR) <- [자식 카데고리1]
2024-06-24T10:16:25.156+09:00 TRACE 77710 --- [3runner-bookstore] [           main] org.hibernate.orm.jdbc.bind              : binding parameter (2:BIGINT) <- [11]
&amp#27;[35m[Hibernate]&amp#27;[0m 
    /* &amp#27;[34minsert&amp#27;[0m &amp#27;[34mfor&amp#27;[0m
        com.nhnacademy.bookstore.entity.category.Category */&amp#27;[34minsert&amp#27;[0m 
    &amp#27;[34minto&amp#27;[0m
        category (name, parent_id, id) 
    &amp#27;[34mvalues&amp#27;[0m
        (?, ?, &amp#27;[34mdefault&amp#27;[0m)
2024-06-24T10:16:25.157+09:00 TRACE 77710 --- [3runner-bookstore] [           main] org.hibernate.orm.jdbc.bind              : binding parameter (1:VARCHAR) <- [자식 카데고리2]
2024-06-24T10:16:25.157+09:00 TRACE 77710 --- [3runner-bookstore] [           main] org.hibernate.orm.jdbc.bind              : binding parameter (2:BIGINT) <- [11]
2024-06-24T10:16:25.157+09:00 TRACE 77710 --- [3runner-bookstore] [           main] o.s.t.i.TransactionInterceptor           : Completing transaction for [org.springframework.data.jpa.repository.support.SimpleJpaRepository.saveAll]
2024-06-24T10:16:25.157+09:00 TRACE 77710 --- [3runner-bookstore] [           main] o.s.t.i.TransactionInterceptor           : Getting transaction for [org.springframework.data.jpa.repository.support.SimpleJpaRepository.save]
&amp#27;[35m[Hibernate]&amp#27;[0m 
    /* &amp#27;[34minsert&amp#27;[0m &amp#27;[34mfor&amp#27;[0m
        com.nhnacademy.bookstore.entity.book.Book */&amp#27;[34minsert&amp#27;[0m 
    &amp#27;[34minto&amp#27;[0m
        book (author, created_at, description, isbn, packing, price, published_date, publisher, quantity, selling_price, title, view_count, id) 
    &amp#27;[34mvalues&amp#27;[0m
        (?, ?, ?, ?, ?, ?, ?, ?, ?, ?, ?, ?, &amp#27;[34mdefault&amp#27;[0m)
2024-06-24T10:16:25.159+09:00 TRACE 77710 --- [3runner-bookstore] [           main] org.hibernate.orm.jdbc.bind              : binding parameter (1:VARCHAR) <- [Test Author]
2024-06-24T10:16:25.159+09:00 TRACE 77710 --- [3runner-bookstore] [           main] org.hibernate.orm.jdbc.bind              : binding parameter (2:TIMESTAMP_WITH_TIMEZONE) <- [2024-06-24T10:16:25.158068+09:00[Asia/Seoul]]
2024-06-24T10:16:25.159+09:00 TRACE 77710 --- [3runner-bookstore] [           main] org.hibernate.orm.jdbc.bind              : binding parameter (3:CLOB) <- [Test Description]
2024-06-24T10:16:25.159+09:00 TRACE 77710 --- [3runner-bookstore] [           main] org.hibernate.orm.jdbc.bind              : binding parameter (4:VARCHAR) <- [123456789]
2024-06-24T10:16:25.159+09:00 TRACE 77710 --- [3runner-bookstore] [           main] org.hibernate.orm.jdbc.bind              : binding parameter (5:BOOLEAN) <- [true]
2024-06-24T10:16:25.159+09:00 TRACE 77710 --- [3runner-bookstore] [           main] org.hibernate.orm.jdbc.bind              : binding parameter (6:INTEGER) <- [1000]
2024-06-24T10:16:25.159+09:00 TRACE 77710 --- [3runner-bookstore] [           main] org.hibernate.orm.jdbc.bind              : binding parameter (7:TIMESTAMP_WITH_TIMEZONE) <- [2024-06-24T10:16:25.153890+09:00[Asia/Seoul]]
2024-06-24T10:16:25.159+09:00 TRACE 77710 --- [3runner-bookstore] [           main] org.hibernate.orm.jdbc.bind              : binding parameter (8:VARCHAR) <- [Test Publisher]
2024-06-24T10:16:25.159+09:00 TRACE 77710 --- [3runner-bookstore] [           main] org.hibernate.orm.jdbc.bind              : binding parameter (9:INTEGER) <- [10]
2024-06-24T10:16:25.160+09:00 TRACE 77710 --- [3runner-bookstore] [           main] org.hibernate.orm.jdbc.bind              : binding parameter (10:INTEGER) <- [900]
2024-06-24T10:16:25.160+09:00 TRACE 77710 --- [3runner-bookstore] [           main] org.hibernate.orm.jdbc.bind              : binding parameter (11:VARCHAR) <- [Test Title]
2024-06-24T10:16:25.160+09:00 TRACE 77710 --- [3runner-bookstore] [           main] org.hibernate.orm.jdbc.bind              : binding parameter (12:INTEGER) <- [0]
2024-06-24T10:16:25.160+09:00 TRACE 77710 --- [3runner-bookstore] [           main] o.s.t.i.TransactionInterceptor           : Completing transaction for [org.springframework.data.jpa.repository.support.SimpleJpaRepository.save]
2024-06-24T10:16:25.160+09:00 TRACE 77710 --- [3runner-bookstore] [           main] o.s.t.i.TransactionInterceptor           : Getting transaction for [org.springframework.data.jpa.repository.support.SimpleJpaRepository.saveAll]
&amp#27;[35m[Hibernate]&amp#27;[0m 
    /* &amp#27;[34minsert&amp#27;[0m &amp#27;[34mfor&amp#27;[0m
        com.nhnacademy.bookstore.entity.bookCategory.BookCategory */&amp#27;[34minsert&amp#27;[0m 
    &amp#27;[34minto&amp#27;[0m
        book_category (book_id, category_id, id) 
    &amp#27;[34mvalues&amp#27;[0m
        (?, ?, &amp#27;[34mdefault&amp#27;[0m)
2024-06-24T10:16:25.161+09:00 TRACE 77710 --- [3runner-bookstore] [           main] org.hibernate.orm.jdbc.bind              : binding parameter (1:BIGINT) <- [5]
2024-06-24T10:16:25.161+09:00 TRACE 77710 --- [3runner-bookstore] [           main] org.hibernate.orm.jdbc.bind              : binding parameter (2:BIGINT) <- [11]
&amp#27;[35m[Hibernate]&amp#27;[0m 
    /* &amp#27;[34minsert&amp#27;[0m &amp#27;[34mfor&amp#27;[0m
        com.nhnacademy.bookstore.entity.bookCategory.BookCategory */&amp#27;[34minsert&amp#27;[0m 
    &amp#27;[34minto&amp#27;[0m
        book_category (book_id, category_id, id) 
    &amp#27;[34mvalues&amp#27;[0m
        (?, ?, &amp#27;[34mdefault&amp#27;[0m)
2024-06-24T10:16:25.161+09:00 TRACE 77710 --- [3runner-bookstore] [           main] org.hibernate.orm.jdbc.bind              : binding parameter (1:BIGINT) <- [5]
2024-06-24T10:16:25.162+09:00 TRACE 77710 --- [3runner-bookstore] [           main] org.hibernate.orm.jdbc.bind              : binding parameter (2:BIGINT) <- [12]
&amp#27;[35m[Hibernate]&amp#27;[0m 
    /* &amp#27;[34minsert&amp#27;[0m &amp#27;[34mfor&amp#27;[0m
        com.nhnacademy.bookstore.entity.bookCategory.BookCategory */&amp#27;[34minsert&amp#27;[0m 
    &amp#27;[34minto&amp#27;[0m
        book_category (book_id, category_id, id) 
    &amp#27;[34mvalues&amp#27;[0m
        (?, ?, &amp#27;[34mdefault&amp#27;[0m)
2024-06-24T10:16:25.162+09:00 TRACE 77710 --- [3runner-bookstore] [           main] org.hibernate.orm.jdbc.bind              : binding parameter (1:BIGINT) <- [5]
2024-06-24T10:16:25.162+09:00 TRACE 77710 --- [3runner-bookstore] [           main] org.hibernate.orm.jdbc.bind              : binding parameter (2:BIGINT) <- [13]
2024-06-24T10:16:25.163+09:00 TRACE 77710 --- [3runner-bookstore] [           main] o.s.t.i.TransactionInterceptor           : Completing transaction for [org.springframework.data.jpa.repository.support.SimpleJpaRepository.saveAll]
2024-06-24T10:16:25.163+09:00 TRACE 77710 --- [3runner-bookstore] [           main] o.s.t.i.TransactionInterceptor           : No need to create transaction for [org.springframework.data.jpa.repository.support.SimpleJpaRepository.deleteByBook]: This method is not transactional.
&amp#27;[35m[Hibernate]&amp#27;[0m 
    /* <criteria> */ &amp#27;[34mselect&amp#27;[0m
        bc1_0.id,
        bc1_0.book_id,
        bc1_0.category_id 
    &amp#27;[34mfrom&amp#27;[0m
        book_category bc1_0 
    &amp#27;[34mwhere&amp#27;[0m
        bc1_0.book_id=?
2024-06-24T10:16:25.165+09:00 TRACE 77710 --- [3runner-bookstore] [           main] org.hibernate.orm.jdbc.bind              : binding parameter (1:BIGINT) <- [5]
2024-06-24T10:16:25.169+09:00 TRACE 77710 --- [3runner-bookstore] [           main] o.s.t.i.TransactionInterceptor           : Getting transaction for [org.springframework.data.jpa.repository.support.SimpleJpaRepository.findAll]
&amp#27;[35m[Hibernate]&amp#27;[0m 
    /* &amp#27;[34mdelete&amp#27;[0m &amp#27;[34mfor&amp#27;[0m com.nhnacademy.bookstore.entity.bookCategory.BookCategory */&amp#27;[34mdelete&amp#27;[0m 
    &amp#27;[34mfrom&amp#27;[0m
        book_category 
    &amp#27;[34mwhere&amp#27;[0m
        id=?
2024-06-24T10:16:25.174+09:00 TRACE 77710 --- [3runner-bookstore] [           main] org.hibernate.orm.jdbc.bind              : binding parameter (1:BIGINT) <- [5]
&amp#27;[35m[Hibernate]&amp#27;[0m 
    /* &amp#27;[34mdelete&amp#27;[0m &amp#27;[34mfor&amp#27;[0m com.nhnacademy.bookstore.entity.bookCategory.BookCategory */&amp#27;[34mdelete&amp#27;[0m 
    &amp#27;[34mfrom&amp#27;[0m
        book_category 
    &amp#27;[34mwhere&amp#27;[0m
        id=?
2024-06-24T10:16:25.181+09:00 TRACE 77710 --- [3runner-bookstore] [           main] org.hibernate.orm.jdbc.bind              : binding parameter (1:BIGINT) <- [6]
&amp#27;[35m[Hibernate]&amp#27;[0m 
    /* &amp#27;[34mdelete&amp#27;[0m &amp#27;[34mfor&amp#27;[0m com.nhnacademy.bookstore.entity.bookCategory.BookCategory */&amp#27;[34mdelete&amp#27;[0m 
    &amp#27;[34mfrom&amp#27;[0m
        book_category 
    &amp#27;[34mwhere&amp#27;[0m
        id=?
2024-06-24T10:16:25.181+09:00 TRACE 77710 --- [3runner-bookstore] [           main] org.hibernate.orm.jdbc.bind              : binding parameter (1:BIGINT) <- [7]
&amp#27;[35m[Hibernate]&amp#27;[0m 
    /* <criteria> */ &amp#27;[34mselect&amp#27;[0m
        bc1_0.id,
        bc1_0.book_id,
        bc1_0.category_id 
    &amp#27;[34mfrom&amp#27;[0m
        book_category bc1_0
2024-06-24T10:16:25.182+09:00 TRACE 77710 --- [3runner-bookstore] [           main] o.s.t.i.TransactionInterceptor           : Completing transaction for [org.springframework.data.jpa.repository.support.SimpleJpaRepository.findAll]
]]></system-out>
  </testcase>
</testsuite>