<?xml version="1.0" encoding="UTF-8"?>
<testsuite xmlns:xsi="http://www.w3.org/2001/XMLSchema-instance" xsi:noNamespaceSchemaLocation="https://maven.apache.org/surefire/maven-surefire-plugin/xsd/surefire-test-report-3.0.xsd" version="3.0" name="com.nhnacademy.bookstore.purchase.purchaseBook.repository.PurchaseBookRepositoryTest" time="1.271" tests="2" errors="0" skipped="0" failures="0">
  <properties>
[...]
</properties>
  <testcase name="testFindAllByPurchaseId" classname="com.nhnacademy.bookstore.purchase.purchaseBook.repository.PurchaseBookRepositoryTest" time="0.121">
    <system-out><![CDATA[2024-06-21T13:35:48.481+09:00  INFO 13201 --- [3runner-bookstore] [           main] t.c.s.AnnotationConfigContextLoaderUtils : Could not detect default configuration classes for test class [com.nhnacademy.bookstore.purchase.purchaseBook.repository.PurchaseBookRepositoryTest]: PurchaseBookRepositoryTest does not declare any static, non-private, non-final, nested classes annotated with @Configuration.
2024-06-21T13:35:48.513+09:00  INFO 13201 --- [3runner-bookstore] [           main] .b.t.c.SpringBootTestContextBootstrapper : Found @SpringBootConfiguration com.nhnacademy.bookstore.Application for test class com.nhnacademy.bookstore.purchase.purchaseBook.repository.PurchaseBookRepositoryTest
  .   ____          _            __ _ _
 /\\ / ___'_ __ _ _(_)_ __  __ _ \ \ \ \
( ( )\___ | '_ | '_| | '_ \/ _` | \ \ \ \
 \\/  ___)| |_)| | | | | || (_| |  ) ) ) )
  '  |____| .__|_| |_|_| |_\__, | / / / /
 =========|_|==============|___/=/_/_/_/

 :: Spring Boot ::                (v3.3.0)

2024-06-21T13:35:48.544+09:00  INFO 13201 --- [3runner-bookstore] [           main] c.n.b.p.p.r.PurchaseBookRepositoryTest   : Starting PurchaseBookRepositoryTest using Java 21.0.3 with PID 13201 (started by jeongjuhyeok in /Users/jeongjuhyeok/Desktop/3runner/3runner-bookstore/3runner-bookstore)
2024-06-21T13:35:48.544+09:00  INFO 13201 --- [3runner-bookstore] [           main] c.n.b.p.p.r.PurchaseBookRepositoryTest   : The following 1 profile is active: "dev"
2024-06-21T13:35:48.622+09:00  INFO 13201 --- [3runner-bookstore] [           main] .s.d.r.c.RepositoryConfigurationDelegate : Multiple Spring Data modules found, entering strict repository configuration mode
2024-06-21T13:35:48.622+09:00  INFO 13201 --- [3runner-bookstore] [           main] .s.d.r.c.RepositoryConfigurationDelegate : Bootstrapping Spring Data JPA repositories in DEFAULT mode.
2024-06-21T13:35:48.646+09:00  INFO 13201 --- [3runner-bookstore] [           main] .s.d.r.c.RepositoryConfigurationDelegate : Finished Spring Data repository scanning in 24 ms. Found 26 JPA repository interfaces.
2024-06-21T13:35:48.664+09:00  INFO 13201 --- [3runner-bookstore] [           main] beddedDataSourceBeanFactoryPostProcessor : Replacing 'dataSource' DataSource bean with embedded version
2024-06-21T13:35:48.679+09:00  INFO 13201 --- [3runner-bookstore] [           main] o.s.j.d.e.EmbeddedDatabaseFactory        : Starting embedded database: url='jdbc:h2:mem:1daf9a22-fe63-4447-9f4f-7a24de67ebb0;DB_CLOSE_DELAY=-1;DB_CLOSE_ON_EXIT=false', username='sa'
2024-06-21T13:35:48.801+09:00  INFO 13201 --- [3runner-bookstore] [           main] o.hibernate.jpa.internal.util.LogHelper  : HHH000204: Processing PersistenceUnitInfo [name: default]
2024-06-21T13:35:48.802+09:00  INFO 13201 --- [3runner-bookstore] [           main] o.h.c.internal.RegionFactoryInitiator    : HHH000026: Second-level cache disabled
2024-06-21T13:35:48.807+09:00  INFO 13201 --- [3runner-bookstore] [           main] o.s.o.j.p.SpringPersistenceUnitInfo      : No LoadTimeWeaver setup: ignoring JPA class transformer
2024-06-21T13:35:49.055+09:00  INFO 13201 --- [3runner-bookstore] [           main] o.h.e.t.j.p.i.JtaPlatformInitiator       : HHH000489: No JTA platform available (set 'hibernate.transaction.jta.platform' to enable JTA platform integration)
Hibernate: create table address (id bigint generated by default as identity, city varchar(100) not null, country varchar(100) not null, name varchar(20) not null, postal_code varchar(20) not null, road varchar(100) not null, state varchar(100) not null, member_id bigint not null, primary key (id))
Hibernate: create table auth (id bigint generated by default as identity, name varchar(50), primary key (id))
Hibernate: create table book (id bigint generated by default as identity, author varchar(50) not null, created_at timestamp(6) with time zone not null, description TEXT, isbn varchar(20) not null, packing boolean not null, price integer not null check (price>=0), published_date timestamp(6) with time zone, publisher varchar(50) not null, quantity integer not null check (quantity>=0), selling_price integer not null check (selling_price>=0), title varchar(50) not null, view_count int default 0 not null check (view_count>=0), primary key (id))
Hibernate: create table book_cart (id bigint generated by default as identity, created_at timestamp(6) with time zone not null, quantity int default 0 not null check (quantity>=0), book_id bigint, cart_id bigint, primary key (id))
Hibernate: create table book_category (id bigint generated by default as identity, book_id bigint, category_id bigint, primary key (id))
Hibernate: create table book_image (type tinyint not null check (type between 0 and 2), url varchar(50) not null, book_id bigint not null, primary key (book_id))
Hibernate: create table book_like (id bigint generated by default as identity, created_at timestamp(6) with time zone not null, book_id bigint, member_id bigint, primary key (id))
Hibernate: create table book_tag (id bigint generated by default as identity, book_id bigint, tag_id bigint, primary key (id))
Hibernate: create table cart (id bigint generated by default as identity, member_id bigint, primary key (id))
Hibernate: create table category (id bigint generated by default as identity, name varchar(30) not null, parent_id bigint, primary key (id))
Hibernate: create table comment (id bigint generated by default as identity, content varchar(100) not null, created_at timestamp(6) with time zone not null, deleted_at timestamp(6) with time zone, status tinyint not null check (status between 0 and 1), updated_at timestamp(6) with time zone, member_id bigint, review_id bigint not null, primary key (id))
Hibernate: create table coupon (id bigint generated by default as identity, coupon_form_id bigint not null, coupon_status tinyint not null check (coupon_status between 0 and 1), issued_at timestamp(6) with time zone not null, member_id bigint, primary key (id))
Hibernate: create table member (id bigint generated by default as identity, age integer not null, birthday timestamp(6) with time zone, created_at timestamp(6) with time zone not null, deleted_at timestamp(6) with time zone, email varchar(255) not null, grade tinyint not null check (grade between 0 and 3), last_login_date timestamp(6) with time zone, modified_at timestamp(6) with time zone, name varchar(10) not null, password varchar(50) not null, phone varchar(11) not null, point bigint not null, status tinyint not null check (status between 0 and 2), primary key (id))
Hibernate: create table member_auth (id bigint generated by default as identity, auth_id bigint not null, member_id bigint not null, primary key (id))
Hibernate: create table payment (id bigint generated by default as identity, paid_at timestamp(6) with time zone not null, payment_status tinyint check (payment_status between 0 and 2), payment_type_id bigint, purchase_id bigint, primary key (id))
Hibernate: create table payment_type (id bigint generated by default as identity, name varchar(50), primary key (id))
Hibernate: create table point_record (id bigint generated by default as identity, content varchar(100) not null, created_at timestamp(6) with time zone not null, member_point bigint not null, remnant_point bigint not null, member_id bigint not null, primary key (id))
Hibernate: create table purchase (id bigint generated by default as identity, created_at timestamp(6) with time zone not null, delivery_price integer not null, member_type tinyint not null check (member_type between 0 and 1), order_number uuid not null, password varchar(255), road varchar(255) not null, status tinyint not null check (status between 0 and 1), total_price integer not null, member_id bigint, point_record_id bigint, primary key (id))
Hibernate: create table purchase_book (id bigint generated by default as identity, price integer not null check (price>=0), quantity integer not null check (quantity>=0), book_id bigint, purchase_id bigint, primary key (id))
Hibernate: create table purchase_coupon (id bigint generated by default as identity, discount_price integer not null, coupon_id bigint, purchase_id bigint, primary key (id))
Hibernate: create table refund (id bigint generated by default as identity, price integer not null, refund_content varchar(255), refund_status tinyint check (refund_status between 0 and 2), purchase_id bigint, primary key (id))
Hibernate: create table review (id bigint generated by default as identity, content varchar(200) not null, created_at timestamp(6) with time zone not null, deleted_at timestamp(6) with time zone, deleted_reason varchar(100), rating float(53) not null, review_status tinyint check (review_status between 0 and 1), title varchar(50) not null, updated_at timestamp(6) with time zone, purchase_book_id bigint, primary key (id))
Hibernate: create table review_image (id bigint generated by default as identity, url varchar(50) not null, review_id bigint not null, primary key (id))
Hibernate: create table review_like (id bigint generated by default as identity, created_at timestamp(6) with time zone not null, member_id bigint, review_id bigint, primary key (id))
Hibernate: create table simple_review (content varchar(100) not null, created_at timestamp(6) with time zone not null, updated_at timestamp(6) with time zone, purchase_book_id bigint not null, primary key (purchase_book_id))
Hibernate: create table tag (id bigint generated by default as identity, name varchar(100) not null, primary key (id))
Hibernate: alter table if exists book_image drop constraint if exists UKrkpoh2q56k70tgcb8c2by0g37
Hibernate: alter table if exists book_image add constraint UKrkpoh2q56k70tgcb8c2by0g37 unique (url)
Hibernate: alter table if exists cart drop constraint if exists UK7dds3r67nkhxm9sbs9r5obd46
Hibernate: alter table if exists cart add constraint UK7dds3r67nkhxm9sbs9r5obd46 unique (member_id)
Hibernate: alter table if exists comment drop constraint if exists UK14fio2len8ouxyg2a1ixn2qhv
Hibernate: alter table if exists comment add constraint UK14fio2len8ouxyg2a1ixn2qhv unique (member_id)
Hibernate: alter table if exists purchase drop constraint if exists UK9yfe1qfmymvixk9undapnll08
Hibernate: alter table if exists purchase add constraint UK9yfe1qfmymvixk9undapnll08 unique (order_number)
Hibernate: alter table if exists purchase drop constraint if exists UK1w34ki8lo8aywns22fyl9g0ex
Hibernate: alter table if exists purchase add constraint UK1w34ki8lo8aywns22fyl9g0ex unique (point_record_id)
Hibernate: alter table if exists purchase_book drop constraint if exists UKq73u59c3kue49qmd7qfaqrggv
Hibernate: alter table if exists purchase_book add constraint UKq73u59c3kue49qmd7qfaqrggv unique (book_id)
Hibernate: alter table if exists review drop constraint if exists UK88tdjkfb4s2en3wgucmetsbk2
Hibernate: alter table if exists review add constraint UK88tdjkfb4s2en3wgucmetsbk2 unique (purchase_book_id)
Hibernate: alter table if exists review_image drop constraint if exists UKcqjchusv51i0of5p6noe5p17r
Hibernate: alter table if exists review_image add constraint UKcqjchusv51i0of5p6noe5p17r unique (url)
Hibernate: alter table if exists address add constraint FKcnw0s8hudme00qu71e3mqd5ih foreign key (member_id) references member
Hibernate: alter table if exists book_cart add constraint FKtmfgsp2mapbb50qerjo1ngm97 foreign key (book_id) references book
Hibernate: alter table if exists book_cart add constraint FKjirkaf305sr0bus6d1vow11jd foreign key (cart_id) references cart
Hibernate: alter table if exists book_category add constraint FKnyegcbpvce2mnmg26h0i856fd foreign key (book_id) references book
Hibernate: alter table if exists book_category add constraint FKam8llderp40mvbbwceqpu6l2s foreign key (category_id) references category
Hibernate: alter table if exists book_image add constraint FKh020sno0rk91annvrd960urno foreign key (book_id) references book
Hibernate: alter table if exists book_like add constraint FK7i3otcp1nj1ou9gdr7nv1lv0e foreign key (book_id) references book
Hibernate: alter table if exists book_like add constraint FK26d074yixkk7gfb7vd4g5glyj foreign key (member_id) references member
Hibernate: alter table if exists book_tag add constraint FKdrc33u5ufw8rdvajeveowgx7g foreign key (book_id) references book
Hibernate: alter table if exists book_tag add constraint FKrxw4xl05l6ns1763bq284e7m2 foreign key (tag_id) references tag
Hibernate: alter table if exists cart add constraint FKix170nytunweovf2v9137mx2o foreign key (member_id) references member
Hibernate: alter table if exists category add constraint FK2y94svpmqttx80mshyny85wqr foreign key (parent_id) references category
Hibernate: alter table if exists comment add constraint FKmrrrpi513ssu63i2783jyiv9m foreign key (member_id) references member
Hibernate: alter table if exists comment add constraint FKnf4ni761w29tmtgdxymmgvg8r foreign key (review_id) references review
Hibernate: alter table if exists coupon add constraint FK97ly69kp7juvoienofq00qaph foreign key (member_id) references member
Hibernate: alter table if exists member_auth add constraint FK66uc2xroefrsdkd5xihg5oyjf foreign key (auth_id) references auth
Hibernate: alter table if exists member_auth add constraint FKrft808ju8f7v8vhmei565dc4u foreign key (member_id) references member
Hibernate: alter table if exists payment add constraint FKkvolsaw3e4jg4ra05vu135cj9 foreign key (payment_type_id) references payment_type
Hibernate: alter table if exists payment add constraint FKmm2h9p8cpu4741lwxyn2fnpgg foreign key (purchase_id) references purchase
Hibernate: alter table if exists point_record add constraint FKirxm53it5dgmmu9bl6mepinnx foreign key (member_id) references member
Hibernate: alter table if exists purchase add constraint FKq9jpnu7wc1b02gnol85hw9su2 foreign key (member_id) references member
Hibernate: alter table if exists purchase add constraint FKb3ad9pb5elsb07gsxb7k8h6nh foreign key (point_record_id) references point_record
Hibernate: alter table if exists purchase_book add constraint FKdhpunimwngwnxolqft1svdwph foreign key (book_id) references book
Hibernate: alter table if exists purchase_book add constraint FKqreoqdobvpr39lkxlyv7n66st foreign key (purchase_id) references purchase
Hibernate: alter table if exists purchase_coupon add constraint FK9o3wf5e5gvu87f62vapfma8by foreign key (coupon_id) references coupon
Hibernate: alter table if exists purchase_coupon add constraint FKajhlo2cni1x4bjiisqi4i3620 foreign key (purchase_id) references purchase
Hibernate: alter table if exists refund add constraint FKn6hygqb7v8me2nthibetqp245 foreign key (purchase_id) references purchase
Hibernate: alter table if exists review add constraint FKphmamk3jpdov2m1ncrwenu8e2 foreign key (purchase_book_id) references purchase_book
Hibernate: alter table if exists review_image add constraint FK16wp089tx9nm0obc217gvdd6l foreign key (review_id) references review
Hibernate: alter table if exists review_like add constraint FKf19ep4u0vm5vietilw2kp9jo2 foreign key (member_id) references member
Hibernate: alter table if exists review_like add constraint FK68am9vk1s1e8n1v873meqkk0k foreign key (review_id) references review
Hibernate: alter table if exists simple_review add constraint FKhn2ol6nvdpxi1u79qcl0anoia foreign key (purchase_book_id) references purchase_book
2024-06-21T13:35:49.102+09:00  INFO 13201 --- [3runner-bookstore] [           main] j.LocalContainerEntityManagerFactoryBean : Initialized JPA EntityManagerFactory for persistence unit 'default'
2024-06-21T13:35:49.194+09:00  INFO 13201 --- [3runner-bookstore] [           main] c.n.b.p.p.r.PurchaseBookRepositoryTest   : Started PurchaseBookRepositoryTest in 0.679 seconds (process running for 5.655)
2024-06-21T13:35:49.206+09:00 TRACE 13201 --- [3runner-bookstore] [           main] o.s.t.i.TransactionInterceptor           : Getting transaction for [org.springframework.data.jpa.repository.support.SimpleJpaRepository.save]
Hibernate: insert into book (author,created_at,description,isbn,packing,price,published_date,publisher,quantity,selling_price,title,view_count,id) values (?,?,?,?,?,?,?,?,?,?,?,?,default)
2024-06-21T13:35:49.223+09:00 TRACE 13201 --- [3runner-bookstore] [           main] org.hibernate.orm.jdbc.bind              : binding parameter (1:VARCHAR) <- [Sample Author]
2024-06-21T13:35:49.223+09:00 TRACE 13201 --- [3runner-bookstore] [           main] org.hibernate.orm.jdbc.bind              : binding parameter (2:TIMESTAMP_WITH_TIMEZONE) <- [2024-06-21T13:35:49.210044+09:00[Asia/Seoul]]
2024-06-21T13:35:49.226+09:00 TRACE 13201 --- [3runner-bookstore] [           main] org.hibernate.orm.jdbc.bind              : binding parameter (3:CLOB) <- [This is a description of the sample book.]
2024-06-21T13:35:49.226+09:00 TRACE 13201 --- [3runner-bookstore] [           main] org.hibernate.orm.jdbc.bind              : binding parameter (4:VARCHAR) <- [1234567890123]
2024-06-21T13:35:49.226+09:00 TRACE 13201 --- [3runner-bookstore] [           main] org.hibernate.orm.jdbc.bind              : binding parameter (5:BOOLEAN) <- [true]
2024-06-21T13:35:49.226+09:00 TRACE 13201 --- [3runner-bookstore] [           main] org.hibernate.orm.jdbc.bind              : binding parameter (6:INTEGER) <- [1500]
2024-06-21T13:35:49.226+09:00 TRACE 13201 --- [3runner-bookstore] [           main] org.hibernate.orm.jdbc.bind              : binding parameter (7:TIMESTAMP_WITH_TIMEZONE) <- [2024-04-21T13:35:49.204468+09:00[Asia/Seoul]]
2024-06-21T13:35:49.226+09:00 TRACE 13201 --- [3runner-bookstore] [           main] org.hibernate.orm.jdbc.bind              : binding parameter (8:VARCHAR) <- [Sample Publisher]
2024-06-21T13:35:49.226+09:00 TRACE 13201 --- [3runner-bookstore] [           main] org.hibernate.orm.jdbc.bind              : binding parameter (9:INTEGER) <- [100]
2024-06-21T13:35:49.226+09:00 TRACE 13201 --- [3runner-bookstore] [           main] org.hibernate.orm.jdbc.bind              : binding parameter (10:INTEGER) <- [1200]
2024-06-21T13:35:49.226+09:00 TRACE 13201 --- [3runner-bookstore] [           main] org.hibernate.orm.jdbc.bind              : binding parameter (11:VARCHAR) <- [Sample Book Title]
2024-06-21T13:35:49.226+09:00 TRACE 13201 --- [3runner-bookstore] [           main] org.hibernate.orm.jdbc.bind              : binding parameter (12:INTEGER) <- [0]
2024-06-21T13:35:49.242+09:00 TRACE 13201 --- [3runner-bookstore] [           main] o.s.t.i.TransactionInterceptor           : Completing transaction for [org.springframework.data.jpa.repository.support.SimpleJpaRepository.save]
2024-06-21T13:35:49.242+09:00 TRACE 13201 --- [3runner-bookstore] [           main] o.s.t.i.TransactionInterceptor           : Getting transaction for [org.springframework.data.jpa.repository.support.SimpleJpaRepository.save]
Hibernate: select p1_0.id,p1_0.created_at,p1_0.delivery_price,m1_0.id,m1_0.age,m1_0.birthday,m1_0.created_at,m1_0.deleted_at,m1_0.email,m1_0.grade,m1_0.last_login_date,m1_0.modified_at,m1_0.name,m1_0.password,m1_0.phone,m1_0.point,m1_0.status,al1_0.member_id,al1_0.id,al1_0.city,al1_0.country,al1_0.name,al1_0.postal_code,al1_0.road,al1_0.state,p1_0.member_type,p1_0.order_number,p1_0.password,pr1_0.id,pr1_0.content,pr1_0.created_at,pr1_0.member_id,m3_0.id,m3_0.age,m3_0.birthday,m3_0.created_at,m3_0.deleted_at,m3_0.email,m3_0.grade,m3_0.last_login_date,m3_0.modified_at,m3_0.name,m3_0.password,m3_0.phone,m3_0.point,m3_0.status,pr1_0.member_point,pr1_0.remnant_point,p1_0.road,p1_0.status,p1_0.total_price from purchase p1_0 left join member m1_0 on m1_0.id=p1_0.member_id left join address al1_0 on m1_0.id=al1_0.member_id left join point_record pr1_0 on pr1_0.id=p1_0.point_record_id left join member m3_0 on m3_0.id=pr1_0.member_id where p1_0.id=?
2024-06-21T13:35:49.255+09:00 TRACE 13201 --- [3runner-bookstore] [           main] org.hibernate.orm.jdbc.bind              : binding parameter (1:BIGINT) <- [1]
Hibernate: insert into purchase (created_at,delivery_price,member_id,member_type,order_number,password,point_record_id,road,status,total_price,id) values (?,?,?,?,?,?,?,?,?,?,default)
2024-06-21T13:35:49.259+09:00 TRACE 13201 --- [3runner-bookstore] [           main] org.hibernate.orm.jdbc.bind              : binding parameter (1:TIMESTAMP_WITH_TIMEZONE) <- [2024-06-21T13:35:49.242511+09:00[Asia/Seoul]]
2024-06-21T13:35:49.259+09:00 TRACE 13201 --- [3runner-bookstore] [           main] org.hibernate.orm.jdbc.bind              : binding parameter (2:INTEGER) <- [10]
2024-06-21T13:35:49.259+09:00 TRACE 13201 --- [3runner-bookstore] [           main] org.hibernate.orm.jdbc.bind              : binding parameter (3:BIGINT) <- [null]
2024-06-21T13:35:49.259+09:00 TRACE 13201 --- [3runner-bookstore] [           main] org.hibernate.orm.jdbc.bind              : binding parameter (4:TINYINT) <- [MEMBER]
2024-06-21T13:35:49.260+09:00 TRACE 13201 --- [3runner-bookstore] [           main] org.hibernate.orm.jdbc.bind              : binding parameter (5:UUID) <- [d5daf6b9-a0d0-445f-ac52-2f69ceab49af]
2024-06-21T13:35:49.261+09:00 TRACE 13201 --- [3runner-bookstore] [           main] org.hibernate.orm.jdbc.bind              : binding parameter (6:VARCHAR) <- [null]
2024-06-21T13:35:49.261+09:00 TRACE 13201 --- [3runner-bookstore] [           main] org.hibernate.orm.jdbc.bind              : binding parameter (7:BIGINT) <- [null]
2024-06-21T13:35:49.261+09:00 TRACE 13201 --- [3runner-bookstore] [           main] org.hibernate.orm.jdbc.bind              : binding parameter (8:VARCHAR) <- [hhh]
2024-06-21T13:35:49.261+09:00 TRACE 13201 --- [3runner-bookstore] [           main] org.hibernate.orm.jdbc.bind              : binding parameter (9:TINYINT) <- [SHIPPED]
2024-06-21T13:35:49.261+09:00 TRACE 13201 --- [3runner-bookstore] [           main] org.hibernate.orm.jdbc.bind              : binding parameter (10:INTEGER) <- [10]
2024-06-21T13:35:49.264+09:00 TRACE 13201 --- [3runner-bookstore] [           main] o.s.t.i.TransactionInterceptor           : Completing transaction for [org.springframework.data.jpa.repository.support.SimpleJpaRepository.save]
2024-06-21T13:35:49.264+09:00 TRACE 13201 --- [3runner-bookstore] [           main] o.s.t.i.TransactionInterceptor           : Getting transaction for [org.springframework.data.jpa.repository.support.SimpleJpaRepository.save]
Hibernate: insert into purchase_book (book_id,price,purchase_id,quantity,id) values (?,?,?,?,default)
2024-06-21T13:35:49.265+09:00 TRACE 13201 --- [3runner-bookstore] [           main] org.hibernate.orm.jdbc.bind              : binding parameter (1:BIGINT) <- [1]
2024-06-21T13:35:49.265+09:00 TRACE 13201 --- [3runner-bookstore] [           main] org.hibernate.orm.jdbc.bind              : binding parameter (2:INTEGER) <- [1000]
2024-06-21T13:35:49.265+09:00 TRACE 13201 --- [3runner-bookstore] [           main] org.hibernate.orm.jdbc.bind              : binding parameter (3:BIGINT) <- [1]
2024-06-21T13:35:49.265+09:00 TRACE 13201 --- [3runner-bookstore] [           main] org.hibernate.orm.jdbc.bind              : binding parameter (4:INTEGER) <- [10]
2024-06-21T13:35:49.265+09:00 TRACE 13201 --- [3runner-bookstore] [           main] o.s.t.i.TransactionInterceptor           : Completing transaction for [org.springframework.data.jpa.repository.support.SimpleJpaRepository.save]
2024-06-21T13:35:49.266+09:00 TRACE 13201 --- [3runner-bookstore] [           main] o.s.t.i.TransactionInterceptor           : No need to create transaction for [org.springframework.data.jpa.repository.support.SimpleJpaRepository.findAllByPurchaseId]: This method is not transactional.
Hibernate: select pb1_0.id,pb1_0.book_id,pb1_0.price,pb1_0.purchase_id,pb1_0.quantity from purchase_book pb1_0 where pb1_0.purchase_id=?
2024-06-21T13:35:49.310+09:00 TRACE 13201 --- [3runner-bookstore] [           main] org.hibernate.orm.jdbc.bind              : binding parameter (1:BIGINT) <- [1]
2024-06-21T13:35:49.316+09:00  INFO 13201 --- [3runner-bookstore] [           main] j.LocalContainerEntityManagerFactoryBean : Closing JPA EntityManagerFactory for persistence unit 'default'
]]></system-out>
  </testcase>
  <testcase name="testFindByPurchaseIdAndBookId" classname="com.nhnacademy.bookstore.purchase.purchaseBook.repository.PurchaseBookRepositoryTest" time="0.015">
    <system-out><![CDATA[  .   ____          _            __ _ _
 /\\ / ___'_ __ _ _(_)_ __  __ _ \ \ \ \
( ( )\___ | '_ | '_| | '_ \/ _` | \ \ \ \
 \\/  ___)| |_)| | | | | || (_| |  ) ) ) )
  '  |____| .__|_| |_|_| |_\__, | / / / /
 =========|_|==============|___/=/_/_/_/

 :: Spring Boot ::                (v3.3.0)

2024-06-21T13:35:49.335+09:00  INFO 13201 --- [3runner-bookstore] [           main] c.n.b.p.p.r.PurchaseBookRepositoryTest   : Starting PurchaseBookRepositoryTest using Java 21.0.3 with PID 13201 (started by jeongjuhyeok in /Users/jeongjuhyeok/Desktop/3runner/3runner-bookstore/3runner-bookstore)
2024-06-21T13:35:49.335+09:00  INFO 13201 --- [3runner-bookstore] [           main] c.n.b.p.p.r.PurchaseBookRepositoryTest   : The following 1 profile is active: "dev"
2024-06-21T13:35:49.380+09:00  INFO 13201 --- [3runner-bookstore] [           main] .s.d.r.c.RepositoryConfigurationDelegate : Multiple Spring Data modules found, entering strict repository configuration mode
2024-06-21T13:35:49.380+09:00  INFO 13201 --- [3runner-bookstore] [           main] .s.d.r.c.RepositoryConfigurationDelegate : Bootstrapping Spring Data JPA repositories in DEFAULT mode.
2024-06-21T13:35:49.395+09:00  INFO 13201 --- [3runner-bookstore] [           main] .s.d.r.c.RepositoryConfigurationDelegate : Finished Spring Data repository scanning in 14 ms. Found 26 JPA repository interfaces.
2024-06-21T13:35:49.405+09:00  INFO 13201 --- [3runner-bookstore] [           main] beddedDataSourceBeanFactoryPostProcessor : Replacing 'dataSource' DataSource bean with embedded version
2024-06-21T13:35:49.414+09:00  INFO 13201 --- [3runner-bookstore] [           main] o.s.j.d.e.EmbeddedDatabaseFactory        : Starting embedded database: url='jdbc:h2:mem:20053382-049e-457f-8e8a-792dc6dd7469;DB_CLOSE_DELAY=-1;DB_CLOSE_ON_EXIT=false', username='sa'
2024-06-21T13:35:49.427+09:00  INFO 13201 --- [3runner-bookstore] [           main] o.hibernate.jpa.internal.util.LogHelper  : HHH000204: Processing PersistenceUnitInfo [name: default]
2024-06-21T13:35:49.428+09:00  INFO 13201 --- [3runner-bookstore] [           main] o.h.c.internal.RegionFactoryInitiator    : HHH000026: Second-level cache disabled
2024-06-21T13:35:49.433+09:00  INFO 13201 --- [3runner-bookstore] [           main] o.s.o.j.p.SpringPersistenceUnitInfo      : No LoadTimeWeaver setup: ignoring JPA class transformer
2024-06-21T13:35:49.618+09:00  INFO 13201 --- [3runner-bookstore] [           main] o.h.e.t.j.p.i.JtaPlatformInitiator       : HHH000489: No JTA platform available (set 'hibernate.transaction.jta.platform' to enable JTA platform integration)
Hibernate: create table address (id bigint generated by default as identity, city varchar(100) not null, country varchar(100) not null, name varchar(20) not null, postal_code varchar(20) not null, road varchar(100) not null, state varchar(100) not null, member_id bigint not null, primary key (id))
Hibernate: create table auth (id bigint generated by default as identity, name varchar(50), primary key (id))
Hibernate: create table book (id bigint generated by default as identity, author varchar(50) not null, created_at timestamp(6) with time zone not null, description TEXT, isbn varchar(20) not null, packing boolean not null, price integer not null check (price>=0), published_date timestamp(6) with time zone, publisher varchar(50) not null, quantity integer not null check (quantity>=0), selling_price integer not null check (selling_price>=0), title varchar(50) not null, view_count int default 0 not null check (view_count>=0), primary key (id))
Hibernate: create table book_cart (id bigint generated by default as identity, created_at timestamp(6) with time zone not null, quantity int default 0 not null check (quantity>=0), book_id bigint, cart_id bigint, primary key (id))
Hibernate: create table book_category (id bigint generated by default as identity, book_id bigint, category_id bigint, primary key (id))
Hibernate: create table book_image (type tinyint not null check (type between 0 and 2), url varchar(50) not null, book_id bigint not null, primary key (book_id))
Hibernate: create table book_like (id bigint generated by default as identity, created_at timestamp(6) with time zone not null, book_id bigint, member_id bigint, primary key (id))
Hibernate: create table book_tag (id bigint generated by default as identity, book_id bigint, tag_id bigint, primary key (id))
Hibernate: create table cart (id bigint generated by default as identity, member_id bigint, primary key (id))
Hibernate: create table category (id bigint generated by default as identity, name varchar(30) not null, parent_id bigint, primary key (id))
Hibernate: create table comment (id bigint generated by default as identity, content varchar(100) not null, created_at timestamp(6) with time zone not null, deleted_at timestamp(6) with time zone, status tinyint not null check (status between 0 and 1), updated_at timestamp(6) with time zone, member_id bigint, review_id bigint not null, primary key (id))
Hibernate: create table coupon (id bigint generated by default as identity, coupon_form_id bigint not null, coupon_status tinyint not null check (coupon_status between 0 and 1), issued_at timestamp(6) with time zone not null, member_id bigint, primary key (id))
Hibernate: create table member (id bigint generated by default as identity, age integer not null, birthday timestamp(6) with time zone, created_at timestamp(6) with time zone not null, deleted_at timestamp(6) with time zone, email varchar(255) not null, grade tinyint not null check (grade between 0 and 3), last_login_date timestamp(6) with time zone, modified_at timestamp(6) with time zone, name varchar(10) not null, password varchar(50) not null, phone varchar(11) not null, point bigint not null, status tinyint not null check (status between 0 and 2), primary key (id))
Hibernate: create table member_auth (id bigint generated by default as identity, auth_id bigint not null, member_id bigint not null, primary key (id))
Hibernate: create table payment (id bigint generated by default as identity, paid_at timestamp(6) with time zone not null, payment_status tinyint check (payment_status between 0 and 2), payment_type_id bigint, purchase_id bigint, primary key (id))
Hibernate: create table payment_type (id bigint generated by default as identity, name varchar(50), primary key (id))
Hibernate: create table point_record (id bigint generated by default as identity, content varchar(100) not null, created_at timestamp(6) with time zone not null, member_point bigint not null, remnant_point bigint not null, member_id bigint not null, primary key (id))
Hibernate: create table purchase (id bigint generated by default as identity, created_at timestamp(6) with time zone not null, delivery_price integer not null, member_type tinyint not null check (member_type between 0 and 1), order_number uuid not null, password varchar(255), road varchar(255) not null, status tinyint not null check (status between 0 and 1), total_price integer not null, member_id bigint, point_record_id bigint, primary key (id))
Hibernate: create table purchase_book (id bigint generated by default as identity, price integer not null check (price>=0), quantity integer not null check (quantity>=0), book_id bigint, purchase_id bigint, primary key (id))
Hibernate: create table purchase_coupon (id bigint generated by default as identity, discount_price integer not null, coupon_id bigint, purchase_id bigint, primary key (id))
Hibernate: create table refund (id bigint generated by default as identity, price integer not null, refund_content varchar(255), refund_status tinyint check (refund_status between 0 and 2), purchase_id bigint, primary key (id))
Hibernate: create table review (id bigint generated by default as identity, content varchar(200) not null, created_at timestamp(6) with time zone not null, deleted_at timestamp(6) with time zone, deleted_reason varchar(100), rating float(53) not null, review_status tinyint check (review_status between 0 and 1), title varchar(50) not null, updated_at timestamp(6) with time zone, purchase_book_id bigint, primary key (id))
Hibernate: create table review_image (id bigint generated by default as identity, url varchar(50) not null, review_id bigint not null, primary key (id))
Hibernate: create table review_like (id bigint generated by default as identity, created_at timestamp(6) with time zone not null, member_id bigint, review_id bigint, primary key (id))
Hibernate: create table simple_review (content varchar(100) not null, created_at timestamp(6) with time zone not null, updated_at timestamp(6) with time zone, purchase_book_id bigint not null, primary key (purchase_book_id))
Hibernate: create table tag (id bigint generated by default as identity, name varchar(100) not null, primary key (id))
Hibernate: alter table if exists book_image drop constraint if exists UKrkpoh2q56k70tgcb8c2by0g37
Hibernate: alter table if exists book_image add constraint UKrkpoh2q56k70tgcb8c2by0g37 unique (url)
Hibernate: alter table if exists cart drop constraint if exists UK7dds3r67nkhxm9sbs9r5obd46
Hibernate: alter table if exists cart add constraint UK7dds3r67nkhxm9sbs9r5obd46 unique (member_id)
Hibernate: alter table if exists comment drop constraint if exists UK14fio2len8ouxyg2a1ixn2qhv
Hibernate: alter table if exists comment add constraint UK14fio2len8ouxyg2a1ixn2qhv unique (member_id)
Hibernate: alter table if exists purchase drop constraint if exists UK9yfe1qfmymvixk9undapnll08
Hibernate: alter table if exists purchase add constraint UK9yfe1qfmymvixk9undapnll08 unique (order_number)
Hibernate: alter table if exists purchase drop constraint if exists UK1w34ki8lo8aywns22fyl9g0ex
Hibernate: alter table if exists purchase add constraint UK1w34ki8lo8aywns22fyl9g0ex unique (point_record_id)
Hibernate: alter table if exists purchase_book drop constraint if exists UKq73u59c3kue49qmd7qfaqrggv
Hibernate: alter table if exists purchase_book add constraint UKq73u59c3kue49qmd7qfaqrggv unique (book_id)
Hibernate: alter table if exists review drop constraint if exists UK88tdjkfb4s2en3wgucmetsbk2
Hibernate: alter table if exists review add constraint UK88tdjkfb4s2en3wgucmetsbk2 unique (purchase_book_id)
Hibernate: alter table if exists review_image drop constraint if exists UKcqjchusv51i0of5p6noe5p17r
Hibernate: alter table if exists review_image add constraint UKcqjchusv51i0of5p6noe5p17r unique (url)
Hibernate: alter table if exists address add constraint FKcnw0s8hudme00qu71e3mqd5ih foreign key (member_id) references member
Hibernate: alter table if exists book_cart add constraint FKtmfgsp2mapbb50qerjo1ngm97 foreign key (book_id) references book
Hibernate: alter table if exists book_cart add constraint FKjirkaf305sr0bus6d1vow11jd foreign key (cart_id) references cart
Hibernate: alter table if exists book_category add constraint FKnyegcbpvce2mnmg26h0i856fd foreign key (book_id) references book
Hibernate: alter table if exists book_category add constraint FKam8llderp40mvbbwceqpu6l2s foreign key (category_id) references category
Hibernate: alter table if exists book_image add constraint FKh020sno0rk91annvrd960urno foreign key (book_id) references book
Hibernate: alter table if exists book_like add constraint FK7i3otcp1nj1ou9gdr7nv1lv0e foreign key (book_id) references book
Hibernate: alter table if exists book_like add constraint FK26d074yixkk7gfb7vd4g5glyj foreign key (member_id) references member
Hibernate: alter table if exists book_tag add constraint FKdrc33u5ufw8rdvajeveowgx7g foreign key (book_id) references book
Hibernate: alter table if exists book_tag add constraint FKrxw4xl05l6ns1763bq284e7m2 foreign key (tag_id) references tag
Hibernate: alter table if exists cart add constraint FKix170nytunweovf2v9137mx2o foreign key (member_id) references member
Hibernate: alter table if exists category add constraint FK2y94svpmqttx80mshyny85wqr foreign key (parent_id) references category
Hibernate: alter table if exists comment add constraint FKmrrrpi513ssu63i2783jyiv9m foreign key (member_id) references member
Hibernate: alter table if exists comment add constraint FKnf4ni761w29tmtgdxymmgvg8r foreign key (review_id) references review
Hibernate: alter table if exists coupon add constraint FK97ly69kp7juvoienofq00qaph foreign key (member_id) references member
Hibernate: alter table if exists member_auth add constraint FK66uc2xroefrsdkd5xihg5oyjf foreign key (auth_id) references auth
Hibernate: alter table if exists member_auth add constraint FKrft808ju8f7v8vhmei565dc4u foreign key (member_id) references member
Hibernate: alter table if exists payment add constraint FKkvolsaw3e4jg4ra05vu135cj9 foreign key (payment_type_id) references payment_type
Hibernate: alter table if exists payment add constraint FKmm2h9p8cpu4741lwxyn2fnpgg foreign key (purchase_id) references purchase
Hibernate: alter table if exists point_record add constraint FKirxm53it5dgmmu9bl6mepinnx foreign key (member_id) references member
Hibernate: alter table if exists purchase add constraint FKq9jpnu7wc1b02gnol85hw9su2 foreign key (member_id) references member
Hibernate: alter table if exists purchase add constraint FKb3ad9pb5elsb07gsxb7k8h6nh foreign key (point_record_id) references point_record
Hibernate: alter table if exists purchase_book add constraint FKdhpunimwngwnxolqft1svdwph foreign key (book_id) references book
Hibernate: alter table if exists purchase_book add constraint FKqreoqdobvpr39lkxlyv7n66st foreign key (purchase_id) references purchase
Hibernate: alter table if exists purchase_coupon add constraint FK9o3wf5e5gvu87f62vapfma8by foreign key (coupon_id) references coupon
Hibernate: alter table if exists purchase_coupon add constraint FKajhlo2cni1x4bjiisqi4i3620 foreign key (purchase_id) references purchase
Hibernate: alter table if exists refund add constraint FKn6hygqb7v8me2nthibetqp245 foreign key (purchase_id) references purchase
Hibernate: alter table if exists review add constraint FKphmamk3jpdov2m1ncrwenu8e2 foreign key (purchase_book_id) references purchase_book
Hibernate: alter table if exists review_image add constraint FK16wp089tx9nm0obc217gvdd6l foreign key (review_id) references review
Hibernate: alter table if exists review_like add constraint FKf19ep4u0vm5vietilw2kp9jo2 foreign key (member_id) references member
Hibernate: alter table if exists review_like add constraint FK68am9vk1s1e8n1v873meqkk0k foreign key (review_id) references review
Hibernate: alter table if exists simple_review add constraint FKhn2ol6nvdpxi1u79qcl0anoia foreign key (purchase_book_id) references purchase_book
2024-06-21T13:35:49.643+09:00  INFO 13201 --- [3runner-bookstore] [           main] j.LocalContainerEntityManagerFactoryBean : Initialized JPA EntityManagerFactory for persistence unit 'default'
2024-06-21T13:35:49.725+09:00  INFO 13201 --- [3runner-bookstore] [           main] c.n.b.p.p.r.PurchaseBookRepositoryTest   : Started PurchaseBookRepositoryTest in 0.406 seconds (process running for 6.186)
2024-06-21T13:35:49.729+09:00 TRACE 13201 --- [3runner-bookstore] [           main] o.s.t.i.TransactionInterceptor           : Getting transaction for [org.springframework.data.jpa.repository.support.SimpleJpaRepository.save]
Hibernate: insert into book (author,created_at,description,isbn,packing,price,published_date,publisher,quantity,selling_price,title,view_count,id) values (?,?,?,?,?,?,?,?,?,?,?,?,default)
2024-06-21T13:35:49.730+09:00 TRACE 13201 --- [3runner-bookstore] [           main] org.hibernate.orm.jdbc.bind              : binding parameter (1:VARCHAR) <- [Sample Author]
2024-06-21T13:35:49.730+09:00 TRACE 13201 --- [3runner-bookstore] [           main] org.hibernate.orm.jdbc.bind              : binding parameter (2:TIMESTAMP_WITH_TIMEZONE) <- [2024-06-21T13:35:49.729620+09:00[Asia/Seoul]]
2024-06-21T13:35:49.730+09:00 TRACE 13201 --- [3runner-bookstore] [           main] org.hibernate.orm.jdbc.bind              : binding parameter (3:CLOB) <- [This is a description of the sample book.]
2024-06-21T13:35:49.730+09:00 TRACE 13201 --- [3runner-bookstore] [           main] org.hibernate.orm.jdbc.bind              : binding parameter (4:VARCHAR) <- [1234567890123]
2024-06-21T13:35:49.730+09:00 TRACE 13201 --- [3runner-bookstore] [           main] org.hibernate.orm.jdbc.bind              : binding parameter (5:BOOLEAN) <- [true]
2024-06-21T13:35:49.730+09:00 TRACE 13201 --- [3runner-bookstore] [           main] org.hibernate.orm.jdbc.bind              : binding parameter (6:INTEGER) <- [1500]
2024-06-21T13:35:49.730+09:00 TRACE 13201 --- [3runner-bookstore] [           main] org.hibernate.orm.jdbc.bind              : binding parameter (7:TIMESTAMP_WITH_TIMEZONE) <- [2024-04-21T13:35:49.729167+09:00[Asia/Seoul]]
2024-06-21T13:35:49.730+09:00 TRACE 13201 --- [3runner-bookstore] [           main] org.hibernate.orm.jdbc.bind              : binding parameter (8:VARCHAR) <- [Sample Publisher]
2024-06-21T13:35:49.730+09:00 TRACE 13201 --- [3runner-bookstore] [           main] org.hibernate.orm.jdbc.bind              : binding parameter (9:INTEGER) <- [100]
2024-06-21T13:35:49.730+09:00 TRACE 13201 --- [3runner-bookstore] [           main] org.hibernate.orm.jdbc.bind              : binding parameter (10:INTEGER) <- [1200]
2024-06-21T13:35:49.730+09:00 TRACE 13201 --- [3runner-bookstore] [           main] org.hibernate.orm.jdbc.bind              : binding parameter (11:VARCHAR) <- [Sample Book Title]
2024-06-21T13:35:49.730+09:00 TRACE 13201 --- [3runner-bookstore] [           main] org.hibernate.orm.jdbc.bind              : binding parameter (12:INTEGER) <- [0]
2024-06-21T13:35:49.731+09:00 TRACE 13201 --- [3runner-bookstore] [           main] o.s.t.i.TransactionInterceptor           : Completing transaction for [org.springframework.data.jpa.repository.support.SimpleJpaRepository.save]
2024-06-21T13:35:49.732+09:00 TRACE 13201 --- [3runner-bookstore] [           main] o.s.t.i.TransactionInterceptor           : Getting transaction for [org.springframework.data.jpa.repository.support.SimpleJpaRepository.save]
Hibernate: select p1_0.id,p1_0.created_at,p1_0.delivery_price,m1_0.id,m1_0.age,m1_0.birthday,m1_0.created_at,m1_0.deleted_at,m1_0.email,m1_0.grade,m1_0.last_login_date,m1_0.modified_at,m1_0.name,m1_0.password,m1_0.phone,m1_0.point,m1_0.status,al1_0.member_id,al1_0.id,al1_0.city,al1_0.country,al1_0.name,al1_0.postal_code,al1_0.road,al1_0.state,p1_0.member_type,p1_0.order_number,p1_0.password,pr1_0.id,pr1_0.content,pr1_0.created_at,pr1_0.member_id,m3_0.id,m3_0.age,m3_0.birthday,m3_0.created_at,m3_0.deleted_at,m3_0.email,m3_0.grade,m3_0.last_login_date,m3_0.modified_at,m3_0.name,m3_0.password,m3_0.phone,m3_0.point,m3_0.status,pr1_0.member_point,pr1_0.remnant_point,p1_0.road,p1_0.status,p1_0.total_price from purchase p1_0 left join member m1_0 on m1_0.id=p1_0.member_id left join address al1_0 on m1_0.id=al1_0.member_id left join point_record pr1_0 on pr1_0.id=p1_0.point_record_id left join member m3_0 on m3_0.id=pr1_0.member_id where p1_0.id=?
2024-06-21T13:35:49.733+09:00 TRACE 13201 --- [3runner-bookstore] [           main] org.hibernate.orm.jdbc.bind              : binding parameter (1:BIGINT) <- [1]
Hibernate: insert into purchase (created_at,delivery_price,member_id,member_type,order_number,password,point_record_id,road,status,total_price,id) values (?,?,?,?,?,?,?,?,?,?,default)
2024-06-21T13:35:49.734+09:00 TRACE 13201 --- [3runner-bookstore] [           main] org.hibernate.orm.jdbc.bind              : binding parameter (1:TIMESTAMP_WITH_TIMEZONE) <- [2024-06-21T13:35:49.731995+09:00[Asia/Seoul]]
2024-06-21T13:35:49.734+09:00 TRACE 13201 --- [3runner-bookstore] [           main] org.hibernate.orm.jdbc.bind              : binding parameter (2:INTEGER) <- [10]
2024-06-21T13:35:49.734+09:00 TRACE 13201 --- [3runner-bookstore] [           main] org.hibernate.orm.jdbc.bind              : binding parameter (3:BIGINT) <- [null]
2024-06-21T13:35:49.734+09:00 TRACE 13201 --- [3runner-bookstore] [           main] org.hibernate.orm.jdbc.bind              : binding parameter (4:TINYINT) <- [MEMBER]
2024-06-21T13:35:49.734+09:00 TRACE 13201 --- [3runner-bookstore] [           main] org.hibernate.orm.jdbc.bind              : binding parameter (5:UUID) <- [f6d7c9fe-83f2-45e9-921c-7dd2b181b011]
2024-06-21T13:35:49.734+09:00 TRACE 13201 --- [3runner-bookstore] [           main] org.hibernate.orm.jdbc.bind              : binding parameter (6:VARCHAR) <- [null]
2024-06-21T13:35:49.734+09:00 TRACE 13201 --- [3runner-bookstore] [           main] org.hibernate.orm.jdbc.bind              : binding parameter (7:BIGINT) <- [null]
2024-06-21T13:35:49.734+09:00 TRACE 13201 --- [3runner-bookstore] [           main] org.hibernate.orm.jdbc.bind              : binding parameter (8:VARCHAR) <- [hhh]
2024-06-21T13:35:49.734+09:00 TRACE 13201 --- [3runner-bookstore] [           main] org.hibernate.orm.jdbc.bind              : binding parameter (9:TINYINT) <- [SHIPPED]
2024-06-21T13:35:49.734+09:00 TRACE 13201 --- [3runner-bookstore] [           main] org.hibernate.orm.jdbc.bind              : binding parameter (10:INTEGER) <- [10]
2024-06-21T13:35:49.735+09:00 TRACE 13201 --- [3runner-bookstore] [           main] o.s.t.i.TransactionInterceptor           : Completing transaction for [org.springframework.data.jpa.repository.support.SimpleJpaRepository.save]
2024-06-21T13:35:49.735+09:00 TRACE 13201 --- [3runner-bookstore] [           main] o.s.t.i.TransactionInterceptor           : Getting transaction for [org.springframework.data.jpa.repository.support.SimpleJpaRepository.save]
Hibernate: insert into purchase_book (book_id,price,purchase_id,quantity,id) values (?,?,?,?,default)
2024-06-21T13:35:49.735+09:00 TRACE 13201 --- [3runner-bookstore] [           main] org.hibernate.orm.jdbc.bind              : binding parameter (1:BIGINT) <- [1]
2024-06-21T13:35:49.735+09:00 TRACE 13201 --- [3runner-bookstore] [           main] org.hibernate.orm.jdbc.bind              : binding parameter (2:INTEGER) <- [1000]
2024-06-21T13:35:49.735+09:00 TRACE 13201 --- [3runner-bookstore] [           main] org.hibernate.orm.jdbc.bind              : binding parameter (3:BIGINT) <- [1]
2024-06-21T13:35:49.735+09:00 TRACE 13201 --- [3runner-bookstore] [           main] org.hibernate.orm.jdbc.bind              : binding parameter (4:INTEGER) <- [10]
2024-06-21T13:35:49.736+09:00 TRACE 13201 --- [3runner-bookstore] [           main] o.s.t.i.TransactionInterceptor           : Completing transaction for [org.springframework.data.jpa.repository.support.SimpleJpaRepository.save]
2024-06-21T13:35:49.736+09:00 TRACE 13201 --- [3runner-bookstore] [           main] o.s.t.i.TransactionInterceptor           : No need to create transaction for [org.springframework.data.jpa.repository.support.SimpleJpaRepository.findByPurchaseIdAndBookId]: This method is not transactional.
Hibernate: select pb1_0.id,pb1_0.book_id,pb1_0.price,pb1_0.purchase_id,pb1_0.quantity from purchase_book pb1_0 where pb1_0.purchase_id=? and pb1_0.book_id=?
2024-06-21T13:35:49.738+09:00 TRACE 13201 --- [3runner-bookstore] [           main] org.hibernate.orm.jdbc.bind              : binding parameter (1:BIGINT) <- [1]
2024-06-21T13:35:49.738+09:00 TRACE 13201 --- [3runner-bookstore] [           main] org.hibernate.orm.jdbc.bind              : binding parameter (2:BIGINT) <- [1]
2024-06-21T13:35:49.741+09:00  INFO 13201 --- [3runner-bookstore] [           main] j.LocalContainerEntityManagerFactoryBean : Closing JPA EntityManagerFactory for persistence unit 'default'
]]></system-out>
  </testcase>
</testsuite>