<?xml version="1.0" encoding="UTF-8"?>
<testsuite xmlns:xsi="http://www.w3.org/2001/XMLSchema-instance" xsi:noNamespaceSchemaLocation="https://maven.apache.org/surefire/maven-surefire-plugin/xsd/surefire-test-report-3.0.xsd" version="3.0" name="com.nhnacademy.bookstore.purchase.purchase.repository.PurchaseRepositoryTest" time="1.277" tests="2" errors="0" skipped="0" failures="0">
  <properties>
[...]
</properties>
  <testcase name="findPurchasesByMember" classname="com.nhnacademy.bookstore.purchase.purchase.repository.PurchaseRepositoryTest" time="0.652">
    <system-out><![CDATA[2024-06-24T10:16:31.901+09:00  INFO 77710 --- [3runner-bookstore] [           main] t.c.s.AnnotationConfigContextLoaderUtils : Could not detect default configuration classes for test class [com.nhnacademy.bookstore.purchase.purchase.repository.PurchaseRepositoryTest]: PurchaseRepositoryTest does not declare any static, non-private, non-final, nested classes annotated with @Configuration.
2024-06-24T10:16:31.908+09:00  INFO 77710 --- [3runner-bookstore] [           main] .b.t.c.SpringBootTestContextBootstrapper : Found @SpringBootConfiguration com.nhnacademy.bookstore.BookStore for test class com.nhnacademy.bookstore.purchase.purchase.repository.PurchaseRepositoryTest
2024-06-24T10:16:31.929+09:00 TRACE 77710 --- [3runner-bookstore] [           main] o.s.t.i.TransactionInterceptor           : Getting transaction for [com.nhnacademy.bookstore.member.member.service.impl.MemberServiceImpl.save]
2024-06-24T10:16:31.929+09:00 TRACE 77710 --- [3runner-bookstore] [           main] o.s.t.i.TransactionInterceptor           : Getting transaction for [org.springframework.data.jpa.repository.support.SimpleJpaRepository.save]
&amp#27;[35m[Hibernate]&amp#27;[0m 
    /* &amp#27;[34minsert&amp#27;[0m &amp#27;[34mfor&amp#27;[0m
        com.nhnacademy.bookstore.entity.&amp#27;[34mmember&amp#27;[0m.&amp#27;[34mMember&amp#27;[0m */&amp#27;[34minsert&amp#27;[0m 
    &amp#27;[34minto&amp#27;[0m
        &amp#27;[32m`member`&amp#27;[0m (
            age, birthday, created_at, deleted_at, email, grade, last_login_date, modified_at, name, password, phone, point, status
        ) 
    &amp#27;[34mvalues&amp#27;[0m
        (?, ?, ?, ?, ?, ?, ?, ?, ?, ?, ?, ?, ?)
2024-06-24T10:16:31.931+09:00 TRACE 77710 --- [3runner-bookstore] [           main] org.hibernate.orm.jdbc.bind              : binding parameter (1:INTEGER) <- [1]
2024-06-24T10:16:31.931+09:00 TRACE 77710 --- [3runner-bookstore] [           main] org.hibernate.orm.jdbc.bind              : binding parameter (2:TIMESTAMP_UTC) <- [2024-06-24T10:16:31.911736+09:00[Asia/Seoul]]
2024-06-24T10:16:31.931+09:00 TRACE 77710 --- [3runner-bookstore] [           main] org.hibernate.orm.jdbc.bind              : binding parameter (3:TIMESTAMP_UTC) <- [2024-06-24T10:16:31.911761+09:00[Asia/Seoul]]
2024-06-24T10:16:31.931+09:00 TRACE 77710 --- [3runner-bookstore] [           main] org.hibernate.orm.jdbc.bind              : binding parameter (4:TIMESTAMP_UTC) <- [null]
2024-06-24T10:16:31.931+09:00 TRACE 77710 --- [3runner-bookstore] [           main] org.hibernate.orm.jdbc.bind              : binding parameter (5:VARCHAR) <- [dfdaf@nav.com]
2024-06-24T10:16:31.931+09:00 TRACE 77710 --- [3runner-bookstore] [           main] org.hibernate.orm.jdbc.bind              : binding parameter (6:TINYINT) <- [General]
2024-06-24T10:16:31.931+09:00 TRACE 77710 --- [3runner-bookstore] [           main] org.hibernate.orm.jdbc.bind              : binding parameter (7:TIMESTAMP_UTC) <- [null]
2024-06-24T10:16:31.931+09:00 TRACE 77710 --- [3runner-bookstore] [           main] org.hibernate.orm.jdbc.bind              : binding parameter (8:TIMESTAMP_UTC) <- [null]
2024-06-24T10:16:31.931+09:00 TRACE 77710 --- [3runner-bookstore] [           main] org.hibernate.orm.jdbc.bind              : binding parameter (9:VARCHAR) <- [1]
2024-06-24T10:16:31.931+09:00 TRACE 77710 --- [3runner-bookstore] [           main] org.hibernate.orm.jdbc.bind              : binding parameter (10:VARCHAR) <- [1]
2024-06-24T10:16:31.931+09:00 TRACE 77710 --- [3runner-bookstore] [           main] org.hibernate.orm.jdbc.bind              : binding parameter (11:VARCHAR) <- [1]
2024-06-24T10:16:31.931+09:00 TRACE 77710 --- [3runner-bookstore] [           main] org.hibernate.orm.jdbc.bind              : binding parameter (12:BIGINT) <- [5000]
2024-06-24T10:16:31.931+09:00 TRACE 77710 --- [3runner-bookstore] [           main] org.hibernate.orm.jdbc.bind              : binding parameter (13:TINYINT) <- [Active]
2024-06-24T10:16:31.943+09:00 TRACE 77710 --- [3runner-bookstore] [           main] o.s.t.i.TransactionInterceptor           : Completing transaction for [org.springframework.data.jpa.repository.support.SimpleJpaRepository.save]
2024-06-24T10:16:31.943+09:00 TRACE 77710 --- [3runner-bookstore] [           main] o.s.t.i.TransactionInterceptor           : Completing transaction for [com.nhnacademy.bookstore.member.member.service.impl.MemberServiceImpl.save]
2024-06-24T10:16:31.972+09:00 TRACE 77710 --- [3runner-bookstore] [           main] o.s.t.i.TransactionInterceptor           : Getting transaction for [com.nhnacademy.bookstore.member.member.service.impl.MemberServiceImpl.save]
2024-06-24T10:16:31.972+09:00 TRACE 77710 --- [3runner-bookstore] [           main] o.s.t.i.TransactionInterceptor           : Getting transaction for [org.springframework.data.jpa.repository.support.SimpleJpaRepository.save]
&amp#27;[35m[Hibernate]&amp#27;[0m 
    /* &amp#27;[34minsert&amp#27;[0m &amp#27;[34mfor&amp#27;[0m
        com.nhnacademy.bookstore.entity.&amp#27;[34mmember&amp#27;[0m.&amp#27;[34mMember&amp#27;[0m */&amp#27;[34minsert&amp#27;[0m 
    &amp#27;[34minto&amp#27;[0m
        &amp#27;[32m`member`&amp#27;[0m (
            age, birthday, created_at, deleted_at, email, grade, last_login_date, modified_at, name, password, phone, point, status
        ) 
    &amp#27;[34mvalues&amp#27;[0m
        (?, ?, ?, ?, ?, ?, ?, ?, ?, ?, ?, ?, ?)
2024-06-24T10:16:31.973+09:00 TRACE 77710 --- [3runner-bookstore] [           main] org.hibernate.orm.jdbc.bind              : binding parameter (1:INTEGER) <- [1]
2024-06-24T10:16:31.973+09:00 TRACE 77710 --- [3runner-bookstore] [           main] org.hibernate.orm.jdbc.bind              : binding parameter (2:TIMESTAMP_UTC) <- [2024-06-24T10:16:31.911764+09:00[Asia/Seoul]]
2024-06-24T10:16:31.973+09:00 TRACE 77710 --- [3runner-bookstore] [           main] org.hibernate.orm.jdbc.bind              : binding parameter (3:TIMESTAMP_UTC) <- [2024-06-24T10:16:31.911767+09:00[Asia/Seoul]]
2024-06-24T10:16:31.973+09:00 TRACE 77710 --- [3runner-bookstore] [           main] org.hibernate.orm.jdbc.bind              : binding parameter (4:TIMESTAMP_UTC) <- [null]
2024-06-24T10:16:31.973+09:00 TRACE 77710 --- [3runner-bookstore] [           main] org.hibernate.orm.jdbc.bind              : binding parameter (5:VARCHAR) <- [dfdadf@nav.com]
2024-06-24T10:16:31.973+09:00 TRACE 77710 --- [3runner-bookstore] [           main] org.hibernate.orm.jdbc.bind              : binding parameter (6:TINYINT) <- [General]
2024-06-24T10:16:31.973+09:00 TRACE 77710 --- [3runner-bookstore] [           main] org.hibernate.orm.jdbc.bind              : binding parameter (7:TIMESTAMP_UTC) <- [null]
2024-06-24T10:16:31.973+09:00 TRACE 77710 --- [3runner-bookstore] [           main] org.hibernate.orm.jdbc.bind              : binding parameter (8:TIMESTAMP_UTC) <- [null]
2024-06-24T10:16:31.973+09:00 TRACE 77710 --- [3runner-bookstore] [           main] org.hibernate.orm.jdbc.bind              : binding parameter (9:VARCHAR) <- [1]
2024-06-24T10:16:31.973+09:00 TRACE 77710 --- [3runner-bookstore] [           main] org.hibernate.orm.jdbc.bind              : binding parameter (10:VARCHAR) <- [1]
2024-06-24T10:16:31.973+09:00 TRACE 77710 --- [3runner-bookstore] [           main] org.hibernate.orm.jdbc.bind              : binding parameter (11:VARCHAR) <- [1]
2024-06-24T10:16:31.973+09:00 TRACE 77710 --- [3runner-bookstore] [           main] org.hibernate.orm.jdbc.bind              : binding parameter (12:BIGINT) <- [5000]
2024-06-24T10:16:31.973+09:00 TRACE 77710 --- [3runner-bookstore] [           main] org.hibernate.orm.jdbc.bind              : binding parameter (13:TINYINT) <- [Active]
2024-06-24T10:16:31.983+09:00 TRACE 77710 --- [3runner-bookstore] [           main] o.s.t.i.TransactionInterceptor           : Completing transaction for [org.springframework.data.jpa.repository.support.SimpleJpaRepository.save]
2024-06-24T10:16:31.983+09:00 TRACE 77710 --- [3runner-bookstore] [           main] o.s.t.i.TransactionInterceptor           : Completing transaction for [com.nhnacademy.bookstore.member.member.service.impl.MemberServiceImpl.save]
2024-06-24T10:16:32.011+09:00 TRACE 77710 --- [3runner-bookstore] [           main] o.s.t.i.TransactionInterceptor           : Getting transaction for [org.springframework.data.jpa.repository.support.SimpleJpaRepository.save]
&amp#27;[35m[Hibernate]&amp#27;[0m 
    &amp#27;[34mselect&amp#27;[0m
        p1_0.id,
        p1_0.created_at,
        p1_0.delivery_price,
        m1_0.id,
        m1_0.age,
        m1_0.birthday,
        m1_0.created_at,
        m1_0.deleted_at,
        m1_0.email,
        m1_0.grade,
        m1_0.last_login_date,
        m1_0.modified_at,
        m1_0.name,
        m1_0.password,
        m1_0.phone,
        m1_0.point,
        m1_0.status,
        al1_0.&amp#27;[32m`member_id`&amp#27;[0m,
        al1_0.id,
        al1_0.city,
        al1_0.country,
        al1_0.name,
        al1_0.postal_code,
        al1_0.road,
        al1_0.state,
        p1_0.member_type,
        p1_0.order_number,
        p1_0.password,
        pr1_0.id,
        pr1_0.content,
        pr1_0.created_at,
        pr1_0.&amp#27;[32m`member_id`&amp#27;[0m,
        m3_0.id,
        m3_0.age,
        m3_0.birthday,
        m3_0.created_at,
        m3_0.deleted_at,
        m3_0.email,
        m3_0.grade,
        m3_0.last_login_date,
        m3_0.modified_at,
        m3_0.name,
        m3_0.password,
        m3_0.phone,
        m3_0.point,
        m3_0.status,
        pr1_0.member_point,
        pr1_0.remnant_point,
        p1_0.road,
        p1_0.status,
        p1_0.total_price 
    &amp#27;[34mfrom&amp#27;[0m
        purchase p1_0 
    &amp#27;[34mleft&amp#27;[0m &amp#27;[34mjoin&amp#27;[0m
        &amp#27;[32m`member`&amp#27;[0m m1_0 
            &amp#27;[34mon&amp#27;[0m m1_0.id=p1_0.&amp#27;[32m`member_id`&amp#27;[0m 
    &amp#27;[34mleft&amp#27;[0m &amp#27;[34mjoin&amp#27;[0m
        address al1_0 
            &amp#27;[34mon&amp#27;[0m m1_0.id=al1_0.&amp#27;[32m`member_id`&amp#27;[0m 
    &amp#27;[34mleft&amp#27;[0m &amp#27;[34mjoin&amp#27;[0m
        point_record pr1_0 
            &amp#27;[34mon&amp#27;[0m pr1_0.id=p1_0.point_record_id 
    &amp#27;[34mleft&amp#27;[0m &amp#27;[34mjoin&amp#27;[0m
        &amp#27;[32m`member`&amp#27;[0m m3_0 
            &amp#27;[34mon&amp#27;[0m m3_0.id=pr1_0.&amp#27;[32m`member_id`&amp#27;[0m 
    &amp#27;[34mwhere&amp#27;[0m
        p1_0.id=?
2024-06-24T10:16:32.020+09:00 TRACE 77710 --- [3runner-bookstore] [           main] org.hibernate.orm.jdbc.bind              : binding parameter (1:BIGINT) <- [1]
&amp#27;[35m[Hibernate]&amp#27;[0m 
    &amp#27;[34mselect&amp#27;[0m
        m1_0.id,
        m1_0.age,
        m1_0.birthday,
        m1_0.created_at,
        m1_0.deleted_at,
        m1_0.email,
        m1_0.grade,
        m1_0.last_login_date,
        m1_0.modified_at,
        m1_0.name,
        m1_0.password,
        m1_0.phone,
        m1_0.point,
        m1_0.status 
    &amp#27;[34mfrom&amp#27;[0m
        &amp#27;[32m`member`&amp#27;[0m m1_0 
    &amp#27;[34mwhere&amp#27;[0m
        m1_0.id=?
2024-06-24T10:16:32.030+09:00 TRACE 77710 --- [3runner-bookstore] [           main] org.hibernate.orm.jdbc.bind              : binding parameter (1:BIGINT) <- [358]
&amp#27;[35m[Hibernate]&amp#27;[0m 
    /* &amp#27;[34minsert&amp#27;[0m &amp#27;[34mfor&amp#27;[0m
        com.nhnacademy.bookstore.entity.purchase.Purchase */&amp#27;[34minsert&amp#27;[0m 
    &amp#27;[34minto&amp#27;[0m
        purchase (created_at, delivery_price, &amp#27;[32m`member_id`&amp#27;[0m, member_type, order_number, password, point_record_id, road, status, total_price) 
    &amp#27;[34mvalues&amp#27;[0m
        (?, ?, ?, ?, ?, ?, ?, ?, ?, ?)
2024-06-24T10:16:32.043+09:00 TRACE 77710 --- [3runner-bookstore] [           main] org.hibernate.orm.jdbc.bind              : binding parameter (1:TIMESTAMP_UTC) <- [2024-06-24T10:16:32.003073+09:00[Asia/Seoul]]
2024-06-24T10:16:32.043+09:00 TRACE 77710 --- [3runner-bookstore] [           main] org.hibernate.orm.jdbc.bind              : binding parameter (2:INTEGER) <- [100]
2024-06-24T10:16:32.043+09:00 TRACE 77710 --- [3runner-bookstore] [           main] org.hibernate.orm.jdbc.bind              : binding parameter (3:BIGINT) <- [358]
2024-06-24T10:16:32.043+09:00 TRACE 77710 --- [3runner-bookstore] [           main] org.hibernate.orm.jdbc.bind              : binding parameter (4:TINYINT) <- [MEMBER]
2024-06-24T10:16:32.043+09:00 TRACE 77710 --- [3runner-bookstore] [           main] org.hibernate.orm.jdbc.bind              : binding parameter (5:BINARY) <- [7169f000-6501-443c-a9fd-a9a730c92532]
2024-06-24T10:16:32.043+09:00 TRACE 77710 --- [3runner-bookstore] [           main] org.hibernate.orm.jdbc.bind              : binding parameter (6:VARCHAR) <- [password]
2024-06-24T10:16:32.043+09:00 TRACE 77710 --- [3runner-bookstore] [           main] org.hibernate.orm.jdbc.bind              : binding parameter (7:BIGINT) <- [null]
2024-06-24T10:16:32.043+09:00 TRACE 77710 --- [3runner-bookstore] [           main] org.hibernate.orm.jdbc.bind              : binding parameter (8:VARCHAR) <- [road]
2024-06-24T10:16:32.043+09:00 TRACE 77710 --- [3runner-bookstore] [           main] org.hibernate.orm.jdbc.bind              : binding parameter (9:TINYINT) <- [SHIPPED]
2024-06-24T10:16:32.043+09:00 TRACE 77710 --- [3runner-bookstore] [           main] org.hibernate.orm.jdbc.bind              : binding parameter (10:INTEGER) <- [10]
2024-06-24T10:16:32.055+09:00 TRACE 77710 --- [3runner-bookstore] [           main] o.s.t.i.TransactionInterceptor           : Completing transaction for [org.springframework.data.jpa.repository.support.SimpleJpaRepository.save]
2024-06-24T10:16:32.087+09:00 TRACE 77710 --- [3runner-bookstore] [           main] o.s.t.i.TransactionInterceptor           : Getting transaction for [org.springframework.data.jpa.repository.support.SimpleJpaRepository.save]
&amp#27;[35m[Hibernate]&amp#27;[0m 
    &amp#27;[34mselect&amp#27;[0m
        p1_0.id,
        p1_0.created_at,
        p1_0.delivery_price,
        m1_0.id,
        m1_0.age,
        m1_0.birthday,
        m1_0.created_at,
        m1_0.deleted_at,
        m1_0.email,
        m1_0.grade,
        m1_0.last_login_date,
        m1_0.modified_at,
        m1_0.name,
        m1_0.password,
        m1_0.phone,
        m1_0.point,
        m1_0.status,
        al1_0.&amp#27;[32m`member_id`&amp#27;[0m,
        al1_0.id,
        al1_0.city,
        al1_0.country,
        al1_0.name,
        al1_0.postal_code,
        al1_0.road,
        al1_0.state,
        p1_0.member_type,
        p1_0.order_number,
        p1_0.password,
        pr1_0.id,
        pr1_0.content,
        pr1_0.created_at,
        pr1_0.&amp#27;[32m`member_id`&amp#27;[0m,
        m3_0.id,
        m3_0.age,
        m3_0.birthday,
        m3_0.created_at,
        m3_0.deleted_at,
        m3_0.email,
        m3_0.grade,
        m3_0.last_login_date,
        m3_0.modified_at,
        m3_0.name,
        m3_0.password,
        m3_0.phone,
        m3_0.point,
        m3_0.status,
        pr1_0.member_point,
        pr1_0.remnant_point,
        p1_0.road,
        p1_0.status,
        p1_0.total_price 
    &amp#27;[34mfrom&amp#27;[0m
        purchase p1_0 
    &amp#27;[34mleft&amp#27;[0m &amp#27;[34mjoin&amp#27;[0m
        &amp#27;[32m`member`&amp#27;[0m m1_0 
            &amp#27;[34mon&amp#27;[0m m1_0.id=p1_0.&amp#27;[32m`member_id`&amp#27;[0m 
    &amp#27;[34mleft&amp#27;[0m &amp#27;[34mjoin&amp#27;[0m
        address al1_0 
            &amp#27;[34mon&amp#27;[0m m1_0.id=al1_0.&amp#27;[32m`member_id`&amp#27;[0m 
    &amp#27;[34mleft&amp#27;[0m &amp#27;[34mjoin&amp#27;[0m
        point_record pr1_0 
            &amp#27;[34mon&amp#27;[0m pr1_0.id=p1_0.point_record_id 
    &amp#27;[34mleft&amp#27;[0m &amp#27;[34mjoin&amp#27;[0m
        &amp#27;[32m`member`&amp#27;[0m m3_0 
            &amp#27;[34mon&amp#27;[0m m3_0.id=pr1_0.&amp#27;[32m`member_id`&amp#27;[0m 
    &amp#27;[34mwhere&amp#27;[0m
        p1_0.id=?
2024-06-24T10:16:32.087+09:00 TRACE 77710 --- [3runner-bookstore] [           main] org.hibernate.orm.jdbc.bind              : binding parameter (1:BIGINT) <- [2]
&amp#27;[35m[Hibernate]&amp#27;[0m 
    &amp#27;[34mselect&amp#27;[0m
        m1_0.id,
        m1_0.age,
        m1_0.birthday,
        m1_0.created_at,
        m1_0.deleted_at,
        m1_0.email,
        m1_0.grade,
        m1_0.last_login_date,
        m1_0.modified_at,
        m1_0.name,
        m1_0.password,
        m1_0.phone,
        m1_0.point,
        m1_0.status 
    &amp#27;[34mfrom&amp#27;[0m
        &amp#27;[32m`member`&amp#27;[0m m1_0 
    &amp#27;[34mwhere&amp#27;[0m
        m1_0.id=?
2024-06-24T10:16:32.099+09:00 TRACE 77710 --- [3runner-bookstore] [           main] org.hibernate.orm.jdbc.bind              : binding parameter (1:BIGINT) <- [358]
&amp#27;[35m[Hibernate]&amp#27;[0m 
    /* &amp#27;[34minsert&amp#27;[0m &amp#27;[34mfor&amp#27;[0m
        com.nhnacademy.bookstore.entity.purchase.Purchase */&amp#27;[34minsert&amp#27;[0m 
    &amp#27;[34minto&amp#27;[0m
        purchase (created_at, delivery_price, &amp#27;[32m`member_id`&amp#27;[0m, member_type, order_number, password, point_record_id, road, status, total_price) 
    &amp#27;[34mvalues&amp#27;[0m
        (?, ?, ?, ?, ?, ?, ?, ?, ?, ?)
2024-06-24T10:16:32.110+09:00 TRACE 77710 --- [3runner-bookstore] [           main] org.hibernate.orm.jdbc.bind              : binding parameter (1:TIMESTAMP_UTC) <- [2024-06-24T10:16:32.003093+09:00[Asia/Seoul]]
2024-06-24T10:16:32.110+09:00 TRACE 77710 --- [3runner-bookstore] [           main] org.hibernate.orm.jdbc.bind              : binding parameter (2:INTEGER) <- [100]
2024-06-24T10:16:32.110+09:00 TRACE 77710 --- [3runner-bookstore] [           main] org.hibernate.orm.jdbc.bind              : binding parameter (3:BIGINT) <- [358]
2024-06-24T10:16:32.110+09:00 TRACE 77710 --- [3runner-bookstore] [           main] org.hibernate.orm.jdbc.bind              : binding parameter (4:TINYINT) <- [MEMBER]
2024-06-24T10:16:32.110+09:00 TRACE 77710 --- [3runner-bookstore] [           main] org.hibernate.orm.jdbc.bind              : binding parameter (5:BINARY) <- [0acf5cbb-9bc2-4912-8168-5ee158795309]
2024-06-24T10:16:32.110+09:00 TRACE 77710 --- [3runner-bookstore] [           main] org.hibernate.orm.jdbc.bind              : binding parameter (6:VARCHAR) <- [password]
2024-06-24T10:16:32.110+09:00 TRACE 77710 --- [3runner-bookstore] [           main] org.hibernate.orm.jdbc.bind              : binding parameter (7:BIGINT) <- [null]
2024-06-24T10:16:32.110+09:00 TRACE 77710 --- [3runner-bookstore] [           main] org.hibernate.orm.jdbc.bind              : binding parameter (8:VARCHAR) <- [road]
2024-06-24T10:16:32.110+09:00 TRACE 77710 --- [3runner-bookstore] [           main] org.hibernate.orm.jdbc.bind              : binding parameter (9:TINYINT) <- [SHIPPED]
2024-06-24T10:16:32.110+09:00 TRACE 77710 --- [3runner-bookstore] [           main] org.hibernate.orm.jdbc.bind              : binding parameter (10:INTEGER) <- [10]
2024-06-24T10:16:32.120+09:00 TRACE 77710 --- [3runner-bookstore] [           main] o.s.t.i.TransactionInterceptor           : Completing transaction for [org.springframework.data.jpa.repository.support.SimpleJpaRepository.save]
2024-06-24T10:16:32.148+09:00 TRACE 77710 --- [3runner-bookstore] [           main] o.s.t.i.TransactionInterceptor           : Getting transaction for [org.springframework.data.jpa.repository.support.SimpleJpaRepository.save]
&amp#27;[35m[Hibernate]&amp#27;[0m 
    &amp#27;[34mselect&amp#27;[0m
        p1_0.id,
        p1_0.created_at,
        p1_0.delivery_price,
        m1_0.id,
        m1_0.age,
        m1_0.birthday,
        m1_0.created_at,
        m1_0.deleted_at,
        m1_0.email,
        m1_0.grade,
        m1_0.last_login_date,
        m1_0.modified_at,
        m1_0.name,
        m1_0.password,
        m1_0.phone,
        m1_0.point,
        m1_0.status,
        al1_0.&amp#27;[32m`member_id`&amp#27;[0m,
        al1_0.id,
        al1_0.city,
        al1_0.country,
        al1_0.name,
        al1_0.postal_code,
        al1_0.road,
        al1_0.state,
        p1_0.member_type,
        p1_0.order_number,
        p1_0.password,
        pr1_0.id,
        pr1_0.content,
        pr1_0.created_at,
        pr1_0.&amp#27;[32m`member_id`&amp#27;[0m,
        m3_0.id,
        m3_0.age,
        m3_0.birthday,
        m3_0.created_at,
        m3_0.deleted_at,
        m3_0.email,
        m3_0.grade,
        m3_0.last_login_date,
        m3_0.modified_at,
        m3_0.name,
        m3_0.password,
        m3_0.phone,
        m3_0.point,
        m3_0.status,
        pr1_0.member_point,
        pr1_0.remnant_point,
        p1_0.road,
        p1_0.status,
        p1_0.total_price 
    &amp#27;[34mfrom&amp#27;[0m
        purchase p1_0 
    &amp#27;[34mleft&amp#27;[0m &amp#27;[34mjoin&amp#27;[0m
        &amp#27;[32m`member`&amp#27;[0m m1_0 
            &amp#27;[34mon&amp#27;[0m m1_0.id=p1_0.&amp#27;[32m`member_id`&amp#27;[0m 
    &amp#27;[34mleft&amp#27;[0m &amp#27;[34mjoin&amp#27;[0m
        address al1_0 
            &amp#27;[34mon&amp#27;[0m m1_0.id=al1_0.&amp#27;[32m`member_id`&amp#27;[0m 
    &amp#27;[34mleft&amp#27;[0m &amp#27;[34mjoin&amp#27;[0m
        point_record pr1_0 
            &amp#27;[34mon&amp#27;[0m pr1_0.id=p1_0.point_record_id 
    &amp#27;[34mleft&amp#27;[0m &amp#27;[34mjoin&amp#27;[0m
        &amp#27;[32m`member`&amp#27;[0m m3_0 
            &amp#27;[34mon&amp#27;[0m m3_0.id=pr1_0.&amp#27;[32m`member_id`&amp#27;[0m 
    &amp#27;[34mwhere&amp#27;[0m
        p1_0.id=?
2024-06-24T10:16:32.149+09:00 TRACE 77710 --- [3runner-bookstore] [           main] org.hibernate.orm.jdbc.bind              : binding parameter (1:BIGINT) <- [3]
&amp#27;[35m[Hibernate]&amp#27;[0m 
    &amp#27;[34mselect&amp#27;[0m
        m1_0.id,
        m1_0.age,
        m1_0.birthday,
        m1_0.created_at,
        m1_0.deleted_at,
        m1_0.email,
        m1_0.grade,
        m1_0.last_login_date,
        m1_0.modified_at,
        m1_0.name,
        m1_0.password,
        m1_0.phone,
        m1_0.point,
        m1_0.status 
    &amp#27;[34mfrom&amp#27;[0m
        &amp#27;[32m`member`&amp#27;[0m m1_0 
    &amp#27;[34mwhere&amp#27;[0m
        m1_0.id=?
2024-06-24T10:16:32.158+09:00 TRACE 77710 --- [3runner-bookstore] [           main] org.hibernate.orm.jdbc.bind              : binding parameter (1:BIGINT) <- [358]
&amp#27;[35m[Hibernate]&amp#27;[0m 
    /* &amp#27;[34minsert&amp#27;[0m &amp#27;[34mfor&amp#27;[0m
        com.nhnacademy.bookstore.entity.purchase.Purchase */&amp#27;[34minsert&amp#27;[0m 
    &amp#27;[34minto&amp#27;[0m
        purchase (created_at, delivery_price, &amp#27;[32m`member_id`&amp#27;[0m, member_type, order_number, password, point_record_id, road, status, total_price) 
    &amp#27;[34mvalues&amp#27;[0m
        (?, ?, ?, ?, ?, ?, ?, ?, ?, ?)
2024-06-24T10:16:32.169+09:00 TRACE 77710 --- [3runner-bookstore] [           main] org.hibernate.orm.jdbc.bind              : binding parameter (1:TIMESTAMP_UTC) <- [2024-06-24T10:16:32.003097+09:00[Asia/Seoul]]
2024-06-24T10:16:32.169+09:00 TRACE 77710 --- [3runner-bookstore] [           main] org.hibernate.orm.jdbc.bind              : binding parameter (2:INTEGER) <- [100]
2024-06-24T10:16:32.169+09:00 TRACE 77710 --- [3runner-bookstore] [           main] org.hibernate.orm.jdbc.bind              : binding parameter (3:BIGINT) <- [358]
2024-06-24T10:16:32.169+09:00 TRACE 77710 --- [3runner-bookstore] [           main] org.hibernate.orm.jdbc.bind              : binding parameter (4:TINYINT) <- [MEMBER]
2024-06-24T10:16:32.169+09:00 TRACE 77710 --- [3runner-bookstore] [           main] org.hibernate.orm.jdbc.bind              : binding parameter (5:BINARY) <- [d12b097b-4411-47df-bcf6-142cae4b5876]
2024-06-24T10:16:32.169+09:00 TRACE 77710 --- [3runner-bookstore] [           main] org.hibernate.orm.jdbc.bind              : binding parameter (6:VARCHAR) <- [password]
2024-06-24T10:16:32.169+09:00 TRACE 77710 --- [3runner-bookstore] [           main] org.hibernate.orm.jdbc.bind              : binding parameter (7:BIGINT) <- [null]
2024-06-24T10:16:32.169+09:00 TRACE 77710 --- [3runner-bookstore] [           main] org.hibernate.orm.jdbc.bind              : binding parameter (8:VARCHAR) <- [road]
2024-06-24T10:16:32.169+09:00 TRACE 77710 --- [3runner-bookstore] [           main] org.hibernate.orm.jdbc.bind              : binding parameter (9:TINYINT) <- [SHIPPED]
2024-06-24T10:16:32.169+09:00 TRACE 77710 --- [3runner-bookstore] [           main] org.hibernate.orm.jdbc.bind              : binding parameter (10:INTEGER) <- [10]
2024-06-24T10:16:32.179+09:00 TRACE 77710 --- [3runner-bookstore] [           main] o.s.t.i.TransactionInterceptor           : Completing transaction for [org.springframework.data.jpa.repository.support.SimpleJpaRepository.save]
2024-06-24T10:16:32.208+09:00 TRACE 77710 --- [3runner-bookstore] [           main] o.s.t.i.TransactionInterceptor           : Getting transaction for [org.springframework.data.jpa.repository.support.SimpleJpaRepository.save]
&amp#27;[35m[Hibernate]&amp#27;[0m 
    &amp#27;[34mselect&amp#27;[0m
        p1_0.id,
        p1_0.created_at,
        p1_0.delivery_price,
        m1_0.id,
        m1_0.age,
        m1_0.birthday,
        m1_0.created_at,
        m1_0.deleted_at,
        m1_0.email,
        m1_0.grade,
        m1_0.last_login_date,
        m1_0.modified_at,
        m1_0.name,
        m1_0.password,
        m1_0.phone,
        m1_0.point,
        m1_0.status,
        al1_0.&amp#27;[32m`member_id`&amp#27;[0m,
        al1_0.id,
        al1_0.city,
        al1_0.country,
        al1_0.name,
        al1_0.postal_code,
        al1_0.road,
        al1_0.state,
        p1_0.member_type,
        p1_0.order_number,
        p1_0.password,
        pr1_0.id,
        pr1_0.content,
        pr1_0.created_at,
        pr1_0.&amp#27;[32m`member_id`&amp#27;[0m,
        m3_0.id,
        m3_0.age,
        m3_0.birthday,
        m3_0.created_at,
        m3_0.deleted_at,
        m3_0.email,
        m3_0.grade,
        m3_0.last_login_date,
        m3_0.modified_at,
        m3_0.name,
        m3_0.password,
        m3_0.phone,
        m3_0.point,
        m3_0.status,
        pr1_0.member_point,
        pr1_0.remnant_point,
        p1_0.road,
        p1_0.status,
        p1_0.total_price 
    &amp#27;[34mfrom&amp#27;[0m
        purchase p1_0 
    &amp#27;[34mleft&amp#27;[0m &amp#27;[34mjoin&amp#27;[0m
        &amp#27;[32m`member`&amp#27;[0m m1_0 
            &amp#27;[34mon&amp#27;[0m m1_0.id=p1_0.&amp#27;[32m`member_id`&amp#27;[0m 
    &amp#27;[34mleft&amp#27;[0m &amp#27;[34mjoin&amp#27;[0m
        address al1_0 
            &amp#27;[34mon&amp#27;[0m m1_0.id=al1_0.&amp#27;[32m`member_id`&amp#27;[0m 
    &amp#27;[34mleft&amp#27;[0m &amp#27;[34mjoin&amp#27;[0m
        point_record pr1_0 
            &amp#27;[34mon&amp#27;[0m pr1_0.id=p1_0.point_record_id 
    &amp#27;[34mleft&amp#27;[0m &amp#27;[34mjoin&amp#27;[0m
        &amp#27;[32m`member`&amp#27;[0m m3_0 
            &amp#27;[34mon&amp#27;[0m m3_0.id=pr1_0.&amp#27;[32m`member_id`&amp#27;[0m 
    &amp#27;[34mwhere&amp#27;[0m
        p1_0.id=?
2024-06-24T10:16:32.209+09:00 TRACE 77710 --- [3runner-bookstore] [           main] org.hibernate.orm.jdbc.bind              : binding parameter (1:BIGINT) <- [4]
&amp#27;[35m[Hibernate]&amp#27;[0m 
    &amp#27;[34mselect&amp#27;[0m
        m1_0.id,
        m1_0.age,
        m1_0.birthday,
        m1_0.created_at,
        m1_0.deleted_at,
        m1_0.email,
        m1_0.grade,
        m1_0.last_login_date,
        m1_0.modified_at,
        m1_0.name,
        m1_0.password,
        m1_0.phone,
        m1_0.point,
        m1_0.status 
    &amp#27;[34mfrom&amp#27;[0m
        &amp#27;[32m`member`&amp#27;[0m m1_0 
    &amp#27;[34mwhere&amp#27;[0m
        m1_0.id=?
2024-06-24T10:16:32.220+09:00 TRACE 77710 --- [3runner-bookstore] [           main] org.hibernate.orm.jdbc.bind              : binding parameter (1:BIGINT) <- [359]
&amp#27;[35m[Hibernate]&amp#27;[0m 
    /* &amp#27;[34minsert&amp#27;[0m &amp#27;[34mfor&amp#27;[0m
        com.nhnacademy.bookstore.entity.purchase.Purchase */&amp#27;[34minsert&amp#27;[0m 
    &amp#27;[34minto&amp#27;[0m
        purchase (created_at, delivery_price, &amp#27;[32m`member_id`&amp#27;[0m, member_type, order_number, password, point_record_id, road, status, total_price) 
    &amp#27;[34mvalues&amp#27;[0m
        (?, ?, ?, ?, ?, ?, ?, ?, ?, ?)
2024-06-24T10:16:32.230+09:00 TRACE 77710 --- [3runner-bookstore] [           main] org.hibernate.orm.jdbc.bind              : binding parameter (1:TIMESTAMP_UTC) <- [2024-06-24T10:16:32.003099+09:00[Asia/Seoul]]
2024-06-24T10:16:32.230+09:00 TRACE 77710 --- [3runner-bookstore] [           main] org.hibernate.orm.jdbc.bind              : binding parameter (2:INTEGER) <- [100]
2024-06-24T10:16:32.230+09:00 TRACE 77710 --- [3runner-bookstore] [           main] org.hibernate.orm.jdbc.bind              : binding parameter (3:BIGINT) <- [359]
2024-06-24T10:16:32.230+09:00 TRACE 77710 --- [3runner-bookstore] [           main] org.hibernate.orm.jdbc.bind              : binding parameter (4:TINYINT) <- [MEMBER]
2024-06-24T10:16:32.230+09:00 TRACE 77710 --- [3runner-bookstore] [           main] org.hibernate.orm.jdbc.bind              : binding parameter (5:BINARY) <- [01e35bcc-d44a-4608-bbce-0bdac0c36d15]
2024-06-24T10:16:32.230+09:00 TRACE 77710 --- [3runner-bookstore] [           main] org.hibernate.orm.jdbc.bind              : binding parameter (6:VARCHAR) <- [password]
2024-06-24T10:16:32.230+09:00 TRACE 77710 --- [3runner-bookstore] [           main] org.hibernate.orm.jdbc.bind              : binding parameter (7:BIGINT) <- [null]
2024-06-24T10:16:32.230+09:00 TRACE 77710 --- [3runner-bookstore] [           main] org.hibernate.orm.jdbc.bind              : binding parameter (8:VARCHAR) <- [road]
2024-06-24T10:16:32.230+09:00 TRACE 77710 --- [3runner-bookstore] [           main] org.hibernate.orm.jdbc.bind              : binding parameter (9:TINYINT) <- [SHIPPED]
2024-06-24T10:16:32.230+09:00 TRACE 77710 --- [3runner-bookstore] [           main] org.hibernate.orm.jdbc.bind              : binding parameter (10:INTEGER) <- [10]
2024-06-24T10:16:32.240+09:00 TRACE 77710 --- [3runner-bookstore] [           main] o.s.t.i.TransactionInterceptor           : Completing transaction for [org.springframework.data.jpa.repository.support.SimpleJpaRepository.save]
2024-06-24T10:16:32.270+09:00 TRACE 77710 --- [3runner-bookstore] [           main] o.s.t.i.TransactionInterceptor           : Getting transaction for [com.nhnacademy.bookstore.member.member.service.impl.MemberServiceImpl.getPurchasesByMemberId]
2024-06-24T10:16:32.270+09:00 TRACE 77710 --- [3runner-bookstore] [           main] o.s.t.i.TransactionInterceptor           : Getting transaction for [org.springframework.data.jpa.repository.support.SimpleJpaRepository.findById]
&amp#27;[35m[Hibernate]&amp#27;[0m 
    &amp#27;[34mselect&amp#27;[0m
        m1_0.id,
        m1_0.age,
        m1_0.birthday,
        m1_0.created_at,
        m1_0.deleted_at,
        m1_0.email,
        m1_0.grade,
        m1_0.last_login_date,
        m1_0.modified_at,
        m1_0.name,
        m1_0.password,
        m1_0.phone,
        m1_0.point,
        m1_0.status 
    &amp#27;[34mfrom&amp#27;[0m
        &amp#27;[32m`member`&amp#27;[0m m1_0 
    &amp#27;[34mwhere&amp#27;[0m
        m1_0.id=?
2024-06-24T10:16:32.271+09:00 TRACE 77710 --- [3runner-bookstore] [           main] org.hibernate.orm.jdbc.bind              : binding parameter (1:BIGINT) <- [358]
2024-06-24T10:16:32.281+09:00 TRACE 77710 --- [3runner-bookstore] [           main] o.s.t.i.TransactionInterceptor           : Completing transaction for [org.springframework.data.jpa.repository.support.SimpleJpaRepository.findById]
2024-06-24T10:16:32.281+09:00 TRACE 77710 --- [3runner-bookstore] [           main] o.s.t.i.TransactionInterceptor           : No need to create transaction for [org.springframework.data.jpa.repository.support.SimpleJpaRepository.findByMember]: This method is not transactional.
&amp#27;[35m[Hibernate]&amp#27;[0m 
    /* <criteria> */ &amp#27;[34mselect&amp#27;[0m
        p1_0.id,
        p1_0.created_at,
        p1_0.delivery_price,
        p1_0.&amp#27;[32m`member_id`&amp#27;[0m,
        p1_0.member_type,
        p1_0.order_number,
        p1_0.password,
        p1_0.point_record_id,
        p1_0.road,
        p1_0.status,
        p1_0.total_price 
    &amp#27;[34mfrom&amp#27;[0m
        purchase p1_0 
    &amp#27;[34mwhere&amp#27;[0m
        p1_0.&amp#27;[32m`member_id`&amp#27;[0m=?
2024-06-24T10:16:32.283+09:00 TRACE 77710 --- [3runner-bookstore] [           main] org.hibernate.orm.jdbc.bind              : binding parameter (1:BIGINT) <- [358]
2024-06-24T10:16:32.294+09:00 TRACE 77710 --- [3runner-bookstore] [           main] o.s.t.i.TransactionInterceptor           : Completing transaction for [com.nhnacademy.bookstore.member.member.service.impl.MemberServiceImpl.getPurchasesByMemberId]
2024-06-24T10:16:32.322+09:00 TRACE 77710 --- [3runner-bookstore] [           main] o.s.t.i.TransactionInterceptor           : Getting transaction for [com.nhnacademy.bookstore.member.member.service.impl.MemberServiceImpl.deleteMember]
2024-06-24T10:16:32.322+09:00 TRACE 77710 --- [3runner-bookstore] [           main] o.s.t.i.TransactionInterceptor           : Getting transaction for [org.springframework.data.jpa.repository.support.SimpleJpaRepository.findById]
&amp#27;[35m[Hibernate]&amp#27;[0m 
    &amp#27;[34mselect&amp#27;[0m
        m1_0.id,
        m1_0.age,
        m1_0.birthday,
        m1_0.created_at,
        m1_0.deleted_at,
        m1_0.email,
        m1_0.grade,
        m1_0.last_login_date,
        m1_0.modified_at,
        m1_0.name,
        m1_0.password,
        m1_0.phone,
        m1_0.point,
        m1_0.status 
    &amp#27;[34mfrom&amp#27;[0m
        &amp#27;[32m`member`&amp#27;[0m m1_0 
    &amp#27;[34mwhere&amp#27;[0m
        m1_0.id=?
2024-06-24T10:16:32.322+09:00 TRACE 77710 --- [3runner-bookstore] [           main] org.hibernate.orm.jdbc.bind              : binding parameter (1:BIGINT) <- [358]
2024-06-24T10:16:32.332+09:00 TRACE 77710 --- [3runner-bookstore] [           main] o.s.t.i.TransactionInterceptor           : Completing transaction for [org.springframework.data.jpa.repository.support.SimpleJpaRepository.findById]
2024-06-24T10:16:32.332+09:00 TRACE 77710 --- [3runner-bookstore] [           main] o.s.t.i.TransactionInterceptor           : Getting transaction for [org.springframework.data.jpa.repository.support.SimpleJpaRepository.save]
2024-06-24T10:16:32.332+09:00 TRACE 77710 --- [3runner-bookstore] [           main] o.s.t.i.TransactionInterceptor           : Completing transaction for [org.springframework.data.jpa.repository.support.SimpleJpaRepository.save]
2024-06-24T10:16:32.332+09:00 TRACE 77710 --- [3runner-bookstore] [           main] o.s.t.i.TransactionInterceptor           : Completing transaction for [com.nhnacademy.bookstore.member.member.service.impl.MemberServiceImpl.deleteMember]
&amp#27;[35m[Hibernate]&amp#27;[0m 
    /* &amp#27;[34mupdate&amp#27;[0m
        &amp#27;[34mfor&amp#27;[0m com.nhnacademy.bookstore.entity.&amp#27;[34mmember&amp#27;[0m.&amp#27;[34mMember&amp#27;[0m */&amp#27;[34mupdate&amp#27;[0m &amp#27;[32m`member`&amp#27;[0m 
    &amp#27;[34mset&amp#27;[0m
        age=?,
        birthday=?,
        created_at=?,
        deleted_at=?,
        email=?,
        grade=?,
        last_login_date=?,
        modified_at=?,
        name=?,
        password=?,
        phone=?,
        point=?,
        status=? 
    &amp#27;[34mwhere&amp#27;[0m
        id=?
2024-06-24T10:16:32.335+09:00 TRACE 77710 --- [3runner-bookstore] [           main] org.hibernate.orm.jdbc.bind              : binding parameter (1:INTEGER) <- [1]
2024-06-24T10:16:32.335+09:00 TRACE 77710 --- [3runner-bookstore] [           main] org.hibernate.orm.jdbc.bind              : binding parameter (2:TIMESTAMP_UTC) <- [2024-06-24T01:16:31.911736Z]
2024-06-24T10:16:32.335+09:00 TRACE 77710 --- [3runner-bookstore] [           main] org.hibernate.orm.jdbc.bind              : binding parameter (3:TIMESTAMP_UTC) <- [2024-06-24T01:16:31.911761Z]
2024-06-24T10:16:32.335+09:00 TRACE 77710 --- [3runner-bookstore] [           main] org.hibernate.orm.jdbc.bind              : binding parameter (4:TIMESTAMP_UTC) <- [2024-06-24T10:16:32.332617+09:00[Asia/Seoul]]
2024-06-24T10:16:32.335+09:00 TRACE 77710 --- [3runner-bookstore] [           main] org.hibernate.orm.jdbc.bind              : binding parameter (5:VARCHAR) <- [dfdaf@nav.com]
2024-06-24T10:16:32.335+09:00 TRACE 77710 --- [3runner-bookstore] [           main] org.hibernate.orm.jdbc.bind              : binding parameter (6:TINYINT) <- [General]
2024-06-24T10:16:32.335+09:00 TRACE 77710 --- [3runner-bookstore] [           main] org.hibernate.orm.jdbc.bind              : binding parameter (7:TIMESTAMP_UTC) <- [null]
2024-06-24T10:16:32.335+09:00 TRACE 77710 --- [3runner-bookstore] [           main] org.hibernate.orm.jdbc.bind              : binding parameter (8:TIMESTAMP_UTC) <- [null]
2024-06-24T10:16:32.335+09:00 TRACE 77710 --- [3runner-bookstore] [           main] org.hibernate.orm.jdbc.bind              : binding parameter (9:VARCHAR) <- [1]
2024-06-24T10:16:32.335+09:00 TRACE 77710 --- [3runner-bookstore] [           main] org.hibernate.orm.jdbc.bind              : binding parameter (10:VARCHAR) <- [1]
2024-06-24T10:16:32.335+09:00 TRACE 77710 --- [3runner-bookstore] [           main] org.hibernate.orm.jdbc.bind              : binding parameter (11:VARCHAR) <- [1]
2024-06-24T10:16:32.335+09:00 TRACE 77710 --- [3runner-bookstore] [           main] org.hibernate.orm.jdbc.bind              : binding parameter (12:BIGINT) <- [5000]
2024-06-24T10:16:32.335+09:00 TRACE 77710 --- [3runner-bookstore] [           main] org.hibernate.orm.jdbc.bind              : binding parameter (13:TINYINT) <- [Withdrawn]
2024-06-24T10:16:32.335+09:00 TRACE 77710 --- [3runner-bookstore] [           main] org.hibernate.orm.jdbc.bind              : binding parameter (14:BIGINT) <- [358]
2024-06-24T10:16:32.373+09:00 TRACE 77710 --- [3runner-bookstore] [           main] o.s.t.i.TransactionInterceptor           : Getting transaction for [com.nhnacademy.bookstore.member.member.service.impl.MemberServiceImpl.deleteMember]
2024-06-24T10:16:32.373+09:00 TRACE 77710 --- [3runner-bookstore] [           main] o.s.t.i.TransactionInterceptor           : Getting transaction for [org.springframework.data.jpa.repository.support.SimpleJpaRepository.findById]
&amp#27;[35m[Hibernate]&amp#27;[0m 
    &amp#27;[34mselect&amp#27;[0m
        m1_0.id,
        m1_0.age,
        m1_0.birthday,
        m1_0.created_at,
        m1_0.deleted_at,
        m1_0.email,
        m1_0.grade,
        m1_0.last_login_date,
        m1_0.modified_at,
        m1_0.name,
        m1_0.password,
        m1_0.phone,
        m1_0.point,
        m1_0.status 
    &amp#27;[34mfrom&amp#27;[0m
        &amp#27;[32m`member`&amp#27;[0m m1_0 
    &amp#27;[34mwhere&amp#27;[0m
        m1_0.id=?
2024-06-24T10:16:32.373+09:00 TRACE 77710 --- [3runner-bookstore] [           main] org.hibernate.orm.jdbc.bind              : binding parameter (1:BIGINT) <- [359]
2024-06-24T10:16:32.383+09:00 TRACE 77710 --- [3runner-bookstore] [           main] o.s.t.i.TransactionInterceptor           : Completing transaction for [org.springframework.data.jpa.repository.support.SimpleJpaRepository.findById]
2024-06-24T10:16:32.383+09:00 TRACE 77710 --- [3runner-bookstore] [           main] o.s.t.i.TransactionInterceptor           : Getting transaction for [org.springframework.data.jpa.repository.support.SimpleJpaRepository.save]
2024-06-24T10:16:32.383+09:00 TRACE 77710 --- [3runner-bookstore] [           main] o.s.t.i.TransactionInterceptor           : Completing transaction for [org.springframework.data.jpa.repository.support.SimpleJpaRepository.save]
2024-06-24T10:16:32.383+09:00 TRACE 77710 --- [3runner-bookstore] [           main] o.s.t.i.TransactionInterceptor           : Completing transaction for [com.nhnacademy.bookstore.member.member.service.impl.MemberServiceImpl.deleteMember]
&amp#27;[35m[Hibernate]&amp#27;[0m 
    /* &amp#27;[34mupdate&amp#27;[0m
        &amp#27;[34mfor&amp#27;[0m com.nhnacademy.bookstore.entity.&amp#27;[34mmember&amp#27;[0m.&amp#27;[34mMember&amp#27;[0m */&amp#27;[34mupdate&amp#27;[0m &amp#27;[32m`member`&amp#27;[0m 
    &amp#27;[34mset&amp#27;[0m
        age=?,
        birthday=?,
        created_at=?,
        deleted_at=?,
        email=?,
        grade=?,
        last_login_date=?,
        modified_at=?,
        name=?,
        password=?,
        phone=?,
        point=?,
        status=? 
    &amp#27;[34mwhere&amp#27;[0m
        id=?
2024-06-24T10:16:32.384+09:00 TRACE 77710 --- [3runner-bookstore] [           main] org.hibernate.orm.jdbc.bind              : binding parameter (1:INTEGER) <- [1]
2024-06-24T10:16:32.384+09:00 TRACE 77710 --- [3runner-bookstore] [           main] org.hibernate.orm.jdbc.bind              : binding parameter (2:TIMESTAMP_UTC) <- [2024-06-24T01:16:31.911764Z]
2024-06-24T10:16:32.384+09:00 TRACE 77710 --- [3runner-bookstore] [           main] org.hibernate.orm.jdbc.bind              : binding parameter (3:TIMESTAMP_UTC) <- [2024-06-24T01:16:31.911767Z]
2024-06-24T10:16:32.384+09:00 TRACE 77710 --- [3runner-bookstore] [           main] org.hibernate.orm.jdbc.bind              : binding parameter (4:TIMESTAMP_UTC) <- [2024-06-24T10:16:32.383626+09:00[Asia/Seoul]]
2024-06-24T10:16:32.384+09:00 TRACE 77710 --- [3runner-bookstore] [           main] org.hibernate.orm.jdbc.bind              : binding parameter (5:VARCHAR) <- [dfdadf@nav.com]
2024-06-24T10:16:32.384+09:00 TRACE 77710 --- [3runner-bookstore] [           main] org.hibernate.orm.jdbc.bind              : binding parameter (6:TINYINT) <- [General]
2024-06-24T10:16:32.384+09:00 TRACE 77710 --- [3runner-bookstore] [           main] org.hibernate.orm.jdbc.bind              : binding parameter (7:TIMESTAMP_UTC) <- [null]
2024-06-24T10:16:32.384+09:00 TRACE 77710 --- [3runner-bookstore] [           main] org.hibernate.orm.jdbc.bind              : binding parameter (8:TIMESTAMP_UTC) <- [null]
2024-06-24T10:16:32.384+09:00 TRACE 77710 --- [3runner-bookstore] [           main] org.hibernate.orm.jdbc.bind              : binding parameter (9:VARCHAR) <- [1]
2024-06-24T10:16:32.384+09:00 TRACE 77710 --- [3runner-bookstore] [           main] org.hibernate.orm.jdbc.bind              : binding parameter (10:VARCHAR) <- [1]
2024-06-24T10:16:32.384+09:00 TRACE 77710 --- [3runner-bookstore] [           main] org.hibernate.orm.jdbc.bind              : binding parameter (11:VARCHAR) <- [1]
2024-06-24T10:16:32.384+09:00 TRACE 77710 --- [3runner-bookstore] [           main] org.hibernate.orm.jdbc.bind              : binding parameter (12:BIGINT) <- [5000]
2024-06-24T10:16:32.384+09:00 TRACE 77710 --- [3runner-bookstore] [           main] org.hibernate.orm.jdbc.bind              : binding parameter (13:TINYINT) <- [Withdrawn]
2024-06-24T10:16:32.384+09:00 TRACE 77710 --- [3runner-bookstore] [           main] org.hibernate.orm.jdbc.bind              : binding parameter (14:BIGINT) <- [359]
2024-06-24T10:16:32.422+09:00 TRACE 77710 --- [3runner-bookstore] [           main] o.s.t.i.TransactionInterceptor           : Getting transaction for [org.springframework.data.jpa.repository.support.SimpleJpaRepository.delete]
&amp#27;[35m[Hibernate]&amp#27;[0m 
    &amp#27;[34mselect&amp#27;[0m
        p1_0.id,
        p1_0.created_at,
        p1_0.delivery_price,
        m1_0.id,
        m1_0.age,
        m1_0.birthday,
        m1_0.created_at,
        m1_0.deleted_at,
        m1_0.email,
        m1_0.grade,
        m1_0.last_login_date,
        m1_0.modified_at,
        m1_0.name,
        m1_0.password,
        m1_0.phone,
        m1_0.point,
        m1_0.status,
        p1_0.member_type,
        p1_0.order_number,
        p1_0.password,
        pr1_0.id,
        pr1_0.content,
        pr1_0.created_at,
        pr1_0.&amp#27;[32m`member_id`&amp#27;[0m,
        m2_0.id,
        m2_0.age,
        m2_0.birthday,
        m2_0.created_at,
        m2_0.deleted_at,
        m2_0.email,
        m2_0.grade,
        m2_0.last_login_date,
        m2_0.modified_at,
        m2_0.name,
        m2_0.password,
        m2_0.phone,
        m2_0.point,
        m2_0.status,
        pr1_0.member_point,
        pr1_0.remnant_point,
        p1_0.road,
        p1_0.status,
        p1_0.total_price 
    &amp#27;[34mfrom&amp#27;[0m
        purchase p1_0 
    &amp#27;[34mleft&amp#27;[0m &amp#27;[34mjoin&amp#27;[0m
        &amp#27;[32m`member`&amp#27;[0m m1_0 
            &amp#27;[34mon&amp#27;[0m m1_0.id=p1_0.&amp#27;[32m`member_id`&amp#27;[0m 
    &amp#27;[34mleft&amp#27;[0m &amp#27;[34mjoin&amp#27;[0m
        point_record pr1_0 
            &amp#27;[34mon&amp#27;[0m pr1_0.id=p1_0.point_record_id 
    &amp#27;[34mleft&amp#27;[0m &amp#27;[34mjoin&amp#27;[0m
        &amp#27;[32m`member`&amp#27;[0m m2_0 
            &amp#27;[34mon&amp#27;[0m m2_0.id=pr1_0.&amp#27;[32m`member_id`&amp#27;[0m 
    &amp#27;[34mwhere&amp#27;[0m
        p1_0.id=?
2024-06-24T10:16:32.422+09:00 TRACE 77710 --- [3runner-bookstore] [           main] org.hibernate.orm.jdbc.bind              : binding parameter (1:BIGINT) <- [1]
2024-06-24T10:16:32.432+09:00 TRACE 77710 --- [3runner-bookstore] [           main] o.s.t.i.TransactionInterceptor           : Completing transaction for [org.springframework.data.jpa.repository.support.SimpleJpaRepository.delete]
2024-06-24T10:16:32.458+09:00 TRACE 77710 --- [3runner-bookstore] [           main] o.s.t.i.TransactionInterceptor           : Getting transaction for [org.springframework.data.jpa.repository.support.SimpleJpaRepository.delete]
&amp#27;[35m[Hibernate]&amp#27;[0m 
    &amp#27;[34mselect&amp#27;[0m
        p1_0.id,
        p1_0.created_at,
        p1_0.delivery_price,
        m1_0.id,
        m1_0.age,
        m1_0.birthday,
        m1_0.created_at,
        m1_0.deleted_at,
        m1_0.email,
        m1_0.grade,
        m1_0.last_login_date,
        m1_0.modified_at,
        m1_0.name,
        m1_0.password,
        m1_0.phone,
        m1_0.point,
        m1_0.status,
        p1_0.member_type,
        p1_0.order_number,
        p1_0.password,
        pr1_0.id,
        pr1_0.content,
        pr1_0.created_at,
        pr1_0.&amp#27;[32m`member_id`&amp#27;[0m,
        m2_0.id,
        m2_0.age,
        m2_0.birthday,
        m2_0.created_at,
        m2_0.deleted_at,
        m2_0.email,
        m2_0.grade,
        m2_0.last_login_date,
        m2_0.modified_at,
        m2_0.name,
        m2_0.password,
        m2_0.phone,
        m2_0.point,
        m2_0.status,
        pr1_0.member_point,
        pr1_0.remnant_point,
        p1_0.road,
        p1_0.status,
        p1_0.total_price 
    &amp#27;[34mfrom&amp#27;[0m
        purchase p1_0 
    &amp#27;[34mleft&amp#27;[0m &amp#27;[34mjoin&amp#27;[0m
        &amp#27;[32m`member`&amp#27;[0m m1_0 
            &amp#27;[34mon&amp#27;[0m m1_0.id=p1_0.&amp#27;[32m`member_id`&amp#27;[0m 
    &amp#27;[34mleft&amp#27;[0m &amp#27;[34mjoin&amp#27;[0m
        point_record pr1_0 
            &amp#27;[34mon&amp#27;[0m pr1_0.id=p1_0.point_record_id 
    &amp#27;[34mleft&amp#27;[0m &amp#27;[34mjoin&amp#27;[0m
        &amp#27;[32m`member`&amp#27;[0m m2_0 
            &amp#27;[34mon&amp#27;[0m m2_0.id=pr1_0.&amp#27;[32m`member_id`&amp#27;[0m 
    &amp#27;[34mwhere&amp#27;[0m
        p1_0.id=?
2024-06-24T10:16:32.458+09:00 TRACE 77710 --- [3runner-bookstore] [           main] org.hibernate.orm.jdbc.bind              : binding parameter (1:BIGINT) <- [2]
2024-06-24T10:16:32.467+09:00 TRACE 77710 --- [3runner-bookstore] [           main] o.s.t.i.TransactionInterceptor           : Completing transaction for [org.springframework.data.jpa.repository.support.SimpleJpaRepository.delete]
2024-06-24T10:16:32.494+09:00 TRACE 77710 --- [3runner-bookstore] [           main] o.s.t.i.TransactionInterceptor           : Getting transaction for [org.springframework.data.jpa.repository.support.SimpleJpaRepository.delete]
&amp#27;[35m[Hibernate]&amp#27;[0m 
    &amp#27;[34mselect&amp#27;[0m
        p1_0.id,
        p1_0.created_at,
        p1_0.delivery_price,
        m1_0.id,
        m1_0.age,
        m1_0.birthday,
        m1_0.created_at,
        m1_0.deleted_at,
        m1_0.email,
        m1_0.grade,
        m1_0.last_login_date,
        m1_0.modified_at,
        m1_0.name,
        m1_0.password,
        m1_0.phone,
        m1_0.point,
        m1_0.status,
        p1_0.member_type,
        p1_0.order_number,
        p1_0.password,
        pr1_0.id,
        pr1_0.content,
        pr1_0.created_at,
        pr1_0.&amp#27;[32m`member_id`&amp#27;[0m,
        m2_0.id,
        m2_0.age,
        m2_0.birthday,
        m2_0.created_at,
        m2_0.deleted_at,
        m2_0.email,
        m2_0.grade,
        m2_0.last_login_date,
        m2_0.modified_at,
        m2_0.name,
        m2_0.password,
        m2_0.phone,
        m2_0.point,
        m2_0.status,
        pr1_0.member_point,
        pr1_0.remnant_point,
        p1_0.road,
        p1_0.status,
        p1_0.total_price 
    &amp#27;[34mfrom&amp#27;[0m
        purchase p1_0 
    &amp#27;[34mleft&amp#27;[0m &amp#27;[34mjoin&amp#27;[0m
        &amp#27;[32m`member`&amp#27;[0m m1_0 
            &amp#27;[34mon&amp#27;[0m m1_0.id=p1_0.&amp#27;[32m`member_id`&amp#27;[0m 
    &amp#27;[34mleft&amp#27;[0m &amp#27;[34mjoin&amp#27;[0m
        point_record pr1_0 
            &amp#27;[34mon&amp#27;[0m pr1_0.id=p1_0.point_record_id 
    &amp#27;[34mleft&amp#27;[0m &amp#27;[34mjoin&amp#27;[0m
        &amp#27;[32m`member`&amp#27;[0m m2_0 
            &amp#27;[34mon&amp#27;[0m m2_0.id=pr1_0.&amp#27;[32m`member_id`&amp#27;[0m 
    &amp#27;[34mwhere&amp#27;[0m
        p1_0.id=?
2024-06-24T10:16:32.495+09:00 TRACE 77710 --- [3runner-bookstore] [           main] org.hibernate.orm.jdbc.bind              : binding parameter (1:BIGINT) <- [3]
2024-06-24T10:16:32.504+09:00 TRACE 77710 --- [3runner-bookstore] [           main] o.s.t.i.TransactionInterceptor           : Completing transaction for [org.springframework.data.jpa.repository.support.SimpleJpaRepository.delete]
2024-06-24T10:16:32.531+09:00 TRACE 77710 --- [3runner-bookstore] [           main] o.s.t.i.TransactionInterceptor           : Getting transaction for [org.springframework.data.jpa.repository.support.SimpleJpaRepository.delete]
&amp#27;[35m[Hibernate]&amp#27;[0m 
    &amp#27;[34mselect&amp#27;[0m
        p1_0.id,
        p1_0.created_at,
        p1_0.delivery_price,
        m1_0.id,
        m1_0.age,
        m1_0.birthday,
        m1_0.created_at,
        m1_0.deleted_at,
        m1_0.email,
        m1_0.grade,
        m1_0.last_login_date,
        m1_0.modified_at,
        m1_0.name,
        m1_0.password,
        m1_0.phone,
        m1_0.point,
        m1_0.status,
        p1_0.member_type,
        p1_0.order_number,
        p1_0.password,
        pr1_0.id,
        pr1_0.content,
        pr1_0.created_at,
        pr1_0.&amp#27;[32m`member_id`&amp#27;[0m,
        m2_0.id,
        m2_0.age,
        m2_0.birthday,
        m2_0.created_at,
        m2_0.deleted_at,
        m2_0.email,
        m2_0.grade,
        m2_0.last_login_date,
        m2_0.modified_at,
        m2_0.name,
        m2_0.password,
        m2_0.phone,
        m2_0.point,
        m2_0.status,
        pr1_0.member_point,
        pr1_0.remnant_point,
        p1_0.road,
        p1_0.status,
        p1_0.total_price 
    &amp#27;[34mfrom&amp#27;[0m
        purchase p1_0 
    &amp#27;[34mleft&amp#27;[0m &amp#27;[34mjoin&amp#27;[0m
        &amp#27;[32m`member`&amp#27;[0m m1_0 
            &amp#27;[34mon&amp#27;[0m m1_0.id=p1_0.&amp#27;[32m`member_id`&amp#27;[0m 
    &amp#27;[34mleft&amp#27;[0m &amp#27;[34mjoin&amp#27;[0m
        point_record pr1_0 
            &amp#27;[34mon&amp#27;[0m pr1_0.id=p1_0.point_record_id 
    &amp#27;[34mleft&amp#27;[0m &amp#27;[34mjoin&amp#27;[0m
        &amp#27;[32m`member`&amp#27;[0m m2_0 
            &amp#27;[34mon&amp#27;[0m m2_0.id=pr1_0.&amp#27;[32m`member_id`&amp#27;[0m 
    &amp#27;[34mwhere&amp#27;[0m
        p1_0.id=?
2024-06-24T10:16:32.531+09:00 TRACE 77710 --- [3runner-bookstore] [           main] org.hibernate.orm.jdbc.bind              : binding parameter (1:BIGINT) <- [4]
2024-06-24T10:16:32.541+09:00 TRACE 77710 --- [3runner-bookstore] [           main] o.s.t.i.TransactionInterceptor           : Completing transaction for [org.springframework.data.jpa.repository.support.SimpleJpaRepository.delete]
]]></system-out>
  </testcase>
  <testcase name="existsPurchaseByOrderNumber" classname="com.nhnacademy.bookstore.purchase.purchase.repository.PurchaseRepositoryTest" time="0.614">
    <system-out><![CDATA[2024-06-24T10:16:32.573+09:00 TRACE 77710 --- [3runner-bookstore] [           main] o.s.t.i.TransactionInterceptor           : Getting transaction for [com.nhnacademy.bookstore.member.member.service.impl.MemberServiceImpl.save]
2024-06-24T10:16:32.573+09:00 TRACE 77710 --- [3runner-bookstore] [           main] o.s.t.i.TransactionInterceptor           : Getting transaction for [org.springframework.data.jpa.repository.support.SimpleJpaRepository.save]
&amp#27;[35m[Hibernate]&amp#27;[0m 
    /* &amp#27;[34minsert&amp#27;[0m &amp#27;[34mfor&amp#27;[0m
        com.nhnacademy.bookstore.entity.&amp#27;[34mmember&amp#27;[0m.&amp#27;[34mMember&amp#27;[0m */&amp#27;[34minsert&amp#27;[0m 
    &amp#27;[34minto&amp#27;[0m
        &amp#27;[32m`member`&amp#27;[0m (
            age, birthday, created_at, deleted_at, email, grade, last_login_date, modified_at, name, password, phone, point, status
        ) 
    &amp#27;[34mvalues&amp#27;[0m
        (?, ?, ?, ?, ?, ?, ?, ?, ?, ?, ?, ?, ?)
2024-06-24T10:16:32.574+09:00 TRACE 77710 --- [3runner-bookstore] [           main] org.hibernate.orm.jdbc.bind              : binding parameter (1:INTEGER) <- [1]
2024-06-24T10:16:32.574+09:00 TRACE 77710 --- [3runner-bookstore] [           main] org.hibernate.orm.jdbc.bind              : binding parameter (2:TIMESTAMP_UTC) <- [2024-06-24T10:16:32.564286+09:00[Asia/Seoul]]
2024-06-24T10:16:32.574+09:00 TRACE 77710 --- [3runner-bookstore] [           main] org.hibernate.orm.jdbc.bind              : binding parameter (3:TIMESTAMP_UTC) <- [2024-06-24T10:16:32.564296+09:00[Asia/Seoul]]
2024-06-24T10:16:32.574+09:00 TRACE 77710 --- [3runner-bookstore] [           main] org.hibernate.orm.jdbc.bind              : binding parameter (4:TIMESTAMP_UTC) <- [null]
2024-06-24T10:16:32.574+09:00 TRACE 77710 --- [3runner-bookstore] [           main] org.hibernate.orm.jdbc.bind              : binding parameter (5:VARCHAR) <- [dfdaf@nav.com]
2024-06-24T10:16:32.574+09:00 TRACE 77710 --- [3runner-bookstore] [           main] org.hibernate.orm.jdbc.bind              : binding parameter (6:TINYINT) <- [General]
2024-06-24T10:16:32.574+09:00 TRACE 77710 --- [3runner-bookstore] [           main] org.hibernate.orm.jdbc.bind              : binding parameter (7:TIMESTAMP_UTC) <- [null]
2024-06-24T10:16:32.574+09:00 TRACE 77710 --- [3runner-bookstore] [           main] org.hibernate.orm.jdbc.bind              : binding parameter (8:TIMESTAMP_UTC) <- [null]
2024-06-24T10:16:32.574+09:00 TRACE 77710 --- [3runner-bookstore] [           main] org.hibernate.orm.jdbc.bind              : binding parameter (9:VARCHAR) <- [1]
2024-06-24T10:16:32.574+09:00 TRACE 77710 --- [3runner-bookstore] [           main] org.hibernate.orm.jdbc.bind              : binding parameter (10:VARCHAR) <- [1]
2024-06-24T10:16:32.574+09:00 TRACE 77710 --- [3runner-bookstore] [           main] org.hibernate.orm.jdbc.bind              : binding parameter (11:VARCHAR) <- [1]
2024-06-24T10:16:32.574+09:00 TRACE 77710 --- [3runner-bookstore] [           main] org.hibernate.orm.jdbc.bind              : binding parameter (12:BIGINT) <- [5000]
2024-06-24T10:16:32.574+09:00 TRACE 77710 --- [3runner-bookstore] [           main] org.hibernate.orm.jdbc.bind              : binding parameter (13:TINYINT) <- [Active]
2024-06-24T10:16:32.583+09:00 TRACE 77710 --- [3runner-bookstore] [           main] o.s.t.i.TransactionInterceptor           : Completing transaction for [org.springframework.data.jpa.repository.support.SimpleJpaRepository.save]
2024-06-24T10:16:32.583+09:00 TRACE 77710 --- [3runner-bookstore] [           main] o.s.t.i.TransactionInterceptor           : Completing transaction for [com.nhnacademy.bookstore.member.member.service.impl.MemberServiceImpl.save]
2024-06-24T10:16:32.611+09:00 TRACE 77710 --- [3runner-bookstore] [           main] o.s.t.i.TransactionInterceptor           : Getting transaction for [com.nhnacademy.bookstore.member.member.service.impl.MemberServiceImpl.save]
2024-06-24T10:16:32.611+09:00 TRACE 77710 --- [3runner-bookstore] [           main] o.s.t.i.TransactionInterceptor           : Getting transaction for [org.springframework.data.jpa.repository.support.SimpleJpaRepository.save]
&amp#27;[35m[Hibernate]&amp#27;[0m 
    /* &amp#27;[34minsert&amp#27;[0m &amp#27;[34mfor&amp#27;[0m
        com.nhnacademy.bookstore.entity.&amp#27;[34mmember&amp#27;[0m.&amp#27;[34mMember&amp#27;[0m */&amp#27;[34minsert&amp#27;[0m 
    &amp#27;[34minto&amp#27;[0m
        &amp#27;[32m`member`&amp#27;[0m (
            age, birthday, created_at, deleted_at, email, grade, last_login_date, modified_at, name, password, phone, point, status
        ) 
    &amp#27;[34mvalues&amp#27;[0m
        (?, ?, ?, ?, ?, ?, ?, ?, ?, ?, ?, ?, ?)
2024-06-24T10:16:32.611+09:00 TRACE 77710 --- [3runner-bookstore] [           main] org.hibernate.orm.jdbc.bind              : binding parameter (1:INTEGER) <- [1]
2024-06-24T10:16:32.611+09:00 TRACE 77710 --- [3runner-bookstore] [           main] org.hibernate.orm.jdbc.bind              : binding parameter (2:TIMESTAMP_UTC) <- [2024-06-24T10:16:32.564299+09:00[Asia/Seoul]]
2024-06-24T10:16:32.611+09:00 TRACE 77710 --- [3runner-bookstore] [           main] org.hibernate.orm.jdbc.bind              : binding parameter (3:TIMESTAMP_UTC) <- [2024-06-24T10:16:32.564301+09:00[Asia/Seoul]]
2024-06-24T10:16:32.612+09:00 TRACE 77710 --- [3runner-bookstore] [           main] org.hibernate.orm.jdbc.bind              : binding parameter (4:TIMESTAMP_UTC) <- [null]
2024-06-24T10:16:32.612+09:00 TRACE 77710 --- [3runner-bookstore] [           main] org.hibernate.orm.jdbc.bind              : binding parameter (5:VARCHAR) <- [dfdadf@nav.com]
2024-06-24T10:16:32.612+09:00 TRACE 77710 --- [3runner-bookstore] [           main] org.hibernate.orm.jdbc.bind              : binding parameter (6:TINYINT) <- [General]
2024-06-24T10:16:32.612+09:00 TRACE 77710 --- [3runner-bookstore] [           main] org.hibernate.orm.jdbc.bind              : binding parameter (7:TIMESTAMP_UTC) <- [null]
2024-06-24T10:16:32.612+09:00 TRACE 77710 --- [3runner-bookstore] [           main] org.hibernate.orm.jdbc.bind              : binding parameter (8:TIMESTAMP_UTC) <- [null]
2024-06-24T10:16:32.612+09:00 TRACE 77710 --- [3runner-bookstore] [           main] org.hibernate.orm.jdbc.bind              : binding parameter (9:VARCHAR) <- [1]
2024-06-24T10:16:32.612+09:00 TRACE 77710 --- [3runner-bookstore] [           main] org.hibernate.orm.jdbc.bind              : binding parameter (10:VARCHAR) <- [1]
2024-06-24T10:16:32.612+09:00 TRACE 77710 --- [3runner-bookstore] [           main] org.hibernate.orm.jdbc.bind              : binding parameter (11:VARCHAR) <- [1]
2024-06-24T10:16:32.612+09:00 TRACE 77710 --- [3runner-bookstore] [           main] org.hibernate.orm.jdbc.bind              : binding parameter (12:BIGINT) <- [5000]
2024-06-24T10:16:32.612+09:00 TRACE 77710 --- [3runner-bookstore] [           main] org.hibernate.orm.jdbc.bind              : binding parameter (13:TINYINT) <- [Active]
2024-06-24T10:16:32.621+09:00 TRACE 77710 --- [3runner-bookstore] [           main] o.s.t.i.TransactionInterceptor           : Completing transaction for [org.springframework.data.jpa.repository.support.SimpleJpaRepository.save]
2024-06-24T10:16:32.621+09:00 TRACE 77710 --- [3runner-bookstore] [           main] o.s.t.i.TransactionInterceptor           : Completing transaction for [com.nhnacademy.bookstore.member.member.service.impl.MemberServiceImpl.save]
2024-06-24T10:16:32.649+09:00 TRACE 77710 --- [3runner-bookstore] [           main] o.s.t.i.TransactionInterceptor           : Getting transaction for [org.springframework.data.jpa.repository.support.SimpleJpaRepository.save]
&amp#27;[35m[Hibernate]&amp#27;[0m 
    &amp#27;[34mselect&amp#27;[0m
        p1_0.id,
        p1_0.created_at,
        p1_0.delivery_price,
        m1_0.id,
        m1_0.age,
        m1_0.birthday,
        m1_0.created_at,
        m1_0.deleted_at,
        m1_0.email,
        m1_0.grade,
        m1_0.last_login_date,
        m1_0.modified_at,
        m1_0.name,
        m1_0.password,
        m1_0.phone,
        m1_0.point,
        m1_0.status,
        al1_0.&amp#27;[32m`member_id`&amp#27;[0m,
        al1_0.id,
        al1_0.city,
        al1_0.country,
        al1_0.name,
        al1_0.postal_code,
        al1_0.road,
        al1_0.state,
        p1_0.member_type,
        p1_0.order_number,
        p1_0.password,
        pr1_0.id,
        pr1_0.content,
        pr1_0.created_at,
        pr1_0.&amp#27;[32m`member_id`&amp#27;[0m,
        m3_0.id,
        m3_0.age,
        m3_0.birthday,
        m3_0.created_at,
        m3_0.deleted_at,
        m3_0.email,
        m3_0.grade,
        m3_0.last_login_date,
        m3_0.modified_at,
        m3_0.name,
        m3_0.password,
        m3_0.phone,
        m3_0.point,
        m3_0.status,
        pr1_0.member_point,
        pr1_0.remnant_point,
        p1_0.road,
        p1_0.status,
        p1_0.total_price 
    &amp#27;[34mfrom&amp#27;[0m
        purchase p1_0 
    &amp#27;[34mleft&amp#27;[0m &amp#27;[34mjoin&amp#27;[0m
        &amp#27;[32m`member`&amp#27;[0m m1_0 
            &amp#27;[34mon&amp#27;[0m m1_0.id=p1_0.&amp#27;[32m`member_id`&amp#27;[0m 
    &amp#27;[34mleft&amp#27;[0m &amp#27;[34mjoin&amp#27;[0m
        address al1_0 
            &amp#27;[34mon&amp#27;[0m m1_0.id=al1_0.&amp#27;[32m`member_id`&amp#27;[0m 
    &amp#27;[34mleft&amp#27;[0m &amp#27;[34mjoin&amp#27;[0m
        point_record pr1_0 
            &amp#27;[34mon&amp#27;[0m pr1_0.id=p1_0.point_record_id 
    &amp#27;[34mleft&amp#27;[0m &amp#27;[34mjoin&amp#27;[0m
        &amp#27;[32m`member`&amp#27;[0m m3_0 
            &amp#27;[34mon&amp#27;[0m m3_0.id=pr1_0.&amp#27;[32m`member_id`&amp#27;[0m 
    &amp#27;[34mwhere&amp#27;[0m
        p1_0.id=?
2024-06-24T10:16:32.649+09:00 TRACE 77710 --- [3runner-bookstore] [           main] org.hibernate.orm.jdbc.bind              : binding parameter (1:BIGINT) <- [1]
&amp#27;[35m[Hibernate]&amp#27;[0m 
    &amp#27;[34mselect&amp#27;[0m
        m1_0.id,
        m1_0.age,
        m1_0.birthday,
        m1_0.created_at,
        m1_0.deleted_at,
        m1_0.email,
        m1_0.grade,
        m1_0.last_login_date,
        m1_0.modified_at,
        m1_0.name,
        m1_0.password,
        m1_0.phone,
        m1_0.point,
        m1_0.status 
    &amp#27;[34mfrom&amp#27;[0m
        &amp#27;[32m`member`&amp#27;[0m m1_0 
    &amp#27;[34mwhere&amp#27;[0m
        m1_0.id=?
2024-06-24T10:16:32.659+09:00 TRACE 77710 --- [3runner-bookstore] [           main] org.hibernate.orm.jdbc.bind              : binding parameter (1:BIGINT) <- [360]
&amp#27;[35m[Hibernate]&amp#27;[0m 
    /* &amp#27;[34minsert&amp#27;[0m &amp#27;[34mfor&amp#27;[0m
        com.nhnacademy.bookstore.entity.purchase.Purchase */&amp#27;[34minsert&amp#27;[0m 
    &amp#27;[34minto&amp#27;[0m
        purchase (created_at, delivery_price, &amp#27;[32m`member_id`&amp#27;[0m, member_type, order_number, password, point_record_id, road, status, total_price) 
    &amp#27;[34mvalues&amp#27;[0m
        (?, ?, ?, ?, ?, ?, ?, ?, ?, ?)
2024-06-24T10:16:32.669+09:00 TRACE 77710 --- [3runner-bookstore] [           main] org.hibernate.orm.jdbc.bind              : binding parameter (1:TIMESTAMP_UTC) <- [2024-06-24T10:16:32.640414+09:00[Asia/Seoul]]
2024-06-24T10:16:32.669+09:00 TRACE 77710 --- [3runner-bookstore] [           main] org.hibernate.orm.jdbc.bind              : binding parameter (2:INTEGER) <- [100]
2024-06-24T10:16:32.669+09:00 TRACE 77710 --- [3runner-bookstore] [           main] org.hibernate.orm.jdbc.bind              : binding parameter (3:BIGINT) <- [360]
2024-06-24T10:16:32.669+09:00 TRACE 77710 --- [3runner-bookstore] [           main] org.hibernate.orm.jdbc.bind              : binding parameter (4:TINYINT) <- [MEMBER]
2024-06-24T10:16:32.669+09:00 TRACE 77710 --- [3runner-bookstore] [           main] org.hibernate.orm.jdbc.bind              : binding parameter (5:BINARY) <- [b34dd622-7bd4-4965-8641-ab59e42615c8]
2024-06-24T10:16:32.669+09:00 TRACE 77710 --- [3runner-bookstore] [           main] org.hibernate.orm.jdbc.bind              : binding parameter (6:VARCHAR) <- [password]
2024-06-24T10:16:32.669+09:00 TRACE 77710 --- [3runner-bookstore] [           main] org.hibernate.orm.jdbc.bind              : binding parameter (7:BIGINT) <- [null]
2024-06-24T10:16:32.669+09:00 TRACE 77710 --- [3runner-bookstore] [           main] org.hibernate.orm.jdbc.bind              : binding parameter (8:VARCHAR) <- [road]
2024-06-24T10:16:32.669+09:00 TRACE 77710 --- [3runner-bookstore] [           main] org.hibernate.orm.jdbc.bind              : binding parameter (9:TINYINT) <- [SHIPPED]
2024-06-24T10:16:32.669+09:00 TRACE 77710 --- [3runner-bookstore] [           main] org.hibernate.orm.jdbc.bind              : binding parameter (10:INTEGER) <- [10]
2024-06-24T10:16:32.678+09:00 TRACE 77710 --- [3runner-bookstore] [           main] o.s.t.i.TransactionInterceptor           : Completing transaction for [org.springframework.data.jpa.repository.support.SimpleJpaRepository.save]
2024-06-24T10:16:32.707+09:00 TRACE 77710 --- [3runner-bookstore] [           main] o.s.t.i.TransactionInterceptor           : Getting transaction for [org.springframework.data.jpa.repository.support.SimpleJpaRepository.save]
&amp#27;[35m[Hibernate]&amp#27;[0m 
    &amp#27;[34mselect&amp#27;[0m
        p1_0.id,
        p1_0.created_at,
        p1_0.delivery_price,
        m1_0.id,
        m1_0.age,
        m1_0.birthday,
        m1_0.created_at,
        m1_0.deleted_at,
        m1_0.email,
        m1_0.grade,
        m1_0.last_login_date,
        m1_0.modified_at,
        m1_0.name,
        m1_0.password,
        m1_0.phone,
        m1_0.point,
        m1_0.status,
        al1_0.&amp#27;[32m`member_id`&amp#27;[0m,
        al1_0.id,
        al1_0.city,
        al1_0.country,
        al1_0.name,
        al1_0.postal_code,
        al1_0.road,
        al1_0.state,
        p1_0.member_type,
        p1_0.order_number,
        p1_0.password,
        pr1_0.id,
        pr1_0.content,
        pr1_0.created_at,
        pr1_0.&amp#27;[32m`member_id`&amp#27;[0m,
        m3_0.id,
        m3_0.age,
        m3_0.birthday,
        m3_0.created_at,
        m3_0.deleted_at,
        m3_0.email,
        m3_0.grade,
        m3_0.last_login_date,
        m3_0.modified_at,
        m3_0.name,
        m3_0.password,
        m3_0.phone,
        m3_0.point,
        m3_0.status,
        pr1_0.member_point,
        pr1_0.remnant_point,
        p1_0.road,
        p1_0.status,
        p1_0.total_price 
    &amp#27;[34mfrom&amp#27;[0m
        purchase p1_0 
    &amp#27;[34mleft&amp#27;[0m &amp#27;[34mjoin&amp#27;[0m
        &amp#27;[32m`member`&amp#27;[0m m1_0 
            &amp#27;[34mon&amp#27;[0m m1_0.id=p1_0.&amp#27;[32m`member_id`&amp#27;[0m 
    &amp#27;[34mleft&amp#27;[0m &amp#27;[34mjoin&amp#27;[0m
        address al1_0 
            &amp#27;[34mon&amp#27;[0m m1_0.id=al1_0.&amp#27;[32m`member_id`&amp#27;[0m 
    &amp#27;[34mleft&amp#27;[0m &amp#27;[34mjoin&amp#27;[0m
        point_record pr1_0 
            &amp#27;[34mon&amp#27;[0m pr1_0.id=p1_0.point_record_id 
    &amp#27;[34mleft&amp#27;[0m &amp#27;[34mjoin&amp#27;[0m
        &amp#27;[32m`member`&amp#27;[0m m3_0 
            &amp#27;[34mon&amp#27;[0m m3_0.id=pr1_0.&amp#27;[32m`member_id`&amp#27;[0m 
    &amp#27;[34mwhere&amp#27;[0m
        p1_0.id=?
2024-06-24T10:16:32.707+09:00 TRACE 77710 --- [3runner-bookstore] [           main] org.hibernate.orm.jdbc.bind              : binding parameter (1:BIGINT) <- [2]
&amp#27;[35m[Hibernate]&amp#27;[0m 
    &amp#27;[34mselect&amp#27;[0m
        m1_0.id,
        m1_0.age,
        m1_0.birthday,
        m1_0.created_at,
        m1_0.deleted_at,
        m1_0.email,
        m1_0.grade,
        m1_0.last_login_date,
        m1_0.modified_at,
        m1_0.name,
        m1_0.password,
        m1_0.phone,
        m1_0.point,
        m1_0.status 
    &amp#27;[34mfrom&amp#27;[0m
        &amp#27;[32m`member`&amp#27;[0m m1_0 
    &amp#27;[34mwhere&amp#27;[0m
        m1_0.id=?
2024-06-24T10:16:32.717+09:00 TRACE 77710 --- [3runner-bookstore] [           main] org.hibernate.orm.jdbc.bind              : binding parameter (1:BIGINT) <- [360]
&amp#27;[35m[Hibernate]&amp#27;[0m 
    /* &amp#27;[34minsert&amp#27;[0m &amp#27;[34mfor&amp#27;[0m
        com.nhnacademy.bookstore.entity.purchase.Purchase */&amp#27;[34minsert&amp#27;[0m 
    &amp#27;[34minto&amp#27;[0m
        purchase (created_at, delivery_price, &amp#27;[32m`member_id`&amp#27;[0m, member_type, order_number, password, point_record_id, road, status, total_price) 
    &amp#27;[34mvalues&amp#27;[0m
        (?, ?, ?, ?, ?, ?, ?, ?, ?, ?)
2024-06-24T10:16:32.727+09:00 TRACE 77710 --- [3runner-bookstore] [           main] org.hibernate.orm.jdbc.bind              : binding parameter (1:TIMESTAMP_UTC) <- [2024-06-24T10:16:32.640423+09:00[Asia/Seoul]]
2024-06-24T10:16:32.727+09:00 TRACE 77710 --- [3runner-bookstore] [           main] org.hibernate.orm.jdbc.bind              : binding parameter (2:INTEGER) <- [100]
2024-06-24T10:16:32.727+09:00 TRACE 77710 --- [3runner-bookstore] [           main] org.hibernate.orm.jdbc.bind              : binding parameter (3:BIGINT) <- [360]
2024-06-24T10:16:32.727+09:00 TRACE 77710 --- [3runner-bookstore] [           main] org.hibernate.orm.jdbc.bind              : binding parameter (4:TINYINT) <- [MEMBER]
2024-06-24T10:16:32.727+09:00 TRACE 77710 --- [3runner-bookstore] [           main] org.hibernate.orm.jdbc.bind              : binding parameter (5:BINARY) <- [eeee58c9-6ea7-463a-9ca9-0e3be0fc5b8c]
2024-06-24T10:16:32.727+09:00 TRACE 77710 --- [3runner-bookstore] [           main] org.hibernate.orm.jdbc.bind              : binding parameter (6:VARCHAR) <- [password]
2024-06-24T10:16:32.727+09:00 TRACE 77710 --- [3runner-bookstore] [           main] org.hibernate.orm.jdbc.bind              : binding parameter (7:BIGINT) <- [null]
2024-06-24T10:16:32.727+09:00 TRACE 77710 --- [3runner-bookstore] [           main] org.hibernate.orm.jdbc.bind              : binding parameter (8:VARCHAR) <- [road]
2024-06-24T10:16:32.727+09:00 TRACE 77710 --- [3runner-bookstore] [           main] org.hibernate.orm.jdbc.bind              : binding parameter (9:TINYINT) <- [SHIPPED]
2024-06-24T10:16:32.727+09:00 TRACE 77710 --- [3runner-bookstore] [           main] org.hibernate.orm.jdbc.bind              : binding parameter (10:INTEGER) <- [10]
2024-06-24T10:16:32.736+09:00 TRACE 77710 --- [3runner-bookstore] [           main] o.s.t.i.TransactionInterceptor           : Completing transaction for [org.springframework.data.jpa.repository.support.SimpleJpaRepository.save]
2024-06-24T10:16:32.764+09:00 TRACE 77710 --- [3runner-bookstore] [           main] o.s.t.i.TransactionInterceptor           : Getting transaction for [org.springframework.data.jpa.repository.support.SimpleJpaRepository.save]
&amp#27;[35m[Hibernate]&amp#27;[0m 
    &amp#27;[34mselect&amp#27;[0m
        p1_0.id,
        p1_0.created_at,
        p1_0.delivery_price,
        m1_0.id,
        m1_0.age,
        m1_0.birthday,
        m1_0.created_at,
        m1_0.deleted_at,
        m1_0.email,
        m1_0.grade,
        m1_0.last_login_date,
        m1_0.modified_at,
        m1_0.name,
        m1_0.password,
        m1_0.phone,
        m1_0.point,
        m1_0.status,
        al1_0.&amp#27;[32m`member_id`&amp#27;[0m,
        al1_0.id,
        al1_0.city,
        al1_0.country,
        al1_0.name,
        al1_0.postal_code,
        al1_0.road,
        al1_0.state,
        p1_0.member_type,
        p1_0.order_number,
        p1_0.password,
        pr1_0.id,
        pr1_0.content,
        pr1_0.created_at,
        pr1_0.&amp#27;[32m`member_id`&amp#27;[0m,
        m3_0.id,
        m3_0.age,
        m3_0.birthday,
        m3_0.created_at,
        m3_0.deleted_at,
        m3_0.email,
        m3_0.grade,
        m3_0.last_login_date,
        m3_0.modified_at,
        m3_0.name,
        m3_0.password,
        m3_0.phone,
        m3_0.point,
        m3_0.status,
        pr1_0.member_point,
        pr1_0.remnant_point,
        p1_0.road,
        p1_0.status,
        p1_0.total_price 
    &amp#27;[34mfrom&amp#27;[0m
        purchase p1_0 
    &amp#27;[34mleft&amp#27;[0m &amp#27;[34mjoin&amp#27;[0m
        &amp#27;[32m`member`&amp#27;[0m m1_0 
            &amp#27;[34mon&amp#27;[0m m1_0.id=p1_0.&amp#27;[32m`member_id`&amp#27;[0m 
    &amp#27;[34mleft&amp#27;[0m &amp#27;[34mjoin&amp#27;[0m
        address al1_0 
            &amp#27;[34mon&amp#27;[0m m1_0.id=al1_0.&amp#27;[32m`member_id`&amp#27;[0m 
    &amp#27;[34mleft&amp#27;[0m &amp#27;[34mjoin&amp#27;[0m
        point_record pr1_0 
            &amp#27;[34mon&amp#27;[0m pr1_0.id=p1_0.point_record_id 
    &amp#27;[34mleft&amp#27;[0m &amp#27;[34mjoin&amp#27;[0m
        &amp#27;[32m`member`&amp#27;[0m m3_0 
            &amp#27;[34mon&amp#27;[0m m3_0.id=pr1_0.&amp#27;[32m`member_id`&amp#27;[0m 
    &amp#27;[34mwhere&amp#27;[0m
        p1_0.id=?
2024-06-24T10:16:32.765+09:00 TRACE 77710 --- [3runner-bookstore] [           main] org.hibernate.orm.jdbc.bind              : binding parameter (1:BIGINT) <- [3]
&amp#27;[35m[Hibernate]&amp#27;[0m 
    &amp#27;[34mselect&amp#27;[0m
        m1_0.id,
        m1_0.age,
        m1_0.birthday,
        m1_0.created_at,
        m1_0.deleted_at,
        m1_0.email,
        m1_0.grade,
        m1_0.last_login_date,
        m1_0.modified_at,
        m1_0.name,
        m1_0.password,
        m1_0.phone,
        m1_0.point,
        m1_0.status 
    &amp#27;[34mfrom&amp#27;[0m
        &amp#27;[32m`member`&amp#27;[0m m1_0 
    &amp#27;[34mwhere&amp#27;[0m
        m1_0.id=?
2024-06-24T10:16:32.775+09:00 TRACE 77710 --- [3runner-bookstore] [           main] org.hibernate.orm.jdbc.bind              : binding parameter (1:BIGINT) <- [360]
&amp#27;[35m[Hibernate]&amp#27;[0m 
    /* &amp#27;[34minsert&amp#27;[0m &amp#27;[34mfor&amp#27;[0m
        com.nhnacademy.bookstore.entity.purchase.Purchase */&amp#27;[34minsert&amp#27;[0m 
    &amp#27;[34minto&amp#27;[0m
        purchase (created_at, delivery_price, &amp#27;[32m`member_id`&amp#27;[0m, member_type, order_number, password, point_record_id, road, status, total_price) 
    &amp#27;[34mvalues&amp#27;[0m
        (?, ?, ?, ?, ?, ?, ?, ?, ?, ?)
2024-06-24T10:16:32.784+09:00 TRACE 77710 --- [3runner-bookstore] [           main] org.hibernate.orm.jdbc.bind              : binding parameter (1:TIMESTAMP_UTC) <- [2024-06-24T10:16:32.640426+09:00[Asia/Seoul]]
2024-06-24T10:16:32.785+09:00 TRACE 77710 --- [3runner-bookstore] [           main] org.hibernate.orm.jdbc.bind              : binding parameter (2:INTEGER) <- [100]
2024-06-24T10:16:32.785+09:00 TRACE 77710 --- [3runner-bookstore] [           main] org.hibernate.orm.jdbc.bind              : binding parameter (3:BIGINT) <- [360]
2024-06-24T10:16:32.785+09:00 TRACE 77710 --- [3runner-bookstore] [           main] org.hibernate.orm.jdbc.bind              : binding parameter (4:TINYINT) <- [MEMBER]
2024-06-24T10:16:32.785+09:00 TRACE 77710 --- [3runner-bookstore] [           main] org.hibernate.orm.jdbc.bind              : binding parameter (5:BINARY) <- [fcc51a63-a4e4-4d19-bda4-b05ed0e4bee5]
2024-06-24T10:16:32.785+09:00 TRACE 77710 --- [3runner-bookstore] [           main] org.hibernate.orm.jdbc.bind              : binding parameter (6:VARCHAR) <- [password]
2024-06-24T10:16:32.785+09:00 TRACE 77710 --- [3runner-bookstore] [           main] org.hibernate.orm.jdbc.bind              : binding parameter (7:BIGINT) <- [null]
2024-06-24T10:16:32.785+09:00 TRACE 77710 --- [3runner-bookstore] [           main] org.hibernate.orm.jdbc.bind              : binding parameter (8:VARCHAR) <- [road]
2024-06-24T10:16:32.785+09:00 TRACE 77710 --- [3runner-bookstore] [           main] org.hibernate.orm.jdbc.bind              : binding parameter (9:TINYINT) <- [SHIPPED]
2024-06-24T10:16:32.785+09:00 TRACE 77710 --- [3runner-bookstore] [           main] org.hibernate.orm.jdbc.bind              : binding parameter (10:INTEGER) <- [10]
2024-06-24T10:16:32.794+09:00 TRACE 77710 --- [3runner-bookstore] [           main] o.s.t.i.TransactionInterceptor           : Completing transaction for [org.springframework.data.jpa.repository.support.SimpleJpaRepository.save]
2024-06-24T10:16:32.824+09:00 TRACE 77710 --- [3runner-bookstore] [           main] o.s.t.i.TransactionInterceptor           : Getting transaction for [org.springframework.data.jpa.repository.support.SimpleJpaRepository.save]
&amp#27;[35m[Hibernate]&amp#27;[0m 
    &amp#27;[34mselect&amp#27;[0m
        p1_0.id,
        p1_0.created_at,
        p1_0.delivery_price,
        m1_0.id,
        m1_0.age,
        m1_0.birthday,
        m1_0.created_at,
        m1_0.deleted_at,
        m1_0.email,
        m1_0.grade,
        m1_0.last_login_date,
        m1_0.modified_at,
        m1_0.name,
        m1_0.password,
        m1_0.phone,
        m1_0.point,
        m1_0.status,
        al1_0.&amp#27;[32m`member_id`&amp#27;[0m,
        al1_0.id,
        al1_0.city,
        al1_0.country,
        al1_0.name,
        al1_0.postal_code,
        al1_0.road,
        al1_0.state,
        p1_0.member_type,
        p1_0.order_number,
        p1_0.password,
        pr1_0.id,
        pr1_0.content,
        pr1_0.created_at,
        pr1_0.&amp#27;[32m`member_id`&amp#27;[0m,
        m3_0.id,
        m3_0.age,
        m3_0.birthday,
        m3_0.created_at,
        m3_0.deleted_at,
        m3_0.email,
        m3_0.grade,
        m3_0.last_login_date,
        m3_0.modified_at,
        m3_0.name,
        m3_0.password,
        m3_0.phone,
        m3_0.point,
        m3_0.status,
        pr1_0.member_point,
        pr1_0.remnant_point,
        p1_0.road,
        p1_0.status,
        p1_0.total_price 
    &amp#27;[34mfrom&amp#27;[0m
        purchase p1_0 
    &amp#27;[34mleft&amp#27;[0m &amp#27;[34mjoin&amp#27;[0m
        &amp#27;[32m`member`&amp#27;[0m m1_0 
            &amp#27;[34mon&amp#27;[0m m1_0.id=p1_0.&amp#27;[32m`member_id`&amp#27;[0m 
    &amp#27;[34mleft&amp#27;[0m &amp#27;[34mjoin&amp#27;[0m
        address al1_0 
            &amp#27;[34mon&amp#27;[0m m1_0.id=al1_0.&amp#27;[32m`member_id`&amp#27;[0m 
    &amp#27;[34mleft&amp#27;[0m &amp#27;[34mjoin&amp#27;[0m
        point_record pr1_0 
            &amp#27;[34mon&amp#27;[0m pr1_0.id=p1_0.point_record_id 
    &amp#27;[34mleft&amp#27;[0m &amp#27;[34mjoin&amp#27;[0m
        &amp#27;[32m`member`&amp#27;[0m m3_0 
[...]
2024-06-24T10:16:32.923+09:00 TRACE 77710 --- [3runner-bookstore] [           main] org.hibernate.orm.jdbc.bind              : binding parameter (2:INTEGER) <- [1]
2024-06-24T10:16:32.941+09:00 TRACE 77710 --- [3runner-bookstore] [           main] o.s.t.i.TransactionInterceptor           : Getting transaction for [com.nhnacademy.bookstore.member.member.service.impl.MemberServiceImpl.deleteMember]
2024-06-24T10:16:32.941+09:00 TRACE 77710 --- [3runner-bookstore] [           main] o.s.t.i.TransactionInterceptor           : Getting transaction for [org.springframework.data.jpa.repository.support.SimpleJpaRepository.findById]
&amp#27;[35m[Hibernate]&amp#27;[0m 
    &amp#27;[34mselect&amp#27;[0m
        m1_0.id,
        m1_0.age,
        m1_0.birthday,
        m1_0.created_at,
        m1_0.deleted_at,
        m1_0.email,
        m1_0.grade,
        m1_0.last_login_date,
        m1_0.modified_at,
        m1_0.name,
        m1_0.password,
        m1_0.phone,
        m1_0.point,
        m1_0.status 
    &amp#27;[34mfrom&amp#27;[0m
        &amp#27;[32m`member`&amp#27;[0m m1_0 
    &amp#27;[34mwhere&amp#27;[0m
        m1_0.id=?
2024-06-24T10:16:32.941+09:00 TRACE 77710 --- [3runner-bookstore] [           main] org.hibernate.orm.jdbc.bind              : binding parameter (1:BIGINT) <- [360]
2024-06-24T10:16:32.951+09:00 TRACE 77710 --- [3runner-bookstore] [           main] o.s.t.i.TransactionInterceptor           : Completing transaction for [org.springframework.data.jpa.repository.support.SimpleJpaRepository.findById]
2024-06-24T10:16:32.951+09:00 TRACE 77710 --- [3runner-bookstore] [           main] o.s.t.i.TransactionInterceptor           : Getting transaction for [org.springframework.data.jpa.repository.support.SimpleJpaRepository.save]
2024-06-24T10:16:32.951+09:00 TRACE 77710 --- [3runner-bookstore] [           main] o.s.t.i.TransactionInterceptor           : Completing transaction for [org.springframework.data.jpa.repository.support.SimpleJpaRepository.save]
2024-06-24T10:16:32.951+09:00 TRACE 77710 --- [3runner-bookstore] [           main] o.s.t.i.TransactionInterceptor           : Completing transaction for [com.nhnacademy.bookstore.member.member.service.impl.MemberServiceImpl.deleteMember]
&amp#27;[35m[Hibernate]&amp#27;[0m 
    /* &amp#27;[34mupdate&amp#27;[0m
        &amp#27;[34mfor&amp#27;[0m com.nhnacademy.bookstore.entity.&amp#27;[34mmember&amp#27;[0m.&amp#27;[34mMember&amp#27;[0m */&amp#27;[34mupdate&amp#27;[0m &amp#27;[32m`member`&amp#27;[0m 
    &amp#27;[34mset&amp#27;[0m
        age=?,
        birthday=?,
        created_at=?,
        deleted_at=?,
        email=?,
        grade=?,
        last_login_date=?,
        modified_at=?,
        name=?,
        password=?,
        phone=?,
        point=?,
        status=? 
    &amp#27;[34mwhere&amp#27;[0m
        id=?
2024-06-24T10:16:32.952+09:00 TRACE 77710 --- [3runner-bookstore] [           main] org.hibernate.orm.jdbc.bind              : binding parameter (1:INTEGER) <- [1]
2024-06-24T10:16:32.952+09:00 TRACE 77710 --- [3runner-bookstore] [           main] org.hibernate.orm.jdbc.bind              : binding parameter (2:TIMESTAMP_UTC) <- [2024-06-24T01:16:32.564286Z]
2024-06-24T10:16:32.952+09:00 TRACE 77710 --- [3runner-bookstore] [           main] org.hibernate.orm.jdbc.bind              : binding parameter (3:TIMESTAMP_UTC) <- [2024-06-24T01:16:32.564296Z]
2024-06-24T10:16:32.952+09:00 TRACE 77710 --- [3runner-bookstore] [           main] org.hibernate.orm.jdbc.bind              : binding parameter (4:TIMESTAMP_UTC) <- [2024-06-24T10:16:32.951724+09:00[Asia/Seoul]]
2024-06-24T10:16:32.952+09:00 TRACE 77710 --- [3runner-bookstore] [           main] org.hibernate.orm.jdbc.bind              : binding parameter (5:VARCHAR) <- [dfdaf@nav.com]
2024-06-24T10:16:32.952+09:00 TRACE 77710 --- [3runner-bookstore] [           main] org.hibernate.orm.jdbc.bind              : binding parameter (6:TINYINT) <- [General]
2024-06-24T10:16:32.952+09:00 TRACE 77710 --- [3runner-bookstore] [           main] org.hibernate.orm.jdbc.bind              : binding parameter (7:TIMESTAMP_UTC) <- [null]
2024-06-24T10:16:32.952+09:00 TRACE 77710 --- [3runner-bookstore] [           main] org.hibernate.orm.jdbc.bind              : binding parameter (8:TIMESTAMP_UTC) <- [null]
2024-06-24T10:16:32.952+09:00 TRACE 77710 --- [3runner-bookstore] [           main] org.hibernate.orm.jdbc.bind              : binding parameter (9:VARCHAR) <- [1]
2024-06-24T10:16:32.952+09:00 TRACE 77710 --- [3runner-bookstore] [           main] org.hibernate.orm.jdbc.bind              : binding parameter (10:VARCHAR) <- [1]
2024-06-24T10:16:32.952+09:00 TRACE 77710 --- [3runner-bookstore] [           main] org.hibernate.orm.jdbc.bind              : binding parameter (11:VARCHAR) <- [1]
2024-06-24T10:16:32.952+09:00 TRACE 77710 --- [3runner-bookstore] [           main] org.hibernate.orm.jdbc.bind              : binding parameter (12:BIGINT) <- [5000]
2024-06-24T10:16:32.952+09:00 TRACE 77710 --- [3runner-bookstore] [           main] org.hibernate.orm.jdbc.bind              : binding parameter (13:TINYINT) <- [Withdrawn]
2024-06-24T10:16:32.952+09:00 TRACE 77710 --- [3runner-bookstore] [           main] org.hibernate.orm.jdbc.bind              : binding parameter (14:BIGINT) <- [360]
2024-06-24T10:16:32.990+09:00 TRACE 77710 --- [3runner-bookstore] [           main] o.s.t.i.TransactionInterceptor           : Getting transaction for [com.nhnacademy.bookstore.member.member.service.impl.MemberServiceImpl.deleteMember]
2024-06-24T10:16:32.990+09:00 TRACE 77710 --- [3runner-bookstore] [           main] o.s.t.i.TransactionInterceptor           : Getting transaction for [org.springframework.data.jpa.repository.support.SimpleJpaRepository.findById]
&amp#27;[35m[Hibernate]&amp#27;[0m 
    &amp#27;[34mselect&amp#27;[0m
        m1_0.id,
        m1_0.age,
        m1_0.birthday,
        m1_0.created_at,
        m1_0.deleted_at,
        m1_0.email,
        m1_0.grade,
        m1_0.last_login_date,
        m1_0.modified_at,
        m1_0.name,
        m1_0.password,
        m1_0.phone,
        m1_0.point,
        m1_0.status 
    &amp#27;[34mfrom&amp#27;[0m
        &amp#27;[32m`member`&amp#27;[0m m1_0 
    &amp#27;[34mwhere&amp#27;[0m
        m1_0.id=?
2024-06-24T10:16:32.990+09:00 TRACE 77710 --- [3runner-bookstore] [           main] org.hibernate.orm.jdbc.bind              : binding parameter (1:BIGINT) <- [361]
2024-06-24T10:16:33.000+09:00 TRACE 77710 --- [3runner-bookstore] [           main] o.s.t.i.TransactionInterceptor           : Completing transaction for [org.springframework.data.jpa.repository.support.SimpleJpaRepository.findById]
2024-06-24T10:16:33.000+09:00 TRACE 77710 --- [3runner-bookstore] [           main] o.s.t.i.TransactionInterceptor           : Getting transaction for [org.springframework.data.jpa.repository.support.SimpleJpaRepository.save]
2024-06-24T10:16:33.000+09:00 TRACE 77710 --- [3runner-bookstore] [           main] o.s.t.i.TransactionInterceptor           : Completing transaction for [org.springframework.data.jpa.repository.support.SimpleJpaRepository.save]
2024-06-24T10:16:33.000+09:00 TRACE 77710 --- [3runner-bookstore] [           main] o.s.t.i.TransactionInterceptor           : Completing transaction for [com.nhnacademy.bookstore.member.member.service.impl.MemberServiceImpl.deleteMember]
&amp#27;[35m[Hibernate]&amp#27;[0m 
    /* &amp#27;[34mupdate&amp#27;[0m
        &amp#27;[34mfor&amp#27;[0m com.nhnacademy.bookstore.entity.&amp#27;[34mmember&amp#27;[0m.&amp#27;[34mMember&amp#27;[0m */&amp#27;[34mupdate&amp#27;[0m &amp#27;[32m`member`&amp#27;[0m 
    &amp#27;[34mset&amp#27;[0m
        age=?,
        birthday=?,
        created_at=?,
        deleted_at=?,
        email=?,
        grade=?,
        last_login_date=?,
        modified_at=?,
        name=?,
        password=?,
        phone=?,
        point=?,
        status=? 
    &amp#27;[34mwhere&amp#27;[0m
        id=?
2024-06-24T10:16:33.001+09:00 TRACE 77710 --- [3runner-bookstore] [           main] org.hibernate.orm.jdbc.bind              : binding parameter (1:INTEGER) <- [1]
2024-06-24T10:16:33.001+09:00 TRACE 77710 --- [3runner-bookstore] [           main] org.hibernate.orm.jdbc.bind              : binding parameter (2:TIMESTAMP_UTC) <- [2024-06-24T01:16:32.564299Z]
2024-06-24T10:16:33.001+09:00 TRACE 77710 --- [3runner-bookstore] [           main] org.hibernate.orm.jdbc.bind              : binding parameter (3:TIMESTAMP_UTC) <- [2024-06-24T01:16:32.564301Z]
2024-06-24T10:16:33.001+09:00 TRACE 77710 --- [3runner-bookstore] [           main] org.hibernate.orm.jdbc.bind              : binding parameter (4:TIMESTAMP_UTC) <- [2024-06-24T10:16:33.000814+09:00[Asia/Seoul]]
2024-06-24T10:16:33.001+09:00 TRACE 77710 --- [3runner-bookstore] [           main] org.hibernate.orm.jdbc.bind              : binding parameter (5:VARCHAR) <- [dfdadf@nav.com]
2024-06-24T10:16:33.001+09:00 TRACE 77710 --- [3runner-bookstore] [           main] org.hibernate.orm.jdbc.bind              : binding parameter (6:TINYINT) <- [General]
2024-06-24T10:16:33.001+09:00 TRACE 77710 --- [3runner-bookstore] [           main] org.hibernate.orm.jdbc.bind              : binding parameter (7:TIMESTAMP_UTC) <- [null]
2024-06-24T10:16:33.001+09:00 TRACE 77710 --- [3runner-bookstore] [           main] org.hibernate.orm.jdbc.bind              : binding parameter (8:TIMESTAMP_UTC) <- [null]
2024-06-24T10:16:33.001+09:00 TRACE 77710 --- [3runner-bookstore] [           main] org.hibernate.orm.jdbc.bind              : binding parameter (9:VARCHAR) <- [1]
2024-06-24T10:16:33.001+09:00 TRACE 77710 --- [3runner-bookstore] [           main] org.hibernate.orm.jdbc.bind              : binding parameter (10:VARCHAR) <- [1]
2024-06-24T10:16:33.001+09:00 TRACE 77710 --- [3runner-bookstore] [           main] org.hibernate.orm.jdbc.bind              : binding parameter (11:VARCHAR) <- [1]
2024-06-24T10:16:33.001+09:00 TRACE 77710 --- [3runner-bookstore] [           main] org.hibernate.orm.jdbc.bind              : binding parameter (12:BIGINT) <- [5000]
2024-06-24T10:16:33.001+09:00 TRACE 77710 --- [3runner-bookstore] [           main] org.hibernate.orm.jdbc.bind              : binding parameter (13:TINYINT) <- [Withdrawn]
2024-06-24T10:16:33.001+09:00 TRACE 77710 --- [3runner-bookstore] [           main] org.hibernate.orm.jdbc.bind              : binding parameter (14:BIGINT) <- [361]
2024-06-24T10:16:33.039+09:00 TRACE 77710 --- [3runner-bookstore] [           main] o.s.t.i.TransactionInterceptor           : Getting transaction for [org.springframework.data.jpa.repository.support.SimpleJpaRepository.delete]
&amp#27;[35m[Hibernate]&amp#27;[0m 
    &amp#27;[34mselect&amp#27;[0m
        p1_0.id,
        p1_0.created_at,
        p1_0.delivery_price,
        m1_0.id,
        m1_0.age,
        m1_0.birthday,
        m1_0.created_at,
        m1_0.deleted_at,
        m1_0.email,
        m1_0.grade,
        m1_0.last_login_date,
        m1_0.modified_at,
        m1_0.name,
        m1_0.password,
        m1_0.phone,
        m1_0.point,
        m1_0.status,
        p1_0.member_type,
        p1_0.order_number,
        p1_0.password,
        pr1_0.id,
        pr1_0.content,
        pr1_0.created_at,
        pr1_0.&amp#27;[32m`member_id`&amp#27;[0m,
        m2_0.id,
        m2_0.age,
        m2_0.birthday,
        m2_0.created_at,
        m2_0.deleted_at,
        m2_0.email,
        m2_0.grade,
        m2_0.last_login_date,
        m2_0.modified_at,
        m2_0.name,
        m2_0.password,
        m2_0.phone,
        m2_0.point,
        m2_0.status,
        pr1_0.member_point,
        pr1_0.remnant_point,
        p1_0.road,
        p1_0.status,
        p1_0.total_price 
    &amp#27;[34mfrom&amp#27;[0m
        purchase p1_0 
    &amp#27;[34mleft&amp#27;[0m &amp#27;[34mjoin&amp#27;[0m
        &amp#27;[32m`member`&amp#27;[0m m1_0 
            &amp#27;[34mon&amp#27;[0m m1_0.id=p1_0.&amp#27;[32m`member_id`&amp#27;[0m 
    &amp#27;[34mleft&amp#27;[0m &amp#27;[34mjoin&amp#27;[0m
        point_record pr1_0 
            &amp#27;[34mon&amp#27;[0m pr1_0.id=p1_0.point_record_id 
    &amp#27;[34mleft&amp#27;[0m &amp#27;[34mjoin&amp#27;[0m
        &amp#27;[32m`member`&amp#27;[0m m2_0 
            &amp#27;[34mon&amp#27;[0m m2_0.id=pr1_0.&amp#27;[32m`member_id`&amp#27;[0m 
    &amp#27;[34mwhere&amp#27;[0m
        p1_0.id=?
2024-06-24T10:16:33.039+09:00 TRACE 77710 --- [3runner-bookstore] [           main] org.hibernate.orm.jdbc.bind              : binding parameter (1:BIGINT) <- [1]
2024-06-24T10:16:33.049+09:00 TRACE 77710 --- [3runner-bookstore] [           main] o.s.t.i.TransactionInterceptor           : Completing transaction for [org.springframework.data.jpa.repository.support.SimpleJpaRepository.delete]
2024-06-24T10:16:33.076+09:00 TRACE 77710 --- [3runner-bookstore] [           main] o.s.t.i.TransactionInterceptor           : Getting transaction for [org.springframework.data.jpa.repository.support.SimpleJpaRepository.delete]
&amp#27;[35m[Hibernate]&amp#27;[0m 
    &amp#27;[34mselect&amp#27;[0m
        p1_0.id,
        p1_0.created_at,
        p1_0.delivery_price,
        m1_0.id,
        m1_0.age,
        m1_0.birthday,
        m1_0.created_at,
        m1_0.deleted_at,
        m1_0.email,
        m1_0.grade,
        m1_0.last_login_date,
        m1_0.modified_at,
        m1_0.name,
        m1_0.password,
        m1_0.phone,
        m1_0.point,
        m1_0.status,
        p1_0.member_type,
        p1_0.order_number,
        p1_0.password,
        pr1_0.id,
        pr1_0.content,
        pr1_0.created_at,
        pr1_0.&amp#27;[32m`member_id`&amp#27;[0m,
        m2_0.id,
        m2_0.age,
        m2_0.birthday,
        m2_0.created_at,
        m2_0.deleted_at,
        m2_0.email,
        m2_0.grade,
        m2_0.last_login_date,
        m2_0.modified_at,
        m2_0.name,
        m2_0.password,
        m2_0.phone,
        m2_0.point,
        m2_0.status,
        pr1_0.member_point,
        pr1_0.remnant_point,
        p1_0.road,
        p1_0.status,
        p1_0.total_price 
    &amp#27;[34mfrom&amp#27;[0m
        purchase p1_0 
    &amp#27;[34mleft&amp#27;[0m &amp#27;[34mjoin&amp#27;[0m
        &amp#27;[32m`member`&amp#27;[0m m1_0 
            &amp#27;[34mon&amp#27;[0m m1_0.id=p1_0.&amp#27;[32m`member_id`&amp#27;[0m 
    &amp#27;[34mleft&amp#27;[0m &amp#27;[34mjoin&amp#27;[0m
        point_record pr1_0 
            &amp#27;[34mon&amp#27;[0m pr1_0.id=p1_0.point_record_id 
    &amp#27;[34mleft&amp#27;[0m &amp#27;[34mjoin&amp#27;[0m
        &amp#27;[32m`member`&amp#27;[0m m2_0 
            &amp#27;[34mon&amp#27;[0m m2_0.id=pr1_0.&amp#27;[32m`member_id`&amp#27;[0m 
    &amp#27;[34mwhere&amp#27;[0m
        p1_0.id=?
2024-06-24T10:16:33.076+09:00 TRACE 77710 --- [3runner-bookstore] [           main] org.hibernate.orm.jdbc.bind              : binding parameter (1:BIGINT) <- [2]
2024-06-24T10:16:33.086+09:00 TRACE 77710 --- [3runner-bookstore] [           main] o.s.t.i.TransactionInterceptor           : Completing transaction for [org.springframework.data.jpa.repository.support.SimpleJpaRepository.delete]
2024-06-24T10:16:33.113+09:00 TRACE 77710 --- [3runner-bookstore] [           main] o.s.t.i.TransactionInterceptor           : Getting transaction for [org.springframework.data.jpa.repository.support.SimpleJpaRepository.delete]
&amp#27;[35m[Hibernate]&amp#27;[0m 
    &amp#27;[34mselect&amp#27;[0m
        p1_0.id,
        p1_0.created_at,
        p1_0.delivery_price,
        m1_0.id,
        m1_0.age,
        m1_0.birthday,
        m1_0.created_at,
        m1_0.deleted_at,
        m1_0.email,
        m1_0.grade,
        m1_0.last_login_date,
        m1_0.modified_at,
        m1_0.name,
        m1_0.password,
        m1_0.phone,
        m1_0.point,
        m1_0.status,
        p1_0.member_type,
        p1_0.order_number,
        p1_0.password,
        pr1_0.id,
        pr1_0.content,
        pr1_0.created_at,
        pr1_0.&amp#27;[32m`member_id`&amp#27;[0m,
        m2_0.id,
        m2_0.age,
        m2_0.birthday,
        m2_0.created_at,
        m2_0.deleted_at,
        m2_0.email,
        m2_0.grade,
        m2_0.last_login_date,
        m2_0.modified_at,
        m2_0.name,
        m2_0.password,
        m2_0.phone,
        m2_0.point,
        m2_0.status,
        pr1_0.member_point,
        pr1_0.remnant_point,
        p1_0.road,
        p1_0.status,
        p1_0.total_price 
    &amp#27;[34mfrom&amp#27;[0m
        purchase p1_0 
    &amp#27;[34mleft&amp#27;[0m &amp#27;[34mjoin&amp#27;[0m
        &amp#27;[32m`member`&amp#27;[0m m1_0 
            &amp#27;[34mon&amp#27;[0m m1_0.id=p1_0.&amp#27;[32m`member_id`&amp#27;[0m 
    &amp#27;[34mleft&amp#27;[0m &amp#27;[34mjoin&amp#27;[0m
        point_record pr1_0 
            &amp#27;[34mon&amp#27;[0m pr1_0.id=p1_0.point_record_id 
    &amp#27;[34mleft&amp#27;[0m &amp#27;[34mjoin&amp#27;[0m
        &amp#27;[32m`member`&amp#27;[0m m2_0 
            &amp#27;[34mon&amp#27;[0m m2_0.id=pr1_0.&amp#27;[32m`member_id`&amp#27;[0m 
    &amp#27;[34mwhere&amp#27;[0m
        p1_0.id=?
2024-06-24T10:16:33.113+09:00 TRACE 77710 --- [3runner-bookstore] [           main] org.hibernate.orm.jdbc.bind              : binding parameter (1:BIGINT) <- [3]
2024-06-24T10:16:33.123+09:00 TRACE 77710 --- [3runner-bookstore] [           main] o.s.t.i.TransactionInterceptor           : Completing transaction for [org.springframework.data.jpa.repository.support.SimpleJpaRepository.delete]
2024-06-24T10:16:33.150+09:00 TRACE 77710 --- [3runner-bookstore] [           main] o.s.t.i.TransactionInterceptor           : Getting transaction for [org.springframework.data.jpa.repository.support.SimpleJpaRepository.delete]
&amp#27;[35m[Hibernate]&amp#27;[0m 
    &amp#27;[34mselect&amp#27;[0m
        p1_0.id,
        p1_0.created_at,
        p1_0.delivery_price,
        m1_0.id,
        m1_0.age,
        m1_0.birthday,
        m1_0.created_at,
        m1_0.deleted_at,
        m1_0.email,
        m1_0.grade,
        m1_0.last_login_date,
        m1_0.modified_at,
        m1_0.name,
        m1_0.password,
        m1_0.phone,
        m1_0.point,
        m1_0.status,
        p1_0.member_type,
        p1_0.order_number,
        p1_0.password,
        pr1_0.id,
        pr1_0.content,
        pr1_0.created_at,
        pr1_0.&amp#27;[32m`member_id`&amp#27;[0m,
        m2_0.id,
        m2_0.age,
        m2_0.birthday,
        m2_0.created_at,
        m2_0.deleted_at,
        m2_0.email,
        m2_0.grade,
        m2_0.last_login_date,
        m2_0.modified_at,
        m2_0.name,
        m2_0.password,
        m2_0.phone,
        m2_0.point,
        m2_0.status,
        pr1_0.member_point,
        pr1_0.remnant_point,
        p1_0.road,
        p1_0.status,
        p1_0.total_price 
    &amp#27;[34mfrom&amp#27;[0m
        purchase p1_0 
    &amp#27;[34mleft&amp#27;[0m &amp#27;[34mjoin&amp#27;[0m
        &amp#27;[32m`member`&amp#27;[0m m1_0 
            &amp#27;[34mon&amp#27;[0m m1_0.id=p1_0.&amp#27;[32m`member_id`&amp#27;[0m 
    &amp#27;[34mleft&amp#27;[0m &amp#27;[34mjoin&amp#27;[0m
        point_record pr1_0 
            &amp#27;[34mon&amp#27;[0m pr1_0.id=p1_0.point_record_id 
    &amp#27;[34mleft&amp#27;[0m &amp#27;[34mjoin&amp#27;[0m
        &amp#27;[32m`member`&amp#27;[0m m2_0 
            &amp#27;[34mon&amp#27;[0m m2_0.id=pr1_0.&amp#27;[32m`member_id`&amp#27;[0m 
    &amp#27;[34mwhere&amp#27;[0m
        p1_0.id=?
2024-06-24T10:16:33.150+09:00 TRACE 77710 --- [3runner-bookstore] [           main] org.hibernate.orm.jdbc.bind              : binding parameter (1:BIGINT) <- [4]
2024-06-24T10:16:33.159+09:00 TRACE 77710 --- [3runner-bookstore] [           main] o.s.t.i.TransactionInterceptor           : Completing transaction for [org.springframework.data.jpa.repository.support.SimpleJpaRepository.delete]
]]></system-out>
  </testcase>
</testsuite>